📌 Logging to experiments/exp_v2.1.0/simulations/sim_01/iter_1180/logs/slurm_log.out
🔁 Running Iteration 1180 of Simulation sim_01 in Experiment exp_v2.1.0 (multinomial_logistic_regression / shared_effect) with 64 cores...
[INFO] True parameters already exist — skipping generation.
Generating data...
[INFO] Loading theta_0 from: /gpfs/home/tbr0780/ILForge/experiments/exp_v2.1.0/true_params/theta_0.rds
[INFO] Generating new data for iteration: iter_1180
✅ Balanced dataset generated on try 1
[✓] Saved config snapshot to: /gpfs/home/tbr0780/ILForge/experiments/exp_v2.1.0/simulations/sim_01/iter_1180/config_snapshot.yml
Executing iteration...
🔍 Running integrated likelihood...
✅ Integrated likelihood complete (0.40 min)
📈 Running profile likelihood...
✅ Profile likelihood complete (0.23 min)
⏱️  Total experiment time: 0.65 minutes
✓ Experiment results saved to /experiments/exp_v2.1.0/simulations/sim_01/iter_1180/results
✓ Iteration completed
✅ SLURM iteration complete: iter_1180
===== FINAL DIAGNOSTICS for Job 9902873 =====
Job ID: 9902873
Array Job ID: 9900632_1179
Cluster: quest
User/Group: tbr0780/tbr0780
State: RUNNING
Nodes: 1
Cores per node: 64
CPU Utilized: 00:00:00
CPU Efficiency: 0.00% of 02:17:36 core-walltime
Job Wall-clock time: 00:02:09
Memory Utilized: 0.00 MB (estimated maximum)
Memory Efficiency: 0.00% of 31.25 GB (500.00 MB/core)
WARNING: Efficiency statistics may be misleading for RUNNING jobs.
--------------------------------------------------------------------------------
JOB INFORMATION 
--------------------------------------------------------------------------------
JobId=9902873 ArrayJobId=9900632 ArrayTaskId=1179 JobName=experiment_sim
   UserId=tbr0780(3229) GroupId=tbr0780(4023) MCS_label=N/A
   Priority=20165 Nice=0 Account=p32397 QOS=normal
   JobState=RUNNING Reason=None Dependency=(null)
   Requeue=0 Restarts=0 BatchFlag=1 Reboot=0 ExitCode=0:0
   RunTime=00:02:09 TimeLimit=02:00:00 TimeMin=N/A
   SubmitTime=2025-07-25T19:18:16 EligibleTime=2025-07-25T19:18:19
   AccrueTime=2025-07-25T19:18:19
   StartTime=2025-07-25T19:57:18 EndTime=2025-07-25T21:57:18 Deadline=N/A
   SuspendTime=None SecsPreSuspend=0 LastSchedEval=2025-07-25T19:57:18 Scheduler=Main
   Partition=short AllocNode:Sid=quser32:3020972
   ReqNodeList=(null) ExcNodeList=(null)
   NodeList=qnode3052
   BatchHost=qnode3052
   NumNodes=1 NumCPUs=64 NumTasks=64 CPUs/Task=1 ReqB:S:C:T=0:0:*:*
   ReqTRES=cpu=64,mem=32000M,node=1,billing=288
   AllocTRES=cpu=64,mem=32000M,node=1,billing=288
   Socks/Node=* NtasksPerN:B:S:C=64:0:*:* CoreSpec=*
   MinCPUsNode=64 MinMemoryCPU=500M MinTmpDiskNode=0
   Features=[quest10|quest11|quest12|quest13] DelayBoot=00:00:00
   OverSubscribe=OK Contiguous=0 Licenses=(null) Network=(null)
   Command=/gpfs/home/tbr0780/ILForge/common/bash/launch_experiment.sh
   WorkDir=/gpfs/home/tbr0780/ILForge
   StdErr=/dev/null
   StdIn=/dev/null
   StdOut=/dev/null
   MailUser=timothyruel2024@u.northwestern.edu MailType=INVALID_DEPEND,BEGIN,END,FAIL,REQUEUE,STAGE_OUT
   
--------------------------------------------------------------------------------
JOB EFFICIENCY 
--------------------------------------------------------------------------------
Job efficiency will be calculated after the job has completed.
JobID                     JobName    Elapsed     MaxRSS     ReqMem  AllocCPUS      State 
------------ -------------------- ---------- ---------- ---------- ---------- ---------- 
9900632_1179       experiment_sim   00:02:09                32000M         64    RUNNING 
9900632_117+                batch   00:02:09                               64    RUNNING 
9900632_117+               extern   00:02:09                               64    RUNNING 
              total        used        free      shared  buff/cache   available
Mem:          503Gi        44Gi       447Gi       9.2Gi        11Gi       444Gi
Swap:          31Gi       835Mi        31Gi
 19:59:27 up 124 days, 23:13,  0 users,  load average: 26.73, 20.29, 22.60
top - 19:59:27 up 124 days, 23:13,  0 users,  load average: 26.73, 20.29, 22.60
Tasks: 1318 total,  65 running, 1253 sleeping,   0 stopped,   0 zombie
%Cpu(s): 49.7 us,  0.3 sy,  0.0 ni, 49.8 id,  0.0 wa,  0.3 hi,  0.0 si,  0.0 st
MiB Mem : 515584.8 total, 457843.9 free,  45984.7 used,  11756.1 buff/cache
MiB Swap:  32768.0 total,  31933.0 free,    835.0 used. 455007.2 avail Mem 

    PID USER      PR  NI    VIRT    RES    SHR S  %CPU  %MEM     TIME+ COMMAND
2249543 tbr0780   20   0  641664 345668  13372 R 100.0   0.1   0:08.41 R
2249560 tbr0780   20   0  663828 367824  13372 R 100.0   0.1   0:08.25 R
2249566 tbr0780   20   0  659224 363340  13372 R 100.0   0.1   0:08.17 R
2249568 tbr0780   20   0  656596 360712  13372 R 100.0   0.1   0:08.15 R
2249577 tbr0780   20   0  663616 367708  13372 R 100.0   0.1   0:08.05 R
2249578 tbr0780   20   0  663736 367732  13372 R 100.0   0.1   0:08.04 R
2249579 tbr0780   20   0  663740 367748  13372 R 100.0   0.1   0:08.03 R
2249581 tbr0780   20   0  663740 367780  13372 R 100.0   0.1   0:08.01 R
2249584 tbr0780   20   0  663756 367836  13372 R 100.0   0.1   0:07.97 R
2249586 tbr0780   20   0  663872 367876  13372 R 100.0   0.1   0:07.95 R
2249587 tbr0780   20   0  663888 367880  13372 R 100.0   0.1   0:07.94 R
2249589 tbr0780   20   0  663884 367948  13372 R 100.0   0.1   0:07.92 R
2249591 tbr0780   20   0  664016 368008  13372 R 100.0   0.1   0:07.89 R
2249592 tbr0780   20   0  664008 368036  13372 R 100.0   0.1   0:07.88 R
2249593 tbr0780   20   0  664020 368076  13372 R 100.0   0.1   0:07.87 R
2249595 tbr0780   20   0  664140 368140  13372 R 100.0   0.1   0:07.84 R
2249536 tbr0780   20   0  631780 335852  13372 R  94.1   0.1   0:08.47 R
2249537 tbr0780   20   0  634116 338212  13372 R  94.1   0.1   0:08.45 R
2249538 tbr0780   20   0  635400 339428  13372 R  94.1   0.1   0:08.45 R
2249539 tbr0780   20   0  636632 340636  13372 R  94.1   0.1   0:08.44 R
2249540 tbr0780   20   0  637812 341888  13372 R  94.1   0.1   0:08.43 R
2249541 tbr0780   20   0  639124 343128  13372 R  94.1   0.1   0:08.41 R
2249542 tbr0780   20   0  640352 344384  13372 R  94.1   0.1   0:08.42 R
2249544 tbr0780   20   0  642860 346936  13372 R  94.1   0.1   0:08.39 R
2249545 tbr0780   20   0  644092 348208  13372 R  94.1   0.1   0:08.39 R
2249546 tbr0780   20   0  645468 349488  13372 R  94.1   0.1   0:08.37 R
2249547 tbr0780   20   0  646712 350784  13372 R  94.1   0.1   0:08.37 R
2249548 tbr0780   20   0  648052 352092  13372 R  94.1   0.1   0:08.36 R
2249549 tbr0780   20   0  649276 353388  13372 R  94.1   0.1   0:08.34 R
2249550 tbr0780   20   0  650672 354700  13372 R  94.1   0.1   0:08.34 R
2249551 tbr0780   20   0  651928 356016  13372 R  94.1   0.1   0:08.33 R
2249552 tbr0780   20   0  653252 357344  13372 R  94.1   0.1   0:08.32 R
2249553 tbr0780   20   0  654680 358668  13372 R  94.1   0.1   0:08.31 R
===== BACKGROUND CHECKJOB MONITOR LOG =====
===== checkjob (interval) at Fri Jul 25 19:58:36 CDT 2025 =====
--------------------------------------------------------------------------------
JOB INFORMATION 
--------------------------------------------------------------------------------
JobId=9902873 ArrayJobId=9900632 ArrayTaskId=1179 JobName=experiment_sim
   UserId=tbr0780(3229) GroupId=tbr0780(4023) MCS_label=N/A
   Priority=20165 Nice=0 Account=p32397 QOS=normal
   JobState=RUNNING Reason=None Dependency=(null)
   Requeue=0 Restarts=0 BatchFlag=1 Reboot=0 ExitCode=0:0
   RunTime=00:01:18 TimeLimit=02:00:00 TimeMin=N/A
   SubmitTime=2025-07-25T19:18:16 EligibleTime=2025-07-25T19:18:19
   AccrueTime=2025-07-25T19:18:19
   StartTime=2025-07-25T19:57:18 EndTime=2025-07-25T21:57:18 Deadline=N/A
   SuspendTime=None SecsPreSuspend=0 LastSchedEval=2025-07-25T19:57:18 Scheduler=Main
   Partition=short AllocNode:Sid=quser32:3020972
   ReqNodeList=(null) ExcNodeList=(null)
   NodeList=qnode3052
   BatchHost=qnode3052
   NumNodes=1 NumCPUs=64 NumTasks=64 CPUs/Task=1 ReqB:S:C:T=0:0:*:*
   ReqTRES=cpu=64,mem=32000M,node=1,billing=288
   AllocTRES=cpu=64,mem=32000M,node=1,billing=288
   Socks/Node=* NtasksPerN:B:S:C=64:0:*:* CoreSpec=*
   MinCPUsNode=64 MinMemoryCPU=500M MinTmpDiskNode=0
   Features=[quest10|quest11|quest12|quest13] DelayBoot=00:00:00
   OverSubscribe=OK Contiguous=0 Licenses=(null) Network=(null)
   Command=/gpfs/home/tbr0780/ILForge/common/bash/launch_experiment.sh
   WorkDir=/gpfs/home/tbr0780/ILForge
   StdErr=/dev/null
   StdIn=/dev/null
   StdOut=/dev/null
   MailUser=timothyruel2024@u.northwestern.edu MailType=INVALID_DEPEND,BEGIN,END,FAIL,REQUEUE,STAGE_OUT
   
--------------------------------------------------------------------------------
JOB EFFICIENCY 
--------------------------------------------------------------------------------
Job efficiency will be calculated after the job has completed.
===== checkjob (interval) at Fri Jul 25 19:59:08 CDT 2025 =====
--------------------------------------------------------------------------------
JOB INFORMATION 
--------------------------------------------------------------------------------
JobId=9902873 ArrayJobId=9900632 ArrayTaskId=1179 JobName=experiment_sim
   UserId=tbr0780(3229) GroupId=tbr0780(4023) MCS_label=N/A
   Priority=20165 Nice=0 Account=p32397 QOS=normal
   JobState=RUNNING Reason=None Dependency=(null)
   Requeue=0 Restarts=0 BatchFlag=1 Reboot=0 ExitCode=0:0
   RunTime=00:01:50 TimeLimit=02:00:00 TimeMin=N/A
   SubmitTime=2025-07-25T19:18:16 EligibleTime=2025-07-25T19:18:19
   AccrueTime=2025-07-25T19:18:19
   StartTime=2025-07-25T19:57:18 EndTime=2025-07-25T21:57:18 Deadline=N/A
   SuspendTime=None SecsPreSuspend=0 LastSchedEval=2025-07-25T19:57:18 Scheduler=Main
   Partition=short AllocNode:Sid=quser32:3020972
   ReqNodeList=(null) ExcNodeList=(null)
   NodeList=qnode3052
   BatchHost=qnode3052
   NumNodes=1 NumCPUs=64 NumTasks=64 CPUs/Task=1 ReqB:S:C:T=0:0:*:*
   ReqTRES=cpu=64,mem=32000M,node=1,billing=288
   AllocTRES=cpu=64,mem=32000M,node=1,billing=288
   Socks/Node=* NtasksPerN:B:S:C=64:0:*:* CoreSpec=*
   MinCPUsNode=64 MinMemoryCPU=500M MinTmpDiskNode=0
   Features=[quest10|quest11|quest12|quest13] DelayBoot=00:00:00
   OverSubscribe=OK Contiguous=0 Licenses=(null) Network=(null)
   Command=/gpfs/home/tbr0780/ILForge/common/bash/launch_experiment.sh
   WorkDir=/gpfs/home/tbr0780/ILForge
   StdErr=/dev/null
   StdIn=/dev/null
   StdOut=/dev/null
   MailUser=timothyruel2024@u.northwestern.edu MailType=INVALID_DEPEND,BEGIN,END,FAIL,REQUEUE,STAGE_OUT
   
--------------------------------------------------------------------------------
JOB EFFICIENCY 
--------------------------------------------------------------------------------
Job efficiency will be calculated after the job has completed.
