📌 Logging to experiments/exp_v2.1.0/simulations/sim_01/iter_0208/logs/slurm_log.out
🔁 Running Iteration 208 of Simulation sim_01 in Experiment exp_v2.1.0 (multinomial_logistic_regression / shared_effect) with 64 cores...
[INFO] True parameters already exist — skipping generation.
Generating data...
[INFO] Loading theta_0 from: /gpfs/home/tbr0780/ILForge/experiments/exp_v2.1.0/true_params/theta_0.rds
[INFO] Generating new data for iteration: iter_0208
✅ Balanced dataset generated on try 1
[✓] Saved config snapshot to: /gpfs/home/tbr0780/ILForge/experiments/exp_v2.1.0/simulations/sim_01/iter_0208/config_snapshot.yml
Executing iteration...
🔍 Running integrated likelihood...
✅ Integrated likelihood complete (0.39 min)
📈 Running profile likelihood...
✅ Profile likelihood complete (0.23 min)
⏱️  Total experiment time: 0.64 minutes
✓ Experiment results saved to /experiments/exp_v2.1.0/simulations/sim_01/iter_0208/results
✓ Iteration completed
✅ SLURM iteration complete: iter_0208
===== FINAL DIAGNOSTICS for Job 9901262 =====
Job ID: 9901262
Array Job ID: 9900632_207
Cluster: quest
User/Group: tbr0780/tbr0780
State: RUNNING
Nodes: 1
Cores per node: 64
CPU Utilized: 00:00:00
CPU Efficiency: 0.00% of 02:24:00 core-walltime
Job Wall-clock time: 00:02:15
Memory Utilized: 0.00 MB (estimated maximum)
Memory Efficiency: 0.00% of 31.25 GB (500.00 MB/core)
WARNING: Efficiency statistics may be misleading for RUNNING jobs.
--------------------------------------------------------------------------------
JOB INFORMATION 
--------------------------------------------------------------------------------
JobId=9901262 ArrayJobId=9900632 ArrayTaskId=207 JobName=experiment_sim
   UserId=tbr0780(3229) GroupId=tbr0780(4023) MCS_label=N/A
   Priority=20130 Nice=0 Account=p32397 QOS=normal
   JobState=RUNNING Reason=None Dependency=(null)
   Requeue=0 Restarts=0 BatchFlag=1 Reboot=0 ExitCode=0:0
   RunTime=00:02:15 TimeLimit=02:00:00 TimeMin=N/A
   SubmitTime=2025-07-25T19:18:16 EligibleTime=2025-07-25T19:18:19
   AccrueTime=2025-07-25T19:18:19
   StartTime=2025-07-25T19:27:07 EndTime=2025-07-25T21:27:07 Deadline=N/A
   SuspendTime=None SecsPreSuspend=0 LastSchedEval=2025-07-25T19:27:07 Scheduler=Main
   Partition=short AllocNode:Sid=quser32:3020972
   ReqNodeList=(null) ExcNodeList=(null)
   NodeList=qnode3055
   BatchHost=qnode3055
   NumNodes=1 NumCPUs=64 NumTasks=64 CPUs/Task=1 ReqB:S:C:T=0:0:*:*
   ReqTRES=cpu=64,mem=32000M,node=1,billing=288
   AllocTRES=cpu=64,mem=32000M,node=1,billing=288
   Socks/Node=* NtasksPerN:B:S:C=64:0:*:* CoreSpec=*
   MinCPUsNode=64 MinMemoryCPU=500M MinTmpDiskNode=0
   Features=[quest10|quest11|quest12|quest13] DelayBoot=00:00:00
   OverSubscribe=OK Contiguous=0 Licenses=(null) Network=(null)
   Command=/gpfs/home/tbr0780/ILForge/common/bash/launch_experiment.sh
   WorkDir=/gpfs/home/tbr0780/ILForge
   StdErr=/dev/null
   StdIn=/dev/null
   StdOut=/dev/null
   MailUser=timothyruel2024@u.northwestern.edu MailType=INVALID_DEPEND,BEGIN,END,FAIL,REQUEUE,STAGE_OUT
   
--------------------------------------------------------------------------------
JOB EFFICIENCY 
--------------------------------------------------------------------------------
Job efficiency will be calculated after the job has completed.
JobID                     JobName    Elapsed     MaxRSS     ReqMem  AllocCPUS      State 
------------ -------------------- ---------- ---------- ---------- ---------- ---------- 
9900632_207        experiment_sim   00:02:16                32000M         64    RUNNING 
9900632_207+                batch   00:02:16                               64    RUNNING 
9900632_207+               extern   00:02:16                               64    RUNNING 
              total        used        free      shared  buff/cache   available
Mem:          503Gi        31Gi       466Gi       4.0Gi       5.3Gi       463Gi
Swap:          31Gi       3.6Gi        28Gi
 19:29:23 up 124 days, 22:43,  0 users,  load average: 19.70, 29.00, 48.64
top - 19:29:23 up 124 days, 22:43,  0 users,  load average: 19.70, 29.00, 48.64
Tasks: 1336 total,  65 running, 1271 sleeping,   0 stopped,   0 zombie
%Cpu(s): 47.6 us,  2.3 sy,  0.0 ni, 49.9 id,  0.0 wa,  0.2 hi,  0.0 si,  0.0 st
MiB Mem : 515584.8 total, 477170.8 free,  33001.4 used,   5412.6 buff/cache
MiB Swap:  32768.0 total,  29070.6 free,   3697.4 used. 473834.4 avail Mem 

    PID USER      PR  NI    VIRT    RES    SHR S  %CPU  %MEM     TIME+ COMMAND
 875070 tbr0780   20   0  633880 337808  13220 R 100.0   0.1   0:01.08 R
 875071 tbr0780   20   0  635116 339056  13240 R 100.0   0.1   0:01.08 R
 875074 tbr0780   20   0  637616 341508  13240 R 100.0   0.1   0:01.08 R
 875075 tbr0780   20   0  638844 342756  13240 R 100.0   0.1   0:01.07 R
 875077 tbr0780   20   0  641336 345260  13240 R 100.0   0.1   0:01.05 R
 875081 tbr0780   20   0  643864 347764  13240 R 100.0   0.1   0:01.04 R
 875090 tbr0780   20   0  651704 355584  13240 R 100.0   0.1   0:00.98 R
 875091 tbr0780   20   0  652972 356908  13240 R 100.0   0.1   0:00.97 R
 875092 tbr0780   20   0  654252 358224  13240 R 100.0   0.1   0:00.96 R
 875101 tbr0780   20   0  663744 367704  13236 R 100.0   0.1   0:00.88 R
 875107 tbr0780   20   0  663628 367500  13236 R 100.0   0.1   0:00.81 R
 875111 tbr0780   20   0  663640 367460  13236 R 100.0   0.1   0:00.77 R
 875114 tbr0780   20   0  663632 367440  13236 R 100.0   0.1   0:00.75 R
 875120 tbr0780   20   0  663628 367548  13240 R 100.0   0.1   0:00.70 R
 875134 tbr0780   20   0  663756 367640  13236 R 100.0   0.1   0:00.61 R
 875135 tbr0780   20   0  663780 367716  13240 R 100.0   0.1   0:00.59 R
 875140 tbr0780   20   0  663904 367696  13236 R 100.0   0.1   0:00.57 R
 875147 tbr0780   20   0  664032 367876  13240 R 100.0   0.1   0:00.52 R
 875069 tbr0780   20   0  631548 335508  13240 R 100.0   0.1   0:01.08 R
 875072 tbr0780   20   0  636356 340252  13212 R 100.0   0.1   0:01.08 R
 875076 tbr0780   20   0  640020 343988  13240 R 100.0   0.1   0:01.06 R
 875080 tbr0780   20   0  642624 346488  13240 R 100.0   0.1   0:01.04 R
 875082 tbr0780   20   0  645152 349044  13240 R 100.0   0.1   0:01.02 R
 875083 tbr0780   20   0  646420 350340  13240 R 100.0   0.1   0:01.01 R
 875084 tbr0780   20   0  647676 351652  13240 R 100.0   0.1   0:01.00 R
 875085 tbr0780   20   0  649008 352940  13240 R 100.0   0.1   0:00.99 R
 875086 tbr0780   20   0  650284 354260  13240 R 100.0   0.1   0:00.98 R
 875093 tbr0780   20   0  655672 359560  13240 R 100.0   0.1   0:00.95 R
 875095 tbr0780   20   0  658312 362244  13240 R 100.0   0.1   0:00.93 R
 875096 tbr0780   20   0  659660 363596  13240 R 100.0   0.1   0:00.92 R
 875097 tbr0780   20   0  661092 364964  13240 R 100.0   0.1   0:00.91 R
 875099 tbr0780   20   0  662428 366296  13240 R 100.0   0.1   0:00.90 R
 875100 tbr0780   20   0  663728 367664  13240 R 100.0   0.1   0:00.89 R
===== BACKGROUND CHECKJOB MONITOR LOG =====
===== checkjob (interval) at Fri Jul 25 19:28:33 CDT 2025 =====
--------------------------------------------------------------------------------
JOB INFORMATION 
--------------------------------------------------------------------------------
JobId=9901262 ArrayJobId=9900632 ArrayTaskId=207 JobName=experiment_sim
   UserId=tbr0780(3229) GroupId=tbr0780(4023) MCS_label=N/A
   Priority=20130 Nice=0 Account=p32397 QOS=normal
   JobState=RUNNING Reason=None Dependency=(null)
   Requeue=0 Restarts=0 BatchFlag=1 Reboot=0 ExitCode=0:0
   RunTime=00:01:26 TimeLimit=02:00:00 TimeMin=N/A
   SubmitTime=2025-07-25T19:18:16 EligibleTime=2025-07-25T19:18:19
   AccrueTime=2025-07-25T19:18:19
   StartTime=2025-07-25T19:27:07 EndTime=2025-07-25T21:27:07 Deadline=N/A
   SuspendTime=None SecsPreSuspend=0 LastSchedEval=2025-07-25T19:27:07 Scheduler=Main
   Partition=short AllocNode:Sid=quser32:3020972
   ReqNodeList=(null) ExcNodeList=(null)
   NodeList=qnode3055
   BatchHost=qnode3055
   NumNodes=1 NumCPUs=64 NumTasks=64 CPUs/Task=1 ReqB:S:C:T=0:0:*:*
   ReqTRES=cpu=64,mem=32000M,node=1,billing=288
   AllocTRES=cpu=64,mem=32000M,node=1,billing=288
   Socks/Node=* NtasksPerN:B:S:C=64:0:*:* CoreSpec=*
   MinCPUsNode=64 MinMemoryCPU=500M MinTmpDiskNode=0
   Features=[quest10|quest11|quest12|quest13] DelayBoot=00:00:00
   OverSubscribe=OK Contiguous=0 Licenses=(null) Network=(null)
   Command=/gpfs/home/tbr0780/ILForge/common/bash/launch_experiment.sh
   WorkDir=/gpfs/home/tbr0780/ILForge
   StdErr=/dev/null
   StdIn=/dev/null
   StdOut=/dev/null
   MailUser=timothyruel2024@u.northwestern.edu MailType=INVALID_DEPEND,BEGIN,END,FAIL,REQUEUE,STAGE_OUT
   
--------------------------------------------------------------------------------
JOB EFFICIENCY 
--------------------------------------------------------------------------------
Job efficiency will be calculated after the job has completed.
===== checkjob (interval) at Fri Jul 25 19:29:03 CDT 2025 =====
--------------------------------------------------------------------------------
JOB INFORMATION 
--------------------------------------------------------------------------------
JobId=9901262 ArrayJobId=9900632 ArrayTaskId=207 JobName=experiment_sim
   UserId=tbr0780(3229) GroupId=tbr0780(4023) MCS_label=N/A
   Priority=20130 Nice=0 Account=p32397 QOS=normal
   JobState=RUNNING Reason=None Dependency=(null)
   Requeue=0 Restarts=0 BatchFlag=1 Reboot=0 ExitCode=0:0
   RunTime=00:01:57 TimeLimit=02:00:00 TimeMin=N/A
   SubmitTime=2025-07-25T19:18:16 EligibleTime=2025-07-25T19:18:19
   AccrueTime=2025-07-25T19:18:19
   StartTime=2025-07-25T19:27:07 EndTime=2025-07-25T21:27:07 Deadline=N/A
   SuspendTime=None SecsPreSuspend=0 LastSchedEval=2025-07-25T19:27:07 Scheduler=Main
   Partition=short AllocNode:Sid=quser32:3020972
   ReqNodeList=(null) ExcNodeList=(null)
   NodeList=qnode3055
   BatchHost=qnode3055
   NumNodes=1 NumCPUs=64 NumTasks=64 CPUs/Task=1 ReqB:S:C:T=0:0:*:*
   ReqTRES=cpu=64,mem=32000M,node=1,billing=288
   AllocTRES=cpu=64,mem=32000M,node=1,billing=288
   Socks/Node=* NtasksPerN:B:S:C=64:0:*:* CoreSpec=*
   MinCPUsNode=64 MinMemoryCPU=500M MinTmpDiskNode=0
   Features=[quest10|quest11|quest12|quest13] DelayBoot=00:00:00
   OverSubscribe=OK Contiguous=0 Licenses=(null) Network=(null)
   Command=/gpfs/home/tbr0780/ILForge/common/bash/launch_experiment.sh
   WorkDir=/gpfs/home/tbr0780/ILForge
   StdErr=/dev/null
   StdIn=/dev/null
   StdOut=/dev/null
   MailUser=timothyruel2024@u.northwestern.edu MailType=INVALID_DEPEND,BEGIN,END,FAIL,REQUEUE,STAGE_OUT
   
--------------------------------------------------------------------------------
JOB EFFICIENCY 
--------------------------------------------------------------------------------
Job efficiency will be calculated after the job has completed.
