📌 Logging to experiments/exp_v2.1.0/simulations/sim_01/iter_1953/logs/slurm_log.out
🔁 Running Iteration 1953 of Simulation sim_01 in Experiment exp_v2.1.0 (multinomial_logistic_regression / shared_effect) with 64 cores...
[INFO] True parameters already exist — skipping generation.
Generating data...
[INFO] Loading theta_0 from: /gpfs/home/tbr0780/ILForge/experiments/exp_v2.1.0/true_params/theta_0.rds
[INFO] Generating new data for iteration: iter_1953
✅ Balanced dataset generated on try 1
[✓] Saved config snapshot to: /gpfs/home/tbr0780/ILForge/experiments/exp_v2.1.0/simulations/sim_01/iter_1953/config_snapshot.yml
Executing iteration...
🔍 Running integrated likelihood...
✅ Integrated likelihood complete (0.62 min)
📈 Running profile likelihood...
✅ Profile likelihood complete (0.37 min)
⏱️  Total experiment time: 1.01 minutes
✓ Experiment results saved to /experiments/exp_v2.1.0/simulations/sim_01/iter_1953/results
✓ Iteration completed
✅ SLURM iteration complete: iter_1953
===== FINAL DIAGNOSTICS for Job 9904249 =====
Job ID: 9904249
Array Job ID: 9900632_1952
Cluster: quest
User/Group: tbr0780/tbr0780
State: RUNNING
Nodes: 1
Cores per node: 64
CPU Utilized: 00:00:00
CPU Efficiency: 0.00% of 02:16:32 core-walltime
Job Wall-clock time: 00:02:08
Memory Utilized: 0.00 MB (estimated maximum)
Memory Efficiency: 0.00% of 31.25 GB (500.00 MB/core)
WARNING: Efficiency statistics may be misleading for RUNNING jobs.
--------------------------------------------------------------------------------
JOB INFORMATION 
--------------------------------------------------------------------------------
JobId=9904249 ArrayJobId=9900632 ArrayTaskId=1952 JobName=experiment_sim
   UserId=tbr0780(3229) GroupId=tbr0780(4023) MCS_label=N/A
   Priority=20185 Nice=0 Account=p32397 QOS=normal
   JobState=RUNNING Reason=None Dependency=(null)
   Requeue=0 Restarts=0 BatchFlag=1 Reboot=0 ExitCode=0:0
   RunTime=00:02:08 TimeLimit=02:00:00 TimeMin=N/A
   SubmitTime=2025-07-25T19:18:16 EligibleTime=2025-07-25T19:18:19
   AccrueTime=2025-07-25T19:18:19
   StartTime=2025-07-25T20:18:32 EndTime=2025-07-25T22:18:32 Deadline=N/A
   SuspendTime=None SecsPreSuspend=0 LastSchedEval=2025-07-25T20:18:32 Scheduler=Main
   Partition=short AllocNode:Sid=quser32:3020972
   ReqNodeList=(null) ExcNodeList=(null)
   NodeList=qnode3014
   BatchHost=qnode3014
   NumNodes=1 NumCPUs=64 NumTasks=64 CPUs/Task=1 ReqB:S:C:T=0:0:*:*
   ReqTRES=cpu=64,mem=32000M,node=1,billing=288
   AllocTRES=cpu=64,mem=32000M,node=1,billing=288
   Socks/Node=* NtasksPerN:B:S:C=64:0:*:* CoreSpec=*
   MinCPUsNode=64 MinMemoryCPU=500M MinTmpDiskNode=0
   Features=[quest10|quest11|quest12|quest13] DelayBoot=00:00:00
   OverSubscribe=OK Contiguous=0 Licenses=(null) Network=(null)
   Command=/gpfs/home/tbr0780/ILForge/common/bash/launch_experiment.sh
   WorkDir=/gpfs/home/tbr0780/ILForge
   StdErr=/dev/null
   StdIn=/dev/null
   StdOut=/dev/null
   MailUser=timothyruel2024@u.northwestern.edu MailType=INVALID_DEPEND,BEGIN,END,FAIL,REQUEUE,STAGE_OUT
   
--------------------------------------------------------------------------------
JOB EFFICIENCY 
--------------------------------------------------------------------------------
Job efficiency will be calculated after the job has completed.
JobID                     JobName    Elapsed     MaxRSS     ReqMem  AllocCPUS      State 
------------ -------------------- ---------- ---------- ---------- ---------- ---------- 
9900632_1952       experiment_sim   00:02:08                32000M         64    RUNNING 
9900632_195+                batch   00:02:08                               64    RUNNING 
9900632_195+               extern   00:02:08                               64    RUNNING 
              total        used        free      shared  buff/cache   available
Mem:          503Gi        36Gi       264Gi       4.0Gi       203Gi       454Gi
Swap:          31Gi       4.6Gi        27Gi
 20:20:40 up 124 days, 23:34,  0 users,  load average: 25.39, 22.67, 21.19
top - 20:20:41 up 124 days, 23:34,  0 users,  load average: 25.39, 22.67, 21.19
Tasks: 1304 total,  65 running, 1239 sleeping,   0 stopped,   0 zombie
%Cpu(s): 45.5 us,  4.5 sy,  0.0 ni, 49.8 id,  0.0 wa,  0.3 hi,  0.0 si,  0.0 st
MiB Mem : 515679.5 total, 268495.0 free,  39053.3 used, 208131.1 buff/cache
MiB Swap:  32768.0 total,  28045.8 free,   4722.2 used. 463513.6 avail Mem 

    PID USER      PR  NI    VIRT    RES    SHR S  %CPU  %MEM     TIME+ COMMAND
  97168 tbr0780   20   0  641560 346964  12724 R 100.0   0.1   0:02.51 R
  97163 tbr0780   20   0  635424 340712  12724 R  94.4   0.1   0:02.55 R
  97170 tbr0780   20   0  644112 349504  12724 R  94.4   0.1   0:02.49 R
  97172 tbr0780   20   0  646708 352076  12724 R  94.4   0.1   0:02.47 R
  97176 tbr0780   20   0  651944 357308  12724 R  94.4   0.1   0:02.43 R
  97177 tbr0780   20   0  653344 358640  12724 R  94.4   0.1   0:02.43 R
  97178 tbr0780   20   0  654632 359952  12724 R  94.4   0.1   0:02.42 R
  97184 tbr0780   20   0  662620 368020  12724 R  94.4   0.1   0:02.36 R
  97185 tbr0780   20   0  663692 369092  12724 R  94.4   0.1   0:02.35 R
  97186 tbr0780   20   0  658456 363864  12724 R  94.4   0.1   0:02.34 R
  97192 tbr0780   20   0  663536 368924  12724 R  94.4   0.1   0:02.26 R
  97196 tbr0780   20   0  657192 362600  12724 R  94.4   0.1   0:02.22 R
  97199 tbr0780   20   0  663544 368948  12724 R  94.4   0.1   0:02.18 R
  97202 tbr0780   20   0  663676 368992  12724 R  94.4   0.1   0:02.15 R
  97203 tbr0780   20   0  663668 369004  12724 R  94.4   0.1   0:02.14 R
  97207 tbr0780   20   0  663684 369080  12724 R  94.4   0.1   0:02.09 R
  97210 tbr0780   20   0  663808 369128  12724 R  94.4   0.1   0:02.06 R
  97211 tbr0780   20   0  663828 369160  12724 R  94.4   0.1   0:02.05 R
  97213 tbr0780   20   0  663828 369196  12724 R  94.4   0.1   0:02.03 R
  97217 tbr0780   20   0  663952 369328  12724 R  94.4   0.1   0:01.98 R
  97224 tbr0780   20   0  664200 369488  12724 R  94.4   0.1   0:01.87 R
  97162 tbr0780   20   0  634104 339492  12724 R  88.9   0.1   0:02.55 R
  97164 tbr0780   20   0  636616 341932  12724 R  88.9   0.1   0:02.54 R
  97166 tbr0780   20   0  639128 344428  12724 R  88.9   0.1   0:02.51 R
  97167 tbr0780   20   0  640332 345680  12724 R  88.9   0.1   0:02.51 R
  97169 tbr0780   20   0  642840 348232  12724 R  88.9   0.1   0:02.49 R
  97171 tbr0780   20   0  645488 350788  12724 R  88.9   0.1   0:02.47 R
  97173 tbr0780   20   0  648056 353380  12724 R  88.9   0.1   0:02.46 R
  97174 tbr0780   20   0  649288 354684  12724 R  88.9   0.1   0:02.45 R
  97175 tbr0780   20   0  650680 355992  12724 R  88.9   0.1   0:02.44 R
  97179 tbr0780   20   0  655888 361280  12724 R  88.9   0.1   0:02.40 R
  97180 tbr0780   20   0  657244 362620  12724 R  88.9   0.1   0:02.39 R
  97181 tbr0780   20   0  658668 363960  12724 R  88.9   0.1   0:02.38 R
===== BACKGROUND CHECKJOB MONITOR LOG =====
===== checkjob (interval) at Fri Jul 25 20:19:30 CDT 2025 =====
--------------------------------------------------------------------------------
JOB INFORMATION 
--------------------------------------------------------------------------------
JobId=9904249 ArrayJobId=9900632 ArrayTaskId=1952 JobName=experiment_sim
   UserId=tbr0780(3229) GroupId=tbr0780(4023) MCS_label=N/A
   Priority=20185 Nice=0 Account=p32397 QOS=normal
   JobState=RUNNING Reason=None Dependency=(null)
   Requeue=0 Restarts=0 BatchFlag=1 Reboot=0 ExitCode=0:0
   RunTime=00:00:58 TimeLimit=02:00:00 TimeMin=N/A
   SubmitTime=2025-07-25T19:18:16 EligibleTime=2025-07-25T19:18:19
   AccrueTime=2025-07-25T19:18:19
   StartTime=2025-07-25T20:18:32 EndTime=2025-07-25T22:18:32 Deadline=N/A
   SuspendTime=None SecsPreSuspend=0 LastSchedEval=2025-07-25T20:18:32 Scheduler=Main
   Partition=short AllocNode:Sid=quser32:3020972
   ReqNodeList=(null) ExcNodeList=(null)
   NodeList=qnode3014
   BatchHost=qnode3014
   NumNodes=1 NumCPUs=64 NumTasks=64 CPUs/Task=1 ReqB:S:C:T=0:0:*:*
   ReqTRES=cpu=64,mem=32000M,node=1,billing=288
   AllocTRES=cpu=64,mem=32000M,node=1,billing=288
   Socks/Node=* NtasksPerN:B:S:C=64:0:*:* CoreSpec=*
   MinCPUsNode=64 MinMemoryCPU=500M MinTmpDiskNode=0
   Features=[quest10|quest11|quest12|quest13] DelayBoot=00:00:00
   OverSubscribe=OK Contiguous=0 Licenses=(null) Network=(null)
   Command=/gpfs/home/tbr0780/ILForge/common/bash/launch_experiment.sh
   WorkDir=/gpfs/home/tbr0780/ILForge
   StdErr=/dev/null
   StdIn=/dev/null
   StdOut=/dev/null
   MailUser=timothyruel2024@u.northwestern.edu MailType=INVALID_DEPEND,BEGIN,END,FAIL,REQUEUE,STAGE_OUT
   
--------------------------------------------------------------------------------
JOB EFFICIENCY 
--------------------------------------------------------------------------------
Job efficiency will be calculated after the job has completed.
===== checkjob (interval) at Fri Jul 25 20:20:14 CDT 2025 =====
--------------------------------------------------------------------------------
JOB INFORMATION 
--------------------------------------------------------------------------------
JobId=9904249 ArrayJobId=9900632 ArrayTaskId=1952 JobName=experiment_sim
   UserId=tbr0780(3229) GroupId=tbr0780(4023) MCS_label=N/A
   Priority=20185 Nice=0 Account=p32397 QOS=normal
   JobState=RUNNING Reason=None Dependency=(null)
   Requeue=0 Restarts=0 BatchFlag=1 Reboot=0 ExitCode=0:0
   RunTime=00:01:43 TimeLimit=02:00:00 TimeMin=N/A
   SubmitTime=2025-07-25T19:18:16 EligibleTime=2025-07-25T19:18:19
   AccrueTime=2025-07-25T19:18:19
   StartTime=2025-07-25T20:18:32 EndTime=2025-07-25T22:18:32 Deadline=N/A
   SuspendTime=None SecsPreSuspend=0 LastSchedEval=2025-07-25T20:18:32 Scheduler=Main
   Partition=short AllocNode:Sid=quser32:3020972
   ReqNodeList=(null) ExcNodeList=(null)
   NodeList=qnode3014
   BatchHost=qnode3014
   NumNodes=1 NumCPUs=64 NumTasks=64 CPUs/Task=1 ReqB:S:C:T=0:0:*:*
   ReqTRES=cpu=64,mem=32000M,node=1,billing=288
   AllocTRES=cpu=64,mem=32000M,node=1,billing=288
   Socks/Node=* NtasksPerN:B:S:C=64:0:*:* CoreSpec=*
   MinCPUsNode=64 MinMemoryCPU=500M MinTmpDiskNode=0
   Features=[quest10|quest11|quest12|quest13] DelayBoot=00:00:00
   OverSubscribe=OK Contiguous=0 Licenses=(null) Network=(null)
   Command=/gpfs/home/tbr0780/ILForge/common/bash/launch_experiment.sh
   WorkDir=/gpfs/home/tbr0780/ILForge
   StdErr=/dev/null
   StdIn=/dev/null
   StdOut=/dev/null
   MailUser=timothyruel2024@u.northwestern.edu MailType=INVALID_DEPEND,BEGIN,END,FAIL,REQUEUE,STAGE_OUT
   
--------------------------------------------------------------------------------
JOB EFFICIENCY 
--------------------------------------------------------------------------------
Job efficiency will be calculated after the job has completed.
