📌 Logging to experiments/exp_v2.1.0/simulations/sim_01/iter_1835/logs/slurm_log.out
🔁 Running Iteration 1835 of Simulation sim_01 in Experiment exp_v2.1.0 (multinomial_logistic_regression / shared_effect) with 64 cores...
[INFO] True parameters already exist — skipping generation.
Generating data...
[INFO] Loading theta_0 from: /gpfs/home/tbr0780/ILForge/experiments/exp_v2.1.0/true_params/theta_0.rds
[INFO] Generating new data for iteration: iter_1835
✅ Balanced dataset generated on try 1
[✓] Saved config snapshot to: /gpfs/home/tbr0780/ILForge/experiments/exp_v2.1.0/simulations/sim_01/iter_1835/config_snapshot.yml
Executing iteration...
🔍 Running integrated likelihood...
✅ Integrated likelihood complete (0.33 min)
📈 Running profile likelihood...
✅ Profile likelihood complete (0.17 min)
⏱️  Total experiment time: 0.52 minutes
✓ Experiment results saved to /experiments/exp_v2.1.0/simulations/sim_01/iter_1835/results
✓ Iteration completed
✅ SLURM iteration complete: iter_1835
===== FINAL DIAGNOSTICS for Job 9904023 =====
Job ID: 9904023
Array Job ID: 9900632_1834
Cluster: quest
User/Group: tbr0780/tbr0780
State: RUNNING
Nodes: 1
Cores per node: 64
CPU Utilized: 00:00:00
CPU Efficiency: 0.00% of 01:48:48 core-walltime
Job Wall-clock time: 00:01:42
Memory Utilized: 0.00 MB (estimated maximum)
Memory Efficiency: 0.00% of 31.25 GB (500.00 MB/core)
WARNING: Efficiency statistics may be misleading for RUNNING jobs.
--------------------------------------------------------------------------------
JOB INFORMATION 
--------------------------------------------------------------------------------
JobId=9904023 ArrayJobId=9900632 ArrayTaskId=1834 JobName=experiment_sim
   UserId=tbr0780(3229) GroupId=tbr0780(4023) MCS_label=N/A
   Priority=20185 Nice=0 Account=p32397 QOS=normal
   JobState=RUNNING Reason=None Dependency=(null)
   Requeue=0 Restarts=0 BatchFlag=1 Reboot=0 ExitCode=0:0
   RunTime=00:01:42 TimeLimit=02:00:00 TimeMin=N/A
   SubmitTime=2025-07-25T19:18:16 EligibleTime=2025-07-25T19:18:19
   AccrueTime=2025-07-25T19:18:19
   StartTime=2025-07-25T20:15:30 EndTime=2025-07-25T22:15:30 Deadline=N/A
   SuspendTime=None SecsPreSuspend=0 LastSchedEval=2025-07-25T20:15:30 Scheduler=Main
   Partition=short AllocNode:Sid=quser32:3020972
   ReqNodeList=(null) ExcNodeList=(null)
   NodeList=qnode3054
   BatchHost=qnode3054
   NumNodes=1 NumCPUs=64 NumTasks=64 CPUs/Task=1 ReqB:S:C:T=0:0:*:*
   ReqTRES=cpu=64,mem=32000M,node=1,billing=288
   AllocTRES=cpu=64,mem=32000M,node=1,billing=288
   Socks/Node=* NtasksPerN:B:S:C=64:0:*:* CoreSpec=*
   MinCPUsNode=64 MinMemoryCPU=500M MinTmpDiskNode=0
   Features=[quest10|quest11|quest12|quest13] DelayBoot=00:00:00
   OverSubscribe=OK Contiguous=0 Licenses=(null) Network=(null)
   Command=/gpfs/home/tbr0780/ILForge/common/bash/launch_experiment.sh
   WorkDir=/gpfs/home/tbr0780/ILForge
   StdErr=/dev/null
   StdIn=/dev/null
   StdOut=/dev/null
   MailUser=timothyruel2024@u.northwestern.edu MailType=INVALID_DEPEND,BEGIN,END,FAIL,REQUEUE,STAGE_OUT
   
--------------------------------------------------------------------------------
JOB EFFICIENCY 
--------------------------------------------------------------------------------
Job efficiency will be calculated after the job has completed.
JobID                     JobName    Elapsed     MaxRSS     ReqMem  AllocCPUS      State 
------------ -------------------- ---------- ---------- ---------- ---------- ---------- 
9900632_1834       experiment_sim   00:01:42                32000M         64    RUNNING 
9900632_183+                batch   00:01:42                               64    RUNNING 
9900632_183+               extern   00:01:42                               64    RUNNING 
              total        used        free      shared  buff/cache   available
Mem:          503Gi        44Gi       450Gi       6.8Gi       8.5Gi       447Gi
Swap:          31Gi       205Mi        31Gi
 20:17:12 up 124 days, 23:31,  0 users,  load average: 40.55, 23.39, 21.74
top - 20:17:13 up 124 days, 23:31,  0 users,  load average: 40.55, 23.39, 21.74
Tasks: 1322 total,  65 running, 1257 sleeping,   0 stopped,   0 zombie
%Cpu(s): 49.7 us,  0.3 sy,  0.0 ni, 49.7 id,  0.0 wa,  0.2 hi,  0.0 si,  0.0 st
MiB Mem : 515584.8 total, 461631.8 free,  45220.2 used,   8732.8 buff/cache
MiB Swap:  32768.0 total,  32562.1 free,    205.9 used. 458515.3 avail Mem 

    PID USER      PR  NI    VIRT    RES    SHR S  %CPU  %MEM     TIME+ COMMAND
4093029 tbr0780   20   0  633924 337780  13192 R 100.0   0.1   0:30.74 R
4093039 tbr0780   20   0  640044 343980  13216 R 100.0   0.1   0:30.75 R
4093043 tbr0780   20   0  642612 346512  13216 R 100.0   0.1   0:30.73 R
4093051 tbr0780   20   0  647712 351648  13216 R 100.0   0.1   0:30.69 R
4093057 tbr0780   20   0  651668 355556  13216 R 100.0   0.1   0:30.66 R
4093065 tbr0780   20   0  656024 359892  13216 R 100.0   0.1   0:30.62 R
4093069 tbr0780   20   0  657904 361832  13216 R 100.0   0.1   0:30.60 R
4093079 tbr0780   20   0  663048 366996  13216 R 100.0   0.1   0:30.56 R
4093085 tbr0780   20   0  663572 367500  13216 R 100.0   0.1   0:30.50 R
4093087 tbr0780   20   0  663576 367492  13216 R 100.0   0.1   0:30.49 R
4093089 tbr0780   20   0  663564 367496  13216 R 100.0   0.1   0:30.48 R
4093095 tbr0780   20   0  663564 367492  13216 R 100.0   0.1   0:30.45 R
4093105 tbr0780   20   0  663564 367524  13216 R 100.0   0.1   0:30.40 R
4093107 tbr0780   20   0  663572 367524  13216 R 100.0   0.1   0:30.39 R
4093117 tbr0780   20   0  663724 367628  13216 R 100.0   0.1   0:30.34 R
4093121 tbr0780   20   0  663712 367664  13216 R 100.0   0.1   0:30.31 R
4093125 tbr0780   20   0  663844 367708  13216 R 100.0   0.1   0:30.28 R
4093131 tbr0780   20   0  663956 367796  13216 R 100.0   0.1   0:30.25 R
4093133 tbr0780   20   0  663964 367836  13216 R 100.0   0.1   0:30.24 R
4093137 tbr0780   20   0  663984 367892  13216 R 100.0   0.1   0:30.03 R
4093143 tbr0780   20   0  664112 367988  13216 R 100.0   0.1   0:30.14 R
4093145 tbr0780   20   0  664116 368008  13216 R 100.0   0.1   0:30.17 R
4093149 tbr0780   20   0  664100 368036  13216 R 100.0   0.1   0:30.13 R
4093152 tbr0780   20   0  664228 368068  13216 R 100.0   0.1   0:30.01 R
4093027 tbr0780   20   0  631596 335408  13176 R  94.1   0.1   0:30.67 R
4093031 tbr0780   20   0  635116 339028  13216 R  94.1   0.1   0:30.69 R
4093033 tbr0780   20   0  636400 340248  13216 R  94.1   0.1   0:30.64 R
4093035 tbr0780   20   0  637616 341500  13216 R  94.1   0.1   0:30.69 R
4093037 tbr0780   20   0  638816 342728  13216 R  94.1   0.1   0:30.75 R
4093041 tbr0780   20   0  641380 345252  13216 R  94.1   0.1   0:30.73 R
4093045 tbr0780   20   0  643872 347780  13216 R  94.1   0.1   0:30.71 R
4093047 tbr0780   20   0  645112 349056  13216 R  94.1   0.1   0:30.70 R
4093049 tbr0780   20   0  646448 350356  13216 R  94.1   0.1   0:30.70 R
===== BACKGROUND CHECKJOB MONITOR LOG =====
===== checkjob (interval) at Fri Jul 25 20:16:29 CDT 2025 =====
--------------------------------------------------------------------------------
JOB INFORMATION 
--------------------------------------------------------------------------------
JobId=9904023 ArrayJobId=9900632 ArrayTaskId=1834 JobName=experiment_sim
   UserId=tbr0780(3229) GroupId=tbr0780(4023) MCS_label=N/A
   Priority=20185 Nice=0 Account=p32397 QOS=normal
   JobState=RUNNING Reason=None Dependency=(null)
   Requeue=0 Restarts=0 BatchFlag=1 Reboot=0 ExitCode=0:0
   RunTime=00:01:00 TimeLimit=02:00:00 TimeMin=N/A
   SubmitTime=2025-07-25T19:18:16 EligibleTime=2025-07-25T19:18:19
   AccrueTime=2025-07-25T19:18:19
   StartTime=2025-07-25T20:15:30 EndTime=2025-07-25T22:15:30 Deadline=N/A
   SuspendTime=None SecsPreSuspend=0 LastSchedEval=2025-07-25T20:15:30 Scheduler=Main
   Partition=short AllocNode:Sid=quser32:3020972
   ReqNodeList=(null) ExcNodeList=(null)
   NodeList=qnode3054
   BatchHost=qnode3054
   NumNodes=1 NumCPUs=64 NumTasks=64 CPUs/Task=1 ReqB:S:C:T=0:0:*:*
   ReqTRES=cpu=64,mem=32000M,node=1,billing=288
   AllocTRES=cpu=64,mem=32000M,node=1,billing=288
   Socks/Node=* NtasksPerN:B:S:C=64:0:*:* CoreSpec=*
   MinCPUsNode=64 MinMemoryCPU=500M MinTmpDiskNode=0
   Features=[quest10|quest11|quest12|quest13] DelayBoot=00:00:00
   OverSubscribe=OK Contiguous=0 Licenses=(null) Network=(null)
   Command=/gpfs/home/tbr0780/ILForge/common/bash/launch_experiment.sh
   WorkDir=/gpfs/home/tbr0780/ILForge
   StdErr=/dev/null
   StdIn=/dev/null
   StdOut=/dev/null
   MailUser=timothyruel2024@u.northwestern.edu MailType=INVALID_DEPEND,BEGIN,END,FAIL,REQUEUE,STAGE_OUT
   
--------------------------------------------------------------------------------
JOB EFFICIENCY 
--------------------------------------------------------------------------------
Job efficiency will be calculated after the job has completed.
===== checkjob (interval) at Fri Jul 25 20:17:03 CDT 2025 =====
--------------------------------------------------------------------------------
JOB INFORMATION 
--------------------------------------------------------------------------------
JobId=9904023 ArrayJobId=9900632 ArrayTaskId=1834 JobName=experiment_sim
   UserId=tbr0780(3229) GroupId=tbr0780(4023) MCS_label=N/A
   Priority=20185 Nice=0 Account=p32397 QOS=normal
   JobState=RUNNING Reason=None Dependency=(null)
   Requeue=0 Restarts=0 BatchFlag=1 Reboot=0 ExitCode=0:0
   RunTime=00:01:33 TimeLimit=02:00:00 TimeMin=N/A
   SubmitTime=2025-07-25T19:18:16 EligibleTime=2025-07-25T19:18:19
   AccrueTime=2025-07-25T19:18:19
   StartTime=2025-07-25T20:15:30 EndTime=2025-07-25T22:15:30 Deadline=N/A
   SuspendTime=None SecsPreSuspend=0 LastSchedEval=2025-07-25T20:15:30 Scheduler=Main
   Partition=short AllocNode:Sid=quser32:3020972
   ReqNodeList=(null) ExcNodeList=(null)
   NodeList=qnode3054
   BatchHost=qnode3054
   NumNodes=1 NumCPUs=64 NumTasks=64 CPUs/Task=1 ReqB:S:C:T=0:0:*:*
   ReqTRES=cpu=64,mem=32000M,node=1,billing=288
   AllocTRES=cpu=64,mem=32000M,node=1,billing=288
   Socks/Node=* NtasksPerN:B:S:C=64:0:*:* CoreSpec=*
   MinCPUsNode=64 MinMemoryCPU=500M MinTmpDiskNode=0
   Features=[quest10|quest11|quest12|quest13] DelayBoot=00:00:00
   OverSubscribe=OK Contiguous=0 Licenses=(null) Network=(null)
   Command=/gpfs/home/tbr0780/ILForge/common/bash/launch_experiment.sh
   WorkDir=/gpfs/home/tbr0780/ILForge
   StdErr=/dev/null
   StdIn=/dev/null
   StdOut=/dev/null
   MailUser=timothyruel2024@u.northwestern.edu MailType=INVALID_DEPEND,BEGIN,END,FAIL,REQUEUE,STAGE_OUT
   
--------------------------------------------------------------------------------
JOB EFFICIENCY 
--------------------------------------------------------------------------------
Job efficiency will be calculated after the job has completed.
