📌 Logging to experiments/exp_v2.1.0/simulations/sim_01/iter_1919/logs/slurm_log.out
🔁 Running Iteration 1919 of Simulation sim_01 in Experiment exp_v2.1.0 (multinomial_logistic_regression / shared_effect) with 64 cores...
[INFO] True parameters already exist — skipping generation.
Generating data...
[INFO] Loading theta_0 from: /gpfs/home/tbr0780/ILForge/experiments/exp_v2.1.0/true_params/theta_0.rds
[INFO] Generating new data for iteration: iter_1919
✅ Balanced dataset generated on try 1
[✓] Saved config snapshot to: /gpfs/home/tbr0780/ILForge/experiments/exp_v2.1.0/simulations/sim_01/iter_1919/config_snapshot.yml
Executing iteration...
🔍 Running integrated likelihood...
✅ Integrated likelihood complete (0.39 min)
📈 Running profile likelihood...
✅ Profile likelihood complete (0.23 min)
⏱️  Total experiment time: 0.65 minutes
✓ Experiment results saved to /experiments/exp_v2.1.0/simulations/sim_01/iter_1919/results
✓ Iteration completed
✅ SLURM iteration complete: iter_1919
===== FINAL DIAGNOSTICS for Job 9904167 =====
Job ID: 9904167
Array Job ID: 9900632_1918
Cluster: quest
User/Group: tbr0780/tbr0780
State: RUNNING
Nodes: 1
Cores per node: 64
CPU Utilized: 00:00:00
CPU Efficiency: 0.00% of 02:05:52 core-walltime
Job Wall-clock time: 00:01:58
Memory Utilized: 0.00 MB (estimated maximum)
Memory Efficiency: 0.00% of 31.25 GB (500.00 MB/core)
WARNING: Efficiency statistics may be misleading for RUNNING jobs.
--------------------------------------------------------------------------------
JOB INFORMATION 
--------------------------------------------------------------------------------
JobId=9904167 ArrayJobId=9900632 ArrayTaskId=1918 JobName=experiment_sim
   UserId=tbr0780(3229) GroupId=tbr0780(4023) MCS_label=N/A
   Priority=20185 Nice=0 Account=p32397 QOS=normal
   JobState=RUNNING Reason=None Dependency=(null)
   Requeue=0 Restarts=0 BatchFlag=1 Reboot=0 ExitCode=0:0
   RunTime=00:01:58 TimeLimit=02:00:00 TimeMin=N/A
   SubmitTime=2025-07-25T19:18:16 EligibleTime=2025-07-25T19:18:19
   AccrueTime=2025-07-25T19:18:19
   StartTime=2025-07-25T20:17:32 EndTime=2025-07-25T22:17:32 Deadline=N/A
   SuspendTime=None SecsPreSuspend=0 LastSchedEval=2025-07-25T20:17:32 Scheduler=Main
   Partition=short AllocNode:Sid=quser32:3020972
   ReqNodeList=(null) ExcNodeList=(null)
   NodeList=qnode3016
   BatchHost=qnode3016
   NumNodes=1 NumCPUs=64 NumTasks=64 CPUs/Task=1 ReqB:S:C:T=0:0:*:*
   ReqTRES=cpu=64,mem=32000M,node=1,billing=288
   AllocTRES=cpu=64,mem=32000M,node=1,billing=288
   Socks/Node=* NtasksPerN:B:S:C=64:0:*:* CoreSpec=*
   MinCPUsNode=64 MinMemoryCPU=500M MinTmpDiskNode=0
   Features=[quest10|quest11|quest12|quest13] DelayBoot=00:00:00
   OverSubscribe=OK Contiguous=0 Licenses=(null) Network=(null)
   Command=/gpfs/home/tbr0780/ILForge/common/bash/launch_experiment.sh
   WorkDir=/gpfs/home/tbr0780/ILForge
   StdErr=/dev/null
   StdIn=/dev/null
   StdOut=/dev/null
   MailUser=timothyruel2024@u.northwestern.edu MailType=INVALID_DEPEND,BEGIN,END,FAIL,REQUEUE,STAGE_OUT
   
--------------------------------------------------------------------------------
JOB EFFICIENCY 
--------------------------------------------------------------------------------
Job efficiency will be calculated after the job has completed.
JobID                     JobName    Elapsed     MaxRSS     ReqMem  AllocCPUS      State 
------------ -------------------- ---------- ---------- ---------- ---------- ---------- 
9900632_1918       experiment_sim   00:02:12                32000M         64    RUNNING 
9900632_191+                batch   00:02:12                               64    RUNNING 
9900632_191+               extern   00:02:12                               64    RUNNING 
              total        used        free      shared  buff/cache   available
Mem:          503Gi        44Gi       250Gi       3.9Gi       208Gi       446Gi
Swap:          31Gi       4.3Gi        27Gi
 20:19:44 up 124 days, 23:33,  0 users,  load average: 20.98, 18.85, 18.83
top - 20:19:45 up 124 days, 23:33,  0 users,  load average: 20.98, 18.85, 18.83
Tasks: 1310 total,  65 running, 1245 sleeping,   0 stopped,   0 zombie
%Cpu(s): 50.0 us,  0.4 sy,  0.0 ni, 49.4 id,  0.0 wa,  0.2 hi,  0.0 si,  0.0 st
MiB Mem : 515679.4 total, 256706.7 free,  45121.2 used, 213851.6 buff/cache
MiB Swap:  32768.0 total,  28366.6 free,   4401.4 used. 457586.7 avail Mem 

    PID USER      PR  NI    VIRT    RES    SHR S  %CPU  %MEM     TIME+ COMMAND
3322107 tbr0780   20   0  635324 338752  12716 R 100.0   0.1   0:06.23 R
3322108 tbr0780   20   0  636616 339976  12716 R 100.0   0.1   0:06.22 R
3322112 tbr0780   20   0  641660 344992  12716 R 100.0   0.1   0:06.19 R
3322114 tbr0780   20   0  644096 347548  12716 R 100.0   0.1   0:06.17 R
3322116 tbr0780   20   0  646700 350124  12716 R 100.0   0.1   0:06.16 R
3322118 tbr0780   20   0  649296 352720  12716 R 100.0   0.1   0:06.14 R
3322122 tbr0780   20   0  654564 357992  12716 R 100.0   0.1   0:06.10 R
3322123 tbr0780   20   0  655980 359316  12716 R 100.0   0.1   0:06.09 R
3322138 tbr0780   20   0  658152 361608  12716 R 100.0   0.1   0:05.93 R
3322141 tbr0780   20   0  658948 362404  12716 R 100.0   0.1   0:05.89 R
3322144 tbr0780   20   0  663576 367016  12716 R 100.0   0.1   0:05.86 R
3322145 tbr0780   20   0  663584 367040  12716 R 100.0   0.1   0:05.85 R
3322146 tbr0780   20   0  663716 367044  12716 R 100.0   0.1   0:05.84 R
3322147 tbr0780   20   0  663704 367056  12716 R 100.0   0.1   0:05.83 R
3322105 tbr0780   20   0  631804 335188  12716 R  94.1   0.1   0:06.24 R
3322106 tbr0780   20   0  634100 337528  12716 R  94.1   0.1   0:06.23 R
3322109 tbr0780   20   0  637848 341216  12716 R  94.1   0.1   0:06.21 R
3322110 tbr0780   20   0  639012 342452  12716 R  94.1   0.1   0:06.20 R
3322111 tbr0780   20   0  640356 343712  12716 R  94.1   0.1   0:06.19 R
3322113 tbr0780   20   0  642852 346260  12716 R  94.1   0.1   0:06.17 R
3322115 tbr0780   20   0  645484 348824  12716 R  94.1   0.1   0:06.16 R
3322117 tbr0780   20   0  648088 351424  12716 R  94.1   0.1   0:06.14 R
3322119 tbr0780   20   0  650664 354032  12716 R  94.1   0.1   0:06.12 R
3322120 tbr0780   20   0  651952 355340  12716 R  94.1   0.1   0:06.11 R
3322121 tbr0780   20   0  653248 356668  12716 R  94.1   0.1   0:06.11 R
3322124 tbr0780   20   0  657248 360668  12716 R  94.1   0.1   0:06.08 R
3322125 tbr0780   20   0  658668 361996  12716 R  94.1   0.1   0:06.07 R
3322126 tbr0780   20   0  660012 363348  12716 R  94.1   0.1   0:06.06 R
3322127 tbr0780   20   0  661308 364720  12716 R  94.1   0.1   0:06.05 R
3322128 tbr0780   20   0  662672 366072  12716 R  94.1   0.1   0:06.04 R
3322129 tbr0780   20   0  659352 362808  12716 R  94.1   0.1   0:06.03 R
3322130 tbr0780   20   0  663820 367196  12716 R  94.1   0.1   0:06.02 R
3322131 tbr0780   20   0  657396 360852  12716 R  94.1   0.1   0:06.01 R
===== BACKGROUND CHECKJOB MONITOR LOG =====
===== checkjob (interval) at Fri Jul 25 20:18:36 CDT 2025 =====
--------------------------------------------------------------------------------
JOB INFORMATION 
--------------------------------------------------------------------------------
JobId=9904167 ArrayJobId=9900632 ArrayTaskId=1918 JobName=experiment_sim
   UserId=tbr0780(3229) GroupId=tbr0780(4023) MCS_label=N/A
   Priority=20185 Nice=0 Account=p32397 QOS=normal
   JobState=RUNNING Reason=None Dependency=(null)
   Requeue=0 Restarts=0 BatchFlag=1 Reboot=0 ExitCode=0:0
   RunTime=00:01:04 TimeLimit=02:00:00 TimeMin=N/A
   SubmitTime=2025-07-25T19:18:16 EligibleTime=2025-07-25T19:18:19
   AccrueTime=2025-07-25T19:18:19
   StartTime=2025-07-25T20:17:32 EndTime=2025-07-25T22:17:32 Deadline=N/A
   SuspendTime=None SecsPreSuspend=0 LastSchedEval=2025-07-25T20:17:32 Scheduler=Main
   Partition=short AllocNode:Sid=quser32:3020972
   ReqNodeList=(null) ExcNodeList=(null)
   NodeList=qnode3016
   BatchHost=qnode3016
   NumNodes=1 NumCPUs=64 NumTasks=64 CPUs/Task=1 ReqB:S:C:T=0:0:*:*
   ReqTRES=cpu=64,mem=32000M,node=1,billing=288
   AllocTRES=cpu=64,mem=32000M,node=1,billing=288
   Socks/Node=* NtasksPerN:B:S:C=64:0:*:* CoreSpec=*
   MinCPUsNode=64 MinMemoryCPU=500M MinTmpDiskNode=0
   Features=[quest10|quest11|quest12|quest13] DelayBoot=00:00:00
   OverSubscribe=OK Contiguous=0 Licenses=(null) Network=(null)
   Command=/gpfs/home/tbr0780/ILForge/common/bash/launch_experiment.sh
   WorkDir=/gpfs/home/tbr0780/ILForge
   StdErr=/dev/null
   StdIn=/dev/null
   StdOut=/dev/null
   MailUser=timothyruel2024@u.northwestern.edu MailType=INVALID_DEPEND,BEGIN,END,FAIL,REQUEUE,STAGE_OUT
   
--------------------------------------------------------------------------------
JOB EFFICIENCY 
--------------------------------------------------------------------------------
Job efficiency will be calculated after the job has completed.
===== checkjob (interval) at Fri Jul 25 20:19:07 CDT 2025 =====
--------------------------------------------------------------------------------
JOB INFORMATION 
--------------------------------------------------------------------------------
JobId=9904167 ArrayJobId=9900632 ArrayTaskId=1918 JobName=experiment_sim
   UserId=tbr0780(3229) GroupId=tbr0780(4023) MCS_label=N/A
   Priority=20185 Nice=0 Account=p32397 QOS=normal
   JobState=RUNNING Reason=None Dependency=(null)
   Requeue=0 Restarts=0 BatchFlag=1 Reboot=0 ExitCode=0:0
   RunTime=00:01:36 TimeLimit=02:00:00 TimeMin=N/A
   SubmitTime=2025-07-25T19:18:16 EligibleTime=2025-07-25T19:18:19
   AccrueTime=2025-07-25T19:18:19
   StartTime=2025-07-25T20:17:32 EndTime=2025-07-25T22:17:32 Deadline=N/A
   SuspendTime=None SecsPreSuspend=0 LastSchedEval=2025-07-25T20:17:32 Scheduler=Main
   Partition=short AllocNode:Sid=quser32:3020972
   ReqNodeList=(null) ExcNodeList=(null)
   NodeList=qnode3016
   BatchHost=qnode3016
   NumNodes=1 NumCPUs=64 NumTasks=64 CPUs/Task=1 ReqB:S:C:T=0:0:*:*
   ReqTRES=cpu=64,mem=32000M,node=1,billing=288
   AllocTRES=cpu=64,mem=32000M,node=1,billing=288
   Socks/Node=* NtasksPerN:B:S:C=64:0:*:* CoreSpec=*
   MinCPUsNode=64 MinMemoryCPU=500M MinTmpDiskNode=0
   Features=[quest10|quest11|quest12|quest13] DelayBoot=00:00:00
   OverSubscribe=OK Contiguous=0 Licenses=(null) Network=(null)
   Command=/gpfs/home/tbr0780/ILForge/common/bash/launch_experiment.sh
   WorkDir=/gpfs/home/tbr0780/ILForge
   StdErr=/dev/null
   StdIn=/dev/null
   StdOut=/dev/null
   MailUser=timothyruel2024@u.northwestern.edu MailType=INVALID_DEPEND,BEGIN,END,FAIL,REQUEUE,STAGE_OUT
   
--------------------------------------------------------------------------------
JOB EFFICIENCY 
--------------------------------------------------------------------------------
Job efficiency will be calculated after the job has completed.
===== checkjob (interval) at Fri Jul 25 20:19:41 CDT 2025 =====
--------------------------------------------------------------------------------
JOB INFORMATION 
--------------------------------------------------------------------------------
JobId=9904167 ArrayJobId=9900632 ArrayTaskId=1918 JobName=experiment_sim
   UserId=tbr0780(3229) GroupId=tbr0780(4023) MCS_label=N/A
   Priority=20185 Nice=0 Account=p32397 QOS=normal
   JobState=RUNNING Reason=None Dependency=(null)
   Requeue=0 Restarts=0 BatchFlag=1 Reboot=0 ExitCode=0:0
   RunTime=00:02:12 TimeLimit=02:00:00 TimeMin=N/A
   SubmitTime=2025-07-25T19:18:16 EligibleTime=2025-07-25T19:18:19
   AccrueTime=2025-07-25T19:18:19
   StartTime=2025-07-25T20:17:32 EndTime=2025-07-25T22:17:32 Deadline=N/A
   SuspendTime=None SecsPreSuspend=0 LastSchedEval=2025-07-25T20:17:32 Scheduler=Main
   Partition=short AllocNode:Sid=quser32:3020972
   ReqNodeList=(null) ExcNodeList=(null)
   NodeList=qnode3016
   BatchHost=qnode3016
   NumNodes=1 NumCPUs=64 NumTasks=64 CPUs/Task=1 ReqB:S:C:T=0:0:*:*
   ReqTRES=cpu=64,mem=32000M,node=1,billing=288
   AllocTRES=cpu=64,mem=32000M,node=1,billing=288
   Socks/Node=* NtasksPerN:B:S:C=64:0:*:* CoreSpec=*
   MinCPUsNode=64 MinMemoryCPU=500M MinTmpDiskNode=0
   Features=[quest10|quest11|quest12|quest13] DelayBoot=00:00:00
   OverSubscribe=OK Contiguous=0 Licenses=(null) Network=(null)
   Command=/gpfs/home/tbr0780/ILForge/common/bash/launch_experiment.sh
   WorkDir=/gpfs/home/tbr0780/ILForge
   StdErr=/dev/null
   StdIn=/dev/null
   StdOut=/dev/null
   MailUser=timothyruel2024@u.northwestern.edu MailType=INVALID_DEPEND,BEGIN,END,FAIL,REQUEUE,STAGE_OUT
   
--------------------------------------------------------------------------------
JOB EFFICIENCY 
--------------------------------------------------------------------------------
Job efficiency will be calculated after the job has completed.
