📌 Logging to experiments/exp_v2.1.0/simulations/sim_01/iter_1718/logs/slurm_log.out
🔁 Running Iteration 1718 of Simulation sim_01 in Experiment exp_v2.1.0 (multinomial_logistic_regression / shared_effect) with 64 cores...
[INFO] True parameters already exist — skipping generation.
Generating data...
[INFO] Loading theta_0 from: /gpfs/home/tbr0780/ILForge/experiments/exp_v2.1.0/true_params/theta_0.rds
[INFO] Generating new data for iteration: iter_1718
✅ Balanced dataset generated on try 1
[✓] Saved config snapshot to: /gpfs/home/tbr0780/ILForge/experiments/exp_v2.1.0/simulations/sim_01/iter_1718/config_snapshot.yml
Executing iteration...
🔍 Running integrated likelihood...
✅ Integrated likelihood complete (0.33 min)
📈 Running profile likelihood...
✅ Profile likelihood complete (0.17 min)
⏱️  Total experiment time: 0.52 minutes
✓ Experiment results saved to /experiments/exp_v2.1.0/simulations/sim_01/iter_1718/results
✓ Iteration completed
✅ SLURM iteration complete: iter_1718
===== FINAL DIAGNOSTICS for Job 9903831 =====
Job ID: 9903831
Array Job ID: 9900632_1717
Cluster: quest
User/Group: tbr0780/tbr0780
State: RUNNING
Nodes: 1
Cores per node: 64
CPU Utilized: 00:00:00
CPU Efficiency: 0.00% of 02:13:20 core-walltime
Job Wall-clock time: 00:02:05
Memory Utilized: 0.00 MB (estimated maximum)
Memory Efficiency: 0.00% of 31.25 GB (500.00 MB/core)
WARNING: Efficiency statistics may be misleading for RUNNING jobs.
--------------------------------------------------------------------------------
JOB INFORMATION 
--------------------------------------------------------------------------------
JobId=9903831 ArrayJobId=9900632 ArrayTaskId=1717 JobName=experiment_sim
   UserId=tbr0780(3229) GroupId=tbr0780(4023) MCS_label=N/A
   Priority=20175 Nice=0 Account=p32397 QOS=normal
   JobState=RUNNING Reason=None Dependency=(null)
   Requeue=0 Restarts=0 BatchFlag=1 Reboot=0 ExitCode=0:0
   RunTime=00:02:06 TimeLimit=02:00:00 TimeMin=N/A
   SubmitTime=2025-07-25T19:18:16 EligibleTime=2025-07-25T19:18:19
   AccrueTime=2025-07-25T19:18:19
   StartTime=2025-07-25T20:12:26 EndTime=2025-07-25T22:12:26 Deadline=N/A
   SuspendTime=None SecsPreSuspend=0 LastSchedEval=2025-07-25T20:12:26 Scheduler=Main
   Partition=short AllocNode:Sid=quser32:3020972
   ReqNodeList=(null) ExcNodeList=(null)
   NodeList=qnode3069
   BatchHost=qnode3069
   NumNodes=1 NumCPUs=64 NumTasks=64 CPUs/Task=1 ReqB:S:C:T=0:0:*:*
   ReqTRES=cpu=64,mem=32000M,node=1,billing=288
   AllocTRES=cpu=64,mem=32000M,node=1,billing=288
   Socks/Node=* NtasksPerN:B:S:C=64:0:*:* CoreSpec=*
   MinCPUsNode=64 MinMemoryCPU=500M MinTmpDiskNode=0
   Features=[quest10|quest11|quest12|quest13] DelayBoot=00:00:00
   OverSubscribe=OK Contiguous=0 Licenses=(null) Network=(null)
   Command=/gpfs/home/tbr0780/ILForge/common/bash/launch_experiment.sh
   WorkDir=/gpfs/home/tbr0780/ILForge
   StdErr=/dev/null
   StdIn=/dev/null
   StdOut=/dev/null
   MailUser=timothyruel2024@u.northwestern.edu MailType=INVALID_DEPEND,BEGIN,END,FAIL,REQUEUE,STAGE_OUT
   
--------------------------------------------------------------------------------
JOB EFFICIENCY 
--------------------------------------------------------------------------------
Job efficiency will be calculated after the job has completed.
JobID                     JobName    Elapsed     MaxRSS     ReqMem  AllocCPUS      State 
------------ -------------------- ---------- ---------- ---------- ---------- ---------- 
9900632_1717       experiment_sim   00:02:06                32000M         64    RUNNING 
9900632_171+                batch   00:02:06                               64    RUNNING 
9900632_171+               extern   00:02:06                               64    RUNNING 
              total        used        free      shared  buff/cache   available
Mem:          503Gi        44Gi       166Gi       3.9Gi       292Gi       446Gi
Swap:          31Gi       4.6Gi        27Gi
 20:14:32 up 94 days,  6:30,  0 users,  load average: 42.17, 23.43, 21.80
top - 20:14:32 up 94 days,  6:30,  0 users,  load average: 42.17, 23.43, 21.80
Tasks: 1292 total,  65 running, 1227 sleeping,   0 stopped,   0 zombie
%Cpu(s): 49.7 us,  0.2 sy,  0.0 ni, 49.9 id,  0.0 wa,  0.2 hi,  0.0 si,  0.0 st
MiB Mem : 515584.8 total, 170565.5 free,  45349.5 used, 299669.8 buff/cache
MiB Swap:  32768.0 total,  28019.8 free,   4748.2 used. 456969.4 avail Mem 

    PID USER      PR  NI    VIRT    RES    SHR S  %CPU  %MEM     TIME+ COMMAND
 381600 tbr0780   20   0  637624 341260  12988 R 100.0   0.1   0:30.66 R
 381606 tbr0780   20   0  641408 345012  12988 R 100.0   0.1   0:30.64 R
 381618 tbr0780   20   0  649020 352728  12988 R 100.0   0.1   0:30.58 R
 381624 tbr0780   20   0  653552 357172  12988 R 100.0   0.1   0:30.55 R
 381637 tbr0780   20   0  660248 363916  12988 R 100.0   0.1   0:30.47 R
 381640 tbr0780   20   0  663024 366744  12988 R 100.0   0.1   0:30.44 R
 381650 tbr0780   20   0  663540 367252  12988 R 100.0   0.1   0:30.39 R
 381658 tbr0780   20   0  663548 367264  12988 R 100.0   0.1   0:30.34 R
 381675 tbr0780   20   0  663668 367368  12988 R 100.0   0.1   0:30.23 R
 381677 tbr0780   20   0  663676 367380  12988 R 100.0   0.1   0:30.22 R
 381681 tbr0780   20   0  663808 367408  12988 R 100.0   0.1   0:30.20 R
 381683 tbr0780   20   0  663792 367432  12988 R 100.0   0.1   0:30.20 R
 381685 tbr0780   20   0  663808 367464  12988 R 100.0   0.1   0:30.18 R
 381695 tbr0780   20   0  663928 367640  12988 R 100.0   0.1   0:29.89 R
 381697 tbr0780   20   0  664068 367716  12988 R 100.0   0.1   0:30.08 R
 381698 tbr0780   20   0  664072 367748  12988 R 100.0   0.1   0:30.07 R
 381699 tbr0780   20   0  664084 367760  12988 R 100.0   0.1   0:29.94 R
 381702 tbr0780   20   0  664208 367808  12988 R 100.0   0.1   0:30.02 R
 381592 tbr0780   20   0  631480 335208  12988 R  94.1   0.1   0:30.70 R
 381594 tbr0780   20   0  633944 337560  12988 R  94.1   0.1   0:30.60 R
 381596 tbr0780   20   0  635112 338784  12988 R  94.1   0.1   0:30.62 R
 381598 tbr0780   20   0  636396 340012  12988 R  94.1   0.1   0:30.67 R
 381602 tbr0780   20   0  638808 342500  12988 R  94.1   0.1   0:30.66 R
 381604 tbr0780   20   0  640052 343740  12988 R  94.1   0.1   0:30.64 R
 381608 tbr0780   20   0  642640 346276  12988 R  94.1   0.1   0:30.62 R
 381610 tbr0780   20   0  643880 347540  12988 R  94.1   0.1   0:30.62 R
 381612 tbr0780   20   0  645108 348812  12988 R  94.1   0.1   0:30.60 R
 381614 tbr0780   20   0  646456 350108  12988 R  94.1   0.1   0:30.59 R
 381616 tbr0780   20   0  647736 351408  12988 R  94.1   0.1   0:30.58 R
 381619 tbr0780   20   0  650284 353956  12988 R  94.1   0.1   0:30.57 R
 381620 tbr0780   20   0  651688 355304  12988 R  94.1   0.1   0:30.56 R
 381622 tbr0780   20   0  652128 355804  12988 R  94.1   0.1   0:30.55 R
 381625 tbr0780   20   0  654728 358328  12988 R  94.1   0.1   0:30.52 R
===== BACKGROUND CHECKJOB MONITOR LOG =====
===== checkjob (interval) at Fri Jul 25 20:13:49 CDT 2025 =====
--------------------------------------------------------------------------------
JOB INFORMATION 
--------------------------------------------------------------------------------
JobId=9903831 ArrayJobId=9900632 ArrayTaskId=1717 JobName=experiment_sim
   UserId=tbr0780(3229) GroupId=tbr0780(4023) MCS_label=N/A
   Priority=20175 Nice=0 Account=p32397 QOS=normal
   JobState=RUNNING Reason=None Dependency=(null)
   Requeue=0 Restarts=0 BatchFlag=1 Reboot=0 ExitCode=0:0
   RunTime=00:01:24 TimeLimit=02:00:00 TimeMin=N/A
   SubmitTime=2025-07-25T19:18:16 EligibleTime=2025-07-25T19:18:19
   AccrueTime=2025-07-25T19:18:19
   StartTime=2025-07-25T20:12:26 EndTime=2025-07-25T22:12:26 Deadline=N/A
   SuspendTime=None SecsPreSuspend=0 LastSchedEval=2025-07-25T20:12:26 Scheduler=Main
   Partition=short AllocNode:Sid=quser32:3020972
   ReqNodeList=(null) ExcNodeList=(null)
   NodeList=qnode3069
   BatchHost=qnode3069
   NumNodes=1 NumCPUs=64 NumTasks=64 CPUs/Task=1 ReqB:S:C:T=0:0:*:*
   ReqTRES=cpu=64,mem=32000M,node=1,billing=288
   AllocTRES=cpu=64,mem=32000M,node=1,billing=288
   Socks/Node=* NtasksPerN:B:S:C=64:0:*:* CoreSpec=*
   MinCPUsNode=64 MinMemoryCPU=500M MinTmpDiskNode=0
   Features=[quest10|quest11|quest12|quest13] DelayBoot=00:00:00
   OverSubscribe=OK Contiguous=0 Licenses=(null) Network=(null)
   Command=/gpfs/home/tbr0780/ILForge/common/bash/launch_experiment.sh
   WorkDir=/gpfs/home/tbr0780/ILForge
   StdErr=/dev/null
   StdIn=/dev/null
   StdOut=/dev/null
   MailUser=timothyruel2024@u.northwestern.edu MailType=INVALID_DEPEND,BEGIN,END,FAIL,REQUEUE,STAGE_OUT
   
--------------------------------------------------------------------------------
JOB EFFICIENCY 
--------------------------------------------------------------------------------
Job efficiency will be calculated after the job has completed.
===== checkjob (interval) at Fri Jul 25 20:14:22 CDT 2025 =====
--------------------------------------------------------------------------------
JOB INFORMATION 
--------------------------------------------------------------------------------
JobId=9903831 ArrayJobId=9900632 ArrayTaskId=1717 JobName=experiment_sim
   UserId=tbr0780(3229) GroupId=tbr0780(4023) MCS_label=N/A
   Priority=20175 Nice=0 Account=p32397 QOS=normal
   JobState=RUNNING Reason=None Dependency=(null)
   Requeue=0 Restarts=0 BatchFlag=1 Reboot=0 ExitCode=0:0
   RunTime=00:01:56 TimeLimit=02:00:00 TimeMin=N/A
   SubmitTime=2025-07-25T19:18:16 EligibleTime=2025-07-25T19:18:19
   AccrueTime=2025-07-25T19:18:19
   StartTime=2025-07-25T20:12:26 EndTime=2025-07-25T22:12:26 Deadline=N/A
   SuspendTime=None SecsPreSuspend=0 LastSchedEval=2025-07-25T20:12:26 Scheduler=Main
   Partition=short AllocNode:Sid=quser32:3020972
   ReqNodeList=(null) ExcNodeList=(null)
   NodeList=qnode3069
   BatchHost=qnode3069
   NumNodes=1 NumCPUs=64 NumTasks=64 CPUs/Task=1 ReqB:S:C:T=0:0:*:*
   ReqTRES=cpu=64,mem=32000M,node=1,billing=288
   AllocTRES=cpu=64,mem=32000M,node=1,billing=288
   Socks/Node=* NtasksPerN:B:S:C=64:0:*:* CoreSpec=*
   MinCPUsNode=64 MinMemoryCPU=500M MinTmpDiskNode=0
   Features=[quest10|quest11|quest12|quest13] DelayBoot=00:00:00
   OverSubscribe=OK Contiguous=0 Licenses=(null) Network=(null)
   Command=/gpfs/home/tbr0780/ILForge/common/bash/launch_experiment.sh
   WorkDir=/gpfs/home/tbr0780/ILForge
   StdErr=/dev/null
   StdIn=/dev/null
   StdOut=/dev/null
   MailUser=timothyruel2024@u.northwestern.edu MailType=INVALID_DEPEND,BEGIN,END,FAIL,REQUEUE,STAGE_OUT
   
--------------------------------------------------------------------------------
JOB EFFICIENCY 
--------------------------------------------------------------------------------
Job efficiency will be calculated after the job has completed.
