📌 Logging to experiments/exp_v2.1.0/simulations/sim_01/iter_0672/logs/slurm_log.out
🔁 Running Iteration 672 of Simulation sim_01 in Experiment exp_v2.1.0 (multinomial_logistic_regression / shared_effect) with 64 cores...
[INFO] True parameters already exist — skipping generation.
Generating data...
[INFO] Loading theta_0 from: /gpfs/home/tbr0780/ILForge/experiments/exp_v2.1.0/true_params/theta_0.rds
[INFO] Generating new data for iteration: iter_0672
✅ Balanced dataset generated on try 1
[✓] Saved config snapshot to: /gpfs/home/tbr0780/ILForge/experiments/exp_v2.1.0/simulations/sim_01/iter_0672/config_snapshot.yml
Executing iteration...
🔍 Running integrated likelihood...
✅ Integrated likelihood complete (0.46 min)
📈 Running profile likelihood...
✅ Profile likelihood complete (0.25 min)
⏱️  Total experiment time: 0.74 minutes
✓ Experiment results saved to /experiments/exp_v2.1.0/simulations/sim_01/iter_0672/results
✓ Iteration completed
✅ SLURM iteration complete: iter_0672
===== FINAL DIAGNOSTICS for Job 9902040 =====
Job ID: 9902040
Array Job ID: 9900632_671
Cluster: quest
User/Group: tbr0780/tbr0780
State: RUNNING
Nodes: 1
Cores per node: 64
CPU Utilized: 00:00:00
CPU Efficiency: 0.00% of 03:55:44 core-walltime
Job Wall-clock time: 00:03:41
Memory Utilized: 0.00 MB (estimated maximum)
Memory Efficiency: 0.00% of 31.25 GB (500.00 MB/core)
WARNING: Efficiency statistics may be misleading for RUNNING jobs.
--------------------------------------------------------------------------------
JOB INFORMATION 
--------------------------------------------------------------------------------
JobId=9902040 ArrayJobId=9900632 ArrayTaskId=671 JobName=experiment_sim
   UserId=tbr0780(3229) GroupId=tbr0780(4023) MCS_label=N/A
   Priority=20145 Nice=0 Account=p32397 QOS=normal
   JobState=RUNNING Reason=None Dependency=(null)
   Requeue=0 Restarts=0 BatchFlag=1 Reboot=0 ExitCode=0:0
   RunTime=00:03:41 TimeLimit=02:00:00 TimeMin=N/A
   SubmitTime=2025-07-25T19:18:16 EligibleTime=2025-07-25T19:18:19
   AccrueTime=2025-07-25T19:18:19
   StartTime=2025-07-25T19:44:11 EndTime=2025-07-25T21:44:11 Deadline=N/A
   SuspendTime=None SecsPreSuspend=0 LastSchedEval=2025-07-25T19:44:11 Scheduler=Main
   Partition=short AllocNode:Sid=quser32:3020972
   ReqNodeList=(null) ExcNodeList=(null)
   NodeList=qnode1033
   BatchHost=qnode1033
   NumNodes=1 NumCPUs=64 NumTasks=64 CPUs/Task=1 ReqB:S:C:T=0:0:*:*
   ReqTRES=cpu=64,mem=32000M,node=1,billing=288
   AllocTRES=cpu=64,mem=32000M,node=1,billing=288
   Socks/Node=* NtasksPerN:B:S:C=64:0:*:* CoreSpec=*
   MinCPUsNode=64 MinMemoryCPU=500M MinTmpDiskNode=0
   Features=[quest10|quest11|quest12|quest13] DelayBoot=00:00:00
   OverSubscribe=OK Contiguous=0 Licenses=(null) Network=(null)
   Command=/gpfs/home/tbr0780/ILForge/common/bash/launch_experiment.sh
   WorkDir=/gpfs/home/tbr0780/ILForge
   StdErr=/dev/null
   StdIn=/dev/null
   StdOut=/dev/null
   MailUser=timothyruel2024@u.northwestern.edu MailType=INVALID_DEPEND,BEGIN,END,FAIL,REQUEUE,STAGE_OUT
   
--------------------------------------------------------------------------------
JOB EFFICIENCY 
--------------------------------------------------------------------------------
Job efficiency will be calculated after the job has completed.
JobID                     JobName    Elapsed     MaxRSS     ReqMem  AllocCPUS      State 
------------ -------------------- ---------- ---------- ---------- ---------- ---------- 
9900632_671        experiment_sim   00:03:42                32000M         64    RUNNING 
9900632_671+                batch   00:03:42                               64    RUNNING 
9900632_671+               extern   00:03:42                               64    RUNNING 
              total        used        free      shared  buff/cache   available
Mem:          251Gi        22Gi       223Gi       4.3Gi       5.8Gi       221Gi
Swap:          31Gi       3.0Gi        29Gi
 19:47:53 up 123 days,  8:11,  0 users,  load average: 16.61, 6.64, 5.56
top - 19:47:53 up 123 days,  8:11,  0 users,  load average: 16.61, 6.64, 5.56
Tasks: 721 total,   1 running, 720 sleeping,   0 stopped,   0 zombie
%Cpu(s):  0.1 us,  0.2 sy,  0.0 ni, 99.6 id,  0.0 wa,  0.0 hi,  0.1 si,  0.0 st
MiB Mem : 257574.3 total, 229014.9 free,  22656.0 used,   5903.4 buff/cache
MiB Swap:  32768.0 total,  29739.3 free,   3028.7 used. 226341.7 avail Mem 

    PID USER      PR  NI    VIRT    RES    SHR S  %CPU  %MEM     TIME+ COMMAND
2787230 tbr0780   20   0  270060   5304   3704 R  11.8   0.0   0:00.12 top
1082767 root       0 -20   50.3g  18.9g 352952 S   5.9   7.5   5174:17 mmfsd
      1 root      20   0  238296  10796   8612 S   0.0   0.0   8:27.17 systemd
      2 root      20   0       0      0      0 S   0.0   0.0   0:08.50 kthreadd
      3 root       0 -20       0      0      0 I   0.0   0.0   0:00.00 rcu_gp
      4 root       0 -20       0      0      0 I   0.0   0.0   0:00.00 rcu_par+
      5 root       0 -20       0      0      0 I   0.0   0.0   0:00.00 slub_fl+
      7 root       0 -20       0      0      0 I   0.0   0.0   0:00.00 kworker+
     11 root       0 -20       0      0      0 I   0.0   0.0   0:00.00 mm_perc+
     12 root      20   0       0      0      0 S   0.0   0.0   0:00.00 rcu_tas+
     13 root      20   0       0      0      0 S   0.0   0.0   0:00.00 rcu_tas+
     14 root      20   0       0      0      0 S   0.0   0.0   1:17.84 ksoftir+
     15 root      20   0       0      0      0 I   0.0   0.0 139:03.18 rcu_sch+
     16 root      rt   0       0      0      0 S   0.0   0.0   0:08.14 migrati+
     17 root      rt   0       0      0      0 S   0.0   0.0   0:00.90 watchdo+
     18 root      20   0       0      0      0 S   0.0   0.0   0:00.03 cpuhp/0
     19 root      20   0       0      0      0 S   0.0   0.0   0:00.00 cpuhp/1
     20 root      rt   0       0      0      0 S   0.0   0.0   0:07.31 watchdo+
     21 root      rt   0       0      0      0 S   0.0   0.0   0:10.12 migrati+
     22 root      20   0       0      0      0 S   0.0   0.0   0:45.76 ksoftir+
     24 root       0 -20       0      0      0 I   0.0   0.0   0:00.00 kworker+
     25 root      20   0       0      0      0 S   0.0   0.0   0:00.00 cpuhp/2
     26 root      rt   0       0      0      0 S   0.0   0.0   0:07.82 watchdo+
     27 root      rt   0       0      0      0 S   0.0   0.0   0:09.73 migrati+
     28 root      20   0       0      0      0 S   0.0   0.0   0:23.18 ksoftir+
     30 root       0 -20       0      0      0 I   0.0   0.0   0:00.00 kworker+
     31 root      20   0       0      0      0 S   0.0   0.0   0:00.00 cpuhp/3
     32 root      rt   0       0      0      0 S   0.0   0.0   0:08.13 watchdo+
     33 root      rt   0       0      0      0 S   0.0   0.0   0:09.30 migrati+
     34 root      20   0       0      0      0 S   0.0   0.0   0:16.46 ksoftir+
     36 root       0 -20       0      0      0 I   0.0   0.0   0:00.00 kworker+
     37 root      20   0       0      0      0 S   0.0   0.0   0:00.00 cpuhp/4
     38 root      rt   0       0      0      0 S   0.0   0.0   0:08.74 watchdo+
===== BACKGROUND CHECKJOB MONITOR LOG =====
===== checkjob (interval) at Fri Jul 25 19:46:50 CDT 2025 =====
--------------------------------------------------------------------------------
JOB INFORMATION 
--------------------------------------------------------------------------------
JobId=9902040 ArrayJobId=9900632 ArrayTaskId=671 JobName=experiment_sim
   UserId=tbr0780(3229) GroupId=tbr0780(4023) MCS_label=N/A
   Priority=20145 Nice=0 Account=p32397 QOS=normal
   JobState=RUNNING Reason=None Dependency=(null)
   Requeue=0 Restarts=0 BatchFlag=1 Reboot=0 ExitCode=0:0
   RunTime=00:02:39 TimeLimit=02:00:00 TimeMin=N/A
   SubmitTime=2025-07-25T19:18:16 EligibleTime=2025-07-25T19:18:19
   AccrueTime=2025-07-25T19:18:19
   StartTime=2025-07-25T19:44:11 EndTime=2025-07-25T21:44:11 Deadline=N/A
   SuspendTime=None SecsPreSuspend=0 LastSchedEval=2025-07-25T19:44:11 Scheduler=Main
   Partition=short AllocNode:Sid=quser32:3020972
   ReqNodeList=(null) ExcNodeList=(null)
   NodeList=qnode1033
   BatchHost=qnode1033
   NumNodes=1 NumCPUs=64 NumTasks=64 CPUs/Task=1 ReqB:S:C:T=0:0:*:*
   ReqTRES=cpu=64,mem=32000M,node=1,billing=288
   AllocTRES=cpu=64,mem=32000M,node=1,billing=288
   Socks/Node=* NtasksPerN:B:S:C=64:0:*:* CoreSpec=*
   MinCPUsNode=64 MinMemoryCPU=500M MinTmpDiskNode=0
   Features=[quest10|quest11|quest12|quest13] DelayBoot=00:00:00
   OverSubscribe=OK Contiguous=0 Licenses=(null) Network=(null)
   Command=/gpfs/home/tbr0780/ILForge/common/bash/launch_experiment.sh
   WorkDir=/gpfs/home/tbr0780/ILForge
   StdErr=/dev/null
   StdIn=/dev/null
   StdOut=/dev/null
   MailUser=timothyruel2024@u.northwestern.edu MailType=INVALID_DEPEND,BEGIN,END,FAIL,REQUEUE,STAGE_OUT
   
--------------------------------------------------------------------------------
JOB EFFICIENCY 
--------------------------------------------------------------------------------
Job efficiency will be calculated after the job has completed.
===== checkjob (interval) at Fri Jul 25 19:47:21 CDT 2025 =====
--------------------------------------------------------------------------------
JOB INFORMATION 
--------------------------------------------------------------------------------
JobId=9902040 ArrayJobId=9900632 ArrayTaskId=671 JobName=experiment_sim
   UserId=tbr0780(3229) GroupId=tbr0780(4023) MCS_label=N/A
   Priority=20145 Nice=0 Account=p32397 QOS=normal
   JobState=RUNNING Reason=None Dependency=(null)
   Requeue=0 Restarts=0 BatchFlag=1 Reboot=0 ExitCode=0:0
   RunTime=00:03:12 TimeLimit=02:00:00 TimeMin=N/A
   SubmitTime=2025-07-25T19:18:16 EligibleTime=2025-07-25T19:18:19
   AccrueTime=2025-07-25T19:18:19
   StartTime=2025-07-25T19:44:11 EndTime=2025-07-25T21:44:11 Deadline=N/A
   SuspendTime=None SecsPreSuspend=0 LastSchedEval=2025-07-25T19:44:11 Scheduler=Main
   Partition=short AllocNode:Sid=quser32:3020972
   ReqNodeList=(null) ExcNodeList=(null)
   NodeList=qnode1033
   BatchHost=qnode1033
   NumNodes=1 NumCPUs=64 NumTasks=64 CPUs/Task=1 ReqB:S:C:T=0:0:*:*
   ReqTRES=cpu=64,mem=32000M,node=1,billing=288
   AllocTRES=cpu=64,mem=32000M,node=1,billing=288
   Socks/Node=* NtasksPerN:B:S:C=64:0:*:* CoreSpec=*
   MinCPUsNode=64 MinMemoryCPU=500M MinTmpDiskNode=0
   Features=[quest10|quest11|quest12|quest13] DelayBoot=00:00:00
   OverSubscribe=OK Contiguous=0 Licenses=(null) Network=(null)
   Command=/gpfs/home/tbr0780/ILForge/common/bash/launch_experiment.sh
   WorkDir=/gpfs/home/tbr0780/ILForge
   StdErr=/dev/null
   StdIn=/dev/null
   StdOut=/dev/null
   MailUser=timothyruel2024@u.northwestern.edu MailType=INVALID_DEPEND,BEGIN,END,FAIL,REQUEUE,STAGE_OUT
   
--------------------------------------------------------------------------------
JOB EFFICIENCY 
--------------------------------------------------------------------------------
Job efficiency will be calculated after the job has completed.
