📌 Logging to experiments/exp_v2.1.0/simulations/sim_01/iter_0523/logs/slurm_log.out
🔁 Running Iteration 523 of Simulation sim_01 in Experiment exp_v2.1.0 (multinomial_logistic_regression / shared_effect) with 64 cores...
[INFO] True parameters already exist — skipping generation.
Generating data...
[INFO] Loading theta_0 from: /gpfs/home/tbr0780/ILForge/experiments/exp_v2.1.0/true_params/theta_0.rds
[INFO] Generating new data for iteration: iter_0523
✅ Balanced dataset generated on try 1
[✓] Saved config snapshot to: /gpfs/home/tbr0780/ILForge/experiments/exp_v2.1.0/simulations/sim_01/iter_0523/config_snapshot.yml
Executing iteration...
🔍 Running integrated likelihood...
✅ Integrated likelihood complete (0.35 min)
📈 Running profile likelihood...
✅ Profile likelihood complete (0.23 min)
⏱️  Total experiment time: 0.59 minutes
✓ Experiment results saved to /experiments/exp_v2.1.0/simulations/sim_01/iter_0523/results
✓ Iteration completed
✅ SLURM iteration complete: iter_0523
===== FINAL DIAGNOSTICS for Job 9901795 =====
Job ID: 9901795
Array Job ID: 9900632_522
Cluster: quest
User/Group: tbr0780/tbr0780
State: RUNNING
Nodes: 1
Cores per node: 64
CPU Utilized: 00:00:00
CPU Efficiency: 0.00% of 02:10:08 core-walltime
Job Wall-clock time: 00:02:02
Memory Utilized: 0.00 MB (estimated maximum)
Memory Efficiency: 0.00% of 31.25 GB (500.00 MB/core)
WARNING: Efficiency statistics may be misleading for RUNNING jobs.
--------------------------------------------------------------------------------
JOB INFORMATION 
--------------------------------------------------------------------------------
JobId=9901795 ArrayJobId=9900632 ArrayTaskId=522 JobName=experiment_sim
   UserId=tbr0780(3229) GroupId=tbr0780(4023) MCS_label=N/A
   Priority=20145 Nice=0 Account=p32397 QOS=normal
   JobState=RUNNING Reason=None Dependency=(null)
   Requeue=0 Restarts=0 BatchFlag=1 Reboot=0 ExitCode=0:0
   RunTime=00:02:02 TimeLimit=02:00:00 TimeMin=N/A
   SubmitTime=2025-07-25T19:18:16 EligibleTime=2025-07-25T19:18:19
   AccrueTime=2025-07-25T19:18:19
   StartTime=2025-07-25T19:39:12 EndTime=2025-07-25T21:39:12 Deadline=N/A
   SuspendTime=None SecsPreSuspend=0 LastSchedEval=2025-07-25T19:39:12 Scheduler=Main
   Partition=short AllocNode:Sid=quser32:3020972
   ReqNodeList=(null) ExcNodeList=(null)
   NodeList=qnode3061
   BatchHost=qnode3061
   NumNodes=1 NumCPUs=64 NumTasks=64 CPUs/Task=1 ReqB:S:C:T=0:0:*:*
   ReqTRES=cpu=64,mem=32000M,node=1,billing=288
   AllocTRES=cpu=64,mem=32000M,node=1,billing=288
   Socks/Node=* NtasksPerN:B:S:C=64:0:*:* CoreSpec=*
   MinCPUsNode=64 MinMemoryCPU=500M MinTmpDiskNode=0
   Features=[quest10|quest11|quest12|quest13] DelayBoot=00:00:00
   OverSubscribe=OK Contiguous=0 Licenses=(null) Network=(null)
   Command=/gpfs/home/tbr0780/ILForge/common/bash/launch_experiment.sh
   WorkDir=/gpfs/home/tbr0780/ILForge
   StdErr=/dev/null
   StdIn=/dev/null
   StdOut=/dev/null
   MailUser=timothyruel2024@u.northwestern.edu MailType=INVALID_DEPEND,BEGIN,END,FAIL,REQUEUE,STAGE_OUT
   
--------------------------------------------------------------------------------
JOB EFFICIENCY 
--------------------------------------------------------------------------------
Job efficiency will be calculated after the job has completed.
JobID                     JobName    Elapsed     MaxRSS     ReqMem  AllocCPUS      State 
------------ -------------------- ---------- ---------- ---------- ---------- ---------- 
9900632_522        experiment_sim   00:02:02                32000M         64    RUNNING 
9900632_522+                batch   00:02:02                               64    RUNNING 
9900632_522+               extern   00:02:02                               64    RUNNING 
              total        used        free      shared  buff/cache   available
Mem:          503Gi        25Gi       472Gi       3.9Gi       5.5Gi       469Gi
Swap:          31Gi       4.2Gi        27Gi
 19:41:14 up 124 days, 22:55,  0 users,  load average: 115.60, 109.95, 122.90
top - 19:41:15 up 124 days, 22:55,  0 users,  load average: 115.60, 109.95, 122.
Tasks: 1321 total, 101 running, 1220 sleeping,   0 stopped,   0 zombie
%Cpu(s): 39.1 us,  0.1 sy,  0.0 ni, 60.7 id,  0.0 wa,  0.1 hi,  0.0 si,  0.0 st
MiB Mem : 515584.8 total, 484252.3 free,  25727.2 used,   5605.3 buff/cache
MiB Swap:  32768.0 total,  28487.6 free,   4280.4 used. 481079.8 avail Mem 

    PID USER      PR  NI    VIRT    RES    SHR S  %CPU  %MEM     TIME+ COMMAND
 713140 ceo4586   20   0  334368  18652   3932 R  52.9   0.0 214:33.25 python
 713141 ceo4586   20   0  334368  20536   3928 R  52.9   0.0 214:39.44 python
 713149 ceo4586   20   0  334368  20448   3872 R  52.9   0.0 214:33.91 python
 713150 ceo4586   20   0  334368  20520   3936 R  52.9   0.0 214:36.06 python
 713154 ceo4586   20   0  334368  12864   3844 R  52.9   0.0 214:34.73 python
 713159 ceo4586   20   0  334368  20528   3936 R  52.9   0.0 214:39.27 python
 713166 ceo4586   20   0  334368  12816   3832 R  52.9   0.0 214:37.03 python
 713171 ceo4586   20   0  334368  20532   3936 R  52.9   0.0 214:40.98 python
 713173 ceo4586   20   0  334368  20420   3828 R  52.9   0.0 214:33.16 python
 713176 ceo4586   20   0  334368  20552   3936 R  52.9   0.0 214:31.65 python
 713179 ceo4586   20   0  334368  20472   3872 R  52.9   0.0 214:36.25 python
 713181 ceo4586   20   0  334368  20548   3936 R  52.9   0.0 214:13.93 python
 713191 ceo4586   20   0  334368  17040   3936 R  52.9   0.0 214:34.96 python
 713196 ceo4586   20   0  334368  11008   3908 R  52.9   0.0 214:32.86 python
 713202 ceo4586   20   0  334368  11104   3936 R  52.9   0.0 214:35.40 python
 713205 ceo4586   20   0  334368  11076   3936 R  52.9   0.0 214:38.07 python
 713208 ceo4586   20   0  334368  11084   3936 R  52.9   0.0 214:35.64 python
 713212 ceo4586   20   0  334368  11072   3936 R  52.9   0.0 214:35.63 python
 713213 ceo4586   20   0  334368  10944   3872 R  52.9   0.0 214:33.13 python
 713215 ceo4586   20   0  334368  10916   3872 R  52.9   0.0 214:32.34 python
 713219 ceo4586   20   0  334368  11172   3936 R  52.9   0.0 214:33.65 python
 713220 ceo4586   20   0  334368  11108   3936 R  52.9   0.0 214:33.44 python
 713235 ceo4586   20   0  334368  13140   3936 R  52.9   0.0 214:34.43 python
 713137 ceo4586   20   0  334368  20400   3844 R  47.1   0.0 214:33.78 python
 713138 ceo4586   20   0  334368  20560   3936 R  47.1   0.0 214:37.28 python
 713142 ceo4586   20   0  334368  20512   3932 R  47.1   0.0 214:24.32 python
 713143 ceo4586   20   0  334368  20528   3936 R  47.1   0.0 214:35.74 python
 713144 ceo4586   20   0  334368  20516   3936 R  47.1   0.0 214:34.87 python
 713146 ceo4586   20   0  334368  12988   3936 R  47.1   0.0 214:33.07 python
 713147 ceo4586   20   0  334368  12820   3832 R  47.1   0.0 214:36.66 python
 713148 ceo4586   20   0  334368  20408   3832 R  47.1   0.0 214:34.96 python
 713151 ceo4586   20   0  334368  20536   3936 R  47.1   0.0 214:38.97 python
 713152 ceo4586   20   0  334368  13000   3936 R  47.1   0.0 214:26.05 python
===== BACKGROUND CHECKJOB MONITOR LOG =====
===== checkjob (interval) at Fri Jul 25 19:40:29 CDT 2025 =====
--------------------------------------------------------------------------------
JOB INFORMATION 
--------------------------------------------------------------------------------
JobId=9901795 ArrayJobId=9900632 ArrayTaskId=522 JobName=experiment_sim
   UserId=tbr0780(3229) GroupId=tbr0780(4023) MCS_label=N/A
   Priority=20145 Nice=0 Account=p32397 QOS=normal
   JobState=RUNNING Reason=None Dependency=(null)
   Requeue=0 Restarts=0 BatchFlag=1 Reboot=0 ExitCode=0:0
   RunTime=00:01:19 TimeLimit=02:00:00 TimeMin=N/A
   SubmitTime=2025-07-25T19:18:16 EligibleTime=2025-07-25T19:18:19
   AccrueTime=2025-07-25T19:18:19
   StartTime=2025-07-25T19:39:12 EndTime=2025-07-25T21:39:12 Deadline=N/A
   SuspendTime=None SecsPreSuspend=0 LastSchedEval=2025-07-25T19:39:12 Scheduler=Main
   Partition=short AllocNode:Sid=quser32:3020972
   ReqNodeList=(null) ExcNodeList=(null)
   NodeList=qnode3061
   BatchHost=qnode3061
   NumNodes=1 NumCPUs=64 NumTasks=64 CPUs/Task=1 ReqB:S:C:T=0:0:*:*
   ReqTRES=cpu=64,mem=32000M,node=1,billing=288
   AllocTRES=cpu=64,mem=32000M,node=1,billing=288
   Socks/Node=* NtasksPerN:B:S:C=64:0:*:* CoreSpec=*
   MinCPUsNode=64 MinMemoryCPU=500M MinTmpDiskNode=0
   Features=[quest10|quest11|quest12|quest13] DelayBoot=00:00:00
   OverSubscribe=OK Contiguous=0 Licenses=(null) Network=(null)
   Command=/gpfs/home/tbr0780/ILForge/common/bash/launch_experiment.sh
   WorkDir=/gpfs/home/tbr0780/ILForge
   StdErr=/dev/null
   StdIn=/dev/null
   StdOut=/dev/null
   MailUser=timothyruel2024@u.northwestern.edu MailType=INVALID_DEPEND,BEGIN,END,FAIL,REQUEUE,STAGE_OUT
   
--------------------------------------------------------------------------------
JOB EFFICIENCY 
--------------------------------------------------------------------------------
Job efficiency will be calculated after the job has completed.
===== checkjob (interval) at Fri Jul 25 19:41:01 CDT 2025 =====
--------------------------------------------------------------------------------
JOB INFORMATION 
--------------------------------------------------------------------------------
JobId=9901795 ArrayJobId=9900632 ArrayTaskId=522 JobName=experiment_sim
   UserId=tbr0780(3229) GroupId=tbr0780(4023) MCS_label=N/A
   Priority=20145 Nice=0 Account=p32397 QOS=normal
   JobState=RUNNING Reason=None Dependency=(null)
   Requeue=0 Restarts=0 BatchFlag=1 Reboot=0 ExitCode=0:0
   RunTime=00:01:49 TimeLimit=02:00:00 TimeMin=N/A
   SubmitTime=2025-07-25T19:18:16 EligibleTime=2025-07-25T19:18:19
   AccrueTime=2025-07-25T19:18:19
   StartTime=2025-07-25T19:39:12 EndTime=2025-07-25T21:39:12 Deadline=N/A
   SuspendTime=None SecsPreSuspend=0 LastSchedEval=2025-07-25T19:39:12 Scheduler=Main
   Partition=short AllocNode:Sid=quser32:3020972
   ReqNodeList=(null) ExcNodeList=(null)
   NodeList=qnode3061
   BatchHost=qnode3061
   NumNodes=1 NumCPUs=64 NumTasks=64 CPUs/Task=1 ReqB:S:C:T=0:0:*:*
   ReqTRES=cpu=64,mem=32000M,node=1,billing=288
   AllocTRES=cpu=64,mem=32000M,node=1,billing=288
   Socks/Node=* NtasksPerN:B:S:C=64:0:*:* CoreSpec=*
   MinCPUsNode=64 MinMemoryCPU=500M MinTmpDiskNode=0
   Features=[quest10|quest11|quest12|quest13] DelayBoot=00:00:00
   OverSubscribe=OK Contiguous=0 Licenses=(null) Network=(null)
   Command=/gpfs/home/tbr0780/ILForge/common/bash/launch_experiment.sh
   WorkDir=/gpfs/home/tbr0780/ILForge
   StdErr=/dev/null
   StdIn=/dev/null
   StdOut=/dev/null
   MailUser=timothyruel2024@u.northwestern.edu MailType=INVALID_DEPEND,BEGIN,END,FAIL,REQUEUE,STAGE_OUT
   
--------------------------------------------------------------------------------
JOB EFFICIENCY 
--------------------------------------------------------------------------------
Job efficiency will be calculated after the job has completed.
