📌 Logging to experiments/exp_v2.0.0/simulations/sim_01/iter_0728/logs/slurm_log.out
🔁 Running Iteration 728 of Simulation sim_01 in Experiment exp_v2.0.0 (multinomial_logistic_regression / shared_effect) with 64 cores...
[INFO] True parameters already exist — skipping generation.
Generating data...
[INFO] Loading theta_0 from: /gpfs/home/tbr0780/ILForge/experiments/exp_v2.0.0/true_params/theta_0.rds
[INFO] Generating new data for iteration: iter_0728
✅ Balanced dataset generated on try 6
[✓] Saved config snapshot to: /gpfs/home/tbr0780/ILForge/experiments/exp_v2.0.0/simulations/sim_01/iter_0728/config_snapshot.yml
Executing iteration...
🔍 Running integrated likelihood...
✅ Integrated likelihood complete (4.81 min)
📈 Running profile likelihood...
✅ Profile likelihood complete (0.43 min)
⏱️  Total experiment time: 5.26 minutes
✓ Experiment results saved to /experiments/exp_v2.0.0/simulations/sim_01/iter_0728/results
✓ Iteration completed
✅ SLURM iteration complete: iter_0728
===== FINAL DIAGNOSTICS for Job 9116761 =====
Job ID: 9116761
Array Job ID: 9115375_727
Cluster: quest
User/Group: tbr0780/tbr0780
State: RUNNING
Nodes: 1
Cores per node: 64
CPU Utilized: 00:00:00
CPU Efficiency: 0.00% of 06:19:44 core-walltime
Job Wall-clock time: 00:05:56
Memory Utilized: 0.00 MB (estimated maximum)
Memory Efficiency: 0.00% of 31.25 GB (500.00 MB/core)
WARNING: Efficiency statistics may be misleading for RUNNING jobs.
--------------------------------------------------------------------------------
JOB INFORMATION 
--------------------------------------------------------------------------------
JobId=9116761 ArrayJobId=9115375 ArrayTaskId=727 JobName=experiment_sim
   UserId=tbr0780(3229) GroupId=tbr0780(4023) MCS_label=N/A
   Priority=20681 Nice=0 Account=p32397 QOS=normal
   JobState=RUNNING Reason=None Dependency=(null)
   Requeue=0 Restarts=0 BatchFlag=1 Reboot=0 ExitCode=0:0
   RunTime=00:05:57 TimeLimit=02:00:00 TimeMin=N/A
   SubmitTime=2025-07-20T15:11:26 EligibleTime=2025-07-20T15:11:28
   AccrueTime=2025-07-20T15:11:28
   StartTime=2025-07-20T15:58:48 EndTime=2025-07-20T17:58:48 Deadline=N/A
   SuspendTime=None SecsPreSuspend=0 LastSchedEval=2025-07-20T15:58:48 Scheduler=Main
   Partition=short AllocNode:Sid=quser44:2698839
   ReqNodeList=(null) ExcNodeList=(null)
   NodeList=qnode3012
   BatchHost=qnode3012
   NumNodes=1 NumCPUs=64 NumTasks=64 CPUs/Task=1 ReqB:S:C:T=0:0:*:*
   ReqTRES=cpu=64,mem=32000M,node=1,billing=288
   AllocTRES=cpu=64,mem=32000M,node=1,billing=288
   Socks/Node=* NtasksPerN:B:S:C=64:0:*:* CoreSpec=*
   MinCPUsNode=64 MinMemoryCPU=500M MinTmpDiskNode=0
   Features=[quest10|quest11|quest12|quest13] DelayBoot=00:00:00
   OverSubscribe=OK Contiguous=0 Licenses=(null) Network=(null)
   Command=/gpfs/home/tbr0780/ILForge/common/bash/launch_experiment.sh
   WorkDir=/gpfs/home/tbr0780/ILForge
   StdErr=/dev/null
   StdIn=/dev/null
   StdOut=/dev/null
   MailUser=timothyruel2024@u.northwestern.edu MailType=INVALID_DEPEND,BEGIN,END,FAIL,REQUEUE,STAGE_OUT
   
--------------------------------------------------------------------------------
JOB EFFICIENCY 
--------------------------------------------------------------------------------
Job efficiency will be calculated after the job has completed.
JobID                     JobName    Elapsed     MaxRSS     ReqMem  AllocCPUS      State 
------------ -------------------- ---------- ---------- ---------- ---------- ---------- 
9115375_727        experiment_sim   00:05:59                32000M         64    RUNNING 
9115375_727+                batch   00:05:59                               64    RUNNING 
9115375_727+               extern   00:05:59                               64    RUNNING 
              total        used        free      shared  buff/cache   available
Mem:          503Gi        41Gi       458Gi       1.6Gi       2.9Gi       455Gi
Swap:          31Gi       8.2Gi        23Gi
 16:04:47 up 119 days, 19:19,  0 users,  load average: 61.81, 89.80, 89.80
top - 16:04:47 up 119 days, 19:19,  0 users,  load average: 61.81, 89.80, 89.80
Tasks: 1300 total,  66 running, 1234 sleeping,   0 stopped,   0 zombie
%Cpu(s): 49.9 us,  0.9 sy,  0.0 ni, 48.9 id,  0.0 wa,  0.3 hi,  0.0 si,  0.0 st
MiB Mem : 515679.4 total, 469882.3 free,  42830.5 used,   2966.6 buff/cache
MiB Swap:  32768.0 total,  24392.6 free,   8375.4 used. 466562.4 avail Mem 

    PID USER      PR  NI    VIRT    RES    SHR S  %CPU  %MEM     TIME+ COMMAND
 204656 tbr0780   20   0  629288 333340  13348 R 100.0   0.1   0:13.15 R
 204658 tbr0780   20   0  631896 335964  13348 R 100.0   0.1   0:13.13 R
 204661 tbr0780   20   0  635868 339956  13348 R 100.0   0.1   0:13.11 R
 204662 tbr0780   20   0  637292 341312  13348 R 100.0   0.1   0:13.09 R
 204665 tbr0780   20   0  641392 345372  13348 R 100.0   0.1   0:13.07 R
 204666 tbr0780   20   0  642684 346740  13348 R 100.0   0.1   0:13.06 R
 204667 tbr0780   20   0  644148 348112  13348 R 100.0   0.1   0:13.06 R
 204668 tbr0780   20   0  645432 349508  13348 R 100.0   0.1   0:13.05 R
 204674 tbr0780   20   0  653892 357904  13348 R 100.0   0.1   0:12.99 R
 204676 tbr0780   20   0  656756 360752  13348 R 100.0   0.1   0:12.97 R
 204677 tbr0780   20   0  658116 362184  13348 R 100.0   0.1   0:12.96 R
 204679 tbr0780   20   0  661040 365072  13348 R 100.0   0.1   0:12.94 R
 204683 tbr0780   20   0  654592 358684  13348 R 100.0   0.1   0:12.91 R
 204687 tbr0780   20   0  652892 356984  13348 R 100.0   0.1   0:12.85 R
 204688 tbr0780   20   0  652892 356984  13348 R 100.0   0.1   0:12.84 R
 204690 tbr0780   20   0  652892 356984  13348 R 100.0   0.1   0:12.82 R
 204693 tbr0780   20   0  652892 356984  13348 R 100.0   0.1   0:12.78 R
 204695 tbr0780   20   0  652892 356984  13348 R 100.0   0.1   0:12.76 R
 204701 tbr0780   20   0  652892 356984  13348 R 100.0   0.1   0:12.69 R
 204703 tbr0780   20   0  652892 356984  13348 R 100.0   0.1   0:12.67 R
 204706 tbr0780   20   0  652892 356984  13348 R 100.0   0.1   0:12.63 R
 204710 tbr0780   20   0  652892 356984  13348 R 100.0   0.1   0:12.58 R
 204712 tbr0780   20   0  652892 356984  13348 R 100.0   0.1   0:12.56 R
 204713 tbr0780   20   0  652892 356984  13348 R 100.0   0.1   0:12.53 R
 204655 tbr0780   20   0  626856 330860  13348 R  94.1   0.1   0:13.15 R
 204657 tbr0780   20   0  630632 334656  13348 R  94.1   0.1   0:13.13 R
 204659 tbr0780   20   0  633236 337284  13348 R  94.1   0.1   0:13.12 R
 204660 tbr0780   20   0  634608 338628  13348 R  94.1   0.1   0:13.11 R
 204663 tbr0780   20   0  638572 342648  13348 R  94.1   0.1   0:13.08 R
 204664 tbr0780   20   0  640008 344000  13348 R  94.1   0.1   0:13.07 R
 204669 tbr0780   20   0  646880 350876  13348 R  94.1   0.1   0:13.03 R
 204670 tbr0780   20   0  648192 352272  13348 R  94.1   0.1   0:13.02 R
 204671 tbr0780   20   0  649640 353676  13348 R  94.1   0.1   0:13.01 R
===== BACKGROUND CHECKJOB MONITOR LOG =====
===== checkjob (interval) at Sun Jul 20 15:59:22 CDT 2025 =====
--------------------------------------------------------------------------------
JOB INFORMATION 
--------------------------------------------------------------------------------
JobId=9116761 ArrayJobId=9115375 ArrayTaskId=727 JobName=experiment_sim
   UserId=tbr0780(3229) GroupId=tbr0780(4023) MCS_label=N/A
   Priority=20681 Nice=0 Account=p32397 QOS=normal
   JobState=RUNNING Reason=None Dependency=(null)
   Requeue=0 Restarts=0 BatchFlag=1 Reboot=0 ExitCode=0:0
   RunTime=00:00:35 TimeLimit=02:00:00 TimeMin=N/A
   SubmitTime=2025-07-20T15:11:26 EligibleTime=2025-07-20T15:11:28
   AccrueTime=2025-07-20T15:11:28
   StartTime=2025-07-20T15:58:48 EndTime=2025-07-20T17:58:48 Deadline=N/A
   SuspendTime=None SecsPreSuspend=0 LastSchedEval=2025-07-20T15:58:48 Scheduler=Main
   Partition=short AllocNode:Sid=quser44:2698839
   ReqNodeList=(null) ExcNodeList=(null)
   NodeList=qnode3012
   BatchHost=qnode3012
   NumNodes=1 NumCPUs=64 NumTasks=64 CPUs/Task=1 ReqB:S:C:T=0:0:*:*
   ReqTRES=cpu=64,mem=32000M,node=1,billing=288
   AllocTRES=cpu=64,mem=32000M,node=1,billing=288
   Socks/Node=* NtasksPerN:B:S:C=64:0:*:* CoreSpec=*
   MinCPUsNode=64 MinMemoryCPU=500M MinTmpDiskNode=0
   Features=[quest10|quest11|quest12|quest13] DelayBoot=00:00:00
   OverSubscribe=OK Contiguous=0 Licenses=(null) Network=(null)
   Command=/gpfs/home/tbr0780/ILForge/common/bash/launch_experiment.sh
   WorkDir=/gpfs/home/tbr0780/ILForge
   StdErr=/dev/null
   StdIn=/dev/null
   StdOut=/dev/null
   MailUser=timothyruel2024@u.northwestern.edu MailType=INVALID_DEPEND,BEGIN,END,FAIL,REQUEUE,STAGE_OUT
   
--------------------------------------------------------------------------------
JOB EFFICIENCY 
--------------------------------------------------------------------------------
Job efficiency will be calculated after the job has completed.
===== checkjob (interval) at Sun Jul 20 15:59:54 CDT 2025 =====
--------------------------------------------------------------------------------
JOB INFORMATION 
--------------------------------------------------------------------------------
JobId=9116761 ArrayJobId=9115375 ArrayTaskId=727 JobName=experiment_sim
   UserId=tbr0780(3229) GroupId=tbr0780(4023) MCS_label=N/A
   Priority=20681 Nice=0 Account=p32397 QOS=normal
   JobState=RUNNING Reason=None Dependency=(null)
   Requeue=0 Restarts=0 BatchFlag=1 Reboot=0 ExitCode=0:0
   RunTime=00:01:06 TimeLimit=02:00:00 TimeMin=N/A
   SubmitTime=2025-07-20T15:11:26 EligibleTime=2025-07-20T15:11:28
   AccrueTime=2025-07-20T15:11:28
   StartTime=2025-07-20T15:58:48 EndTime=2025-07-20T17:58:48 Deadline=N/A
   SuspendTime=None SecsPreSuspend=0 LastSchedEval=2025-07-20T15:58:48 Scheduler=Main
   Partition=short AllocNode:Sid=quser44:2698839
   ReqNodeList=(null) ExcNodeList=(null)
   NodeList=qnode3012
   BatchHost=qnode3012
   NumNodes=1 NumCPUs=64 NumTasks=64 CPUs/Task=1 ReqB:S:C:T=0:0:*:*
   ReqTRES=cpu=64,mem=32000M,node=1,billing=288
   AllocTRES=cpu=64,mem=32000M,node=1,billing=288
   Socks/Node=* NtasksPerN:B:S:C=64:0:*:* CoreSpec=*
   MinCPUsNode=64 MinMemoryCPU=500M MinTmpDiskNode=0
   Features=[quest10|quest11|quest12|quest13] DelayBoot=00:00:00
   OverSubscribe=OK Contiguous=0 Licenses=(null) Network=(null)
   Command=/gpfs/home/tbr0780/ILForge/common/bash/launch_experiment.sh
   WorkDir=/gpfs/home/tbr0780/ILForge
   StdErr=/dev/null
   StdIn=/dev/null
   StdOut=/dev/null
   MailUser=timothyruel2024@u.northwestern.edu MailType=INVALID_DEPEND,BEGIN,END,FAIL,REQUEUE,STAGE_OUT
   
--------------------------------------------------------------------------------
JOB EFFICIENCY 
--------------------------------------------------------------------------------
Job efficiency will be calculated after the job has completed.
===== checkjob (interval) at Sun Jul 20 16:00:26 CDT 2025 =====
--------------------------------------------------------------------------------
JOB INFORMATION 
--------------------------------------------------------------------------------
JobId=9116761 ArrayJobId=9115375 ArrayTaskId=727 JobName=experiment_sim
   UserId=tbr0780(3229) GroupId=tbr0780(4023) MCS_label=N/A
   Priority=20681 Nice=0 Account=p32397 QOS=normal
   JobState=RUNNING Reason=None Dependency=(null)
   Requeue=0 Restarts=0 BatchFlag=1 Reboot=0 ExitCode=0:0
   RunTime=00:01:38 TimeLimit=02:00:00 TimeMin=N/A
   SubmitTime=2025-07-20T15:11:26 EligibleTime=2025-07-20T15:11:28
   AccrueTime=2025-07-20T15:11:28
   StartTime=2025-07-20T15:58:48 EndTime=2025-07-20T17:58:48 Deadline=N/A
   SuspendTime=None SecsPreSuspend=0 LastSchedEval=2025-07-20T15:58:48 Scheduler=Main
   Partition=short AllocNode:Sid=quser44:2698839
   ReqNodeList=(null) ExcNodeList=(null)
   NodeList=qnode3012
   BatchHost=qnode3012
   NumNodes=1 NumCPUs=64 NumTasks=64 CPUs/Task=1 ReqB:S:C:T=0:0:*:*
   ReqTRES=cpu=64,mem=32000M,node=1,billing=288
   AllocTRES=cpu=64,mem=32000M,node=1,billing=288
   Socks/Node=* NtasksPerN:B:S:C=64:0:*:* CoreSpec=*
   MinCPUsNode=64 MinMemoryCPU=500M MinTmpDiskNode=0
   Features=[quest10|quest11|quest12|quest13] DelayBoot=00:00:00
   OverSubscribe=OK Contiguous=0 Licenses=(null) Network=(null)
   Command=/gpfs/home/tbr0780/ILForge/common/bash/launch_experiment.sh
   WorkDir=/gpfs/home/tbr0780/ILForge
   StdErr=/dev/null
   StdIn=/dev/null
   StdOut=/dev/null
   MailUser=timothyruel2024@u.northwestern.edu MailType=INVALID_DEPEND,BEGIN,END,FAIL,REQUEUE,STAGE_OUT
   
--------------------------------------------------------------------------------
JOB EFFICIENCY 
--------------------------------------------------------------------------------
Job efficiency will be calculated after the job has completed.
===== checkjob (interval) at Sun Jul 20 16:00:57 CDT 2025 =====
--------------------------------------------------------------------------------
JOB INFORMATION 
--------------------------------------------------------------------------------
JobId=9116761 ArrayJobId=9115375 ArrayTaskId=727 JobName=experiment_sim
   UserId=tbr0780(3229) GroupId=tbr0780(4023) MCS_label=N/A
   Priority=20681 Nice=0 Account=p32397 QOS=normal
   JobState=RUNNING Reason=None Dependency=(null)
   Requeue=0 Restarts=0 BatchFlag=1 Reboot=0 ExitCode=0:0
   RunTime=00:02:09 TimeLimit=02:00:00 TimeMin=N/A
   SubmitTime=2025-07-20T15:11:26 EligibleTime=2025-07-20T15:11:28
   AccrueTime=2025-07-20T15:11:28
   StartTime=2025-07-20T15:58:48 EndTime=2025-07-20T17:58:48 Deadline=N/A
   SuspendTime=None SecsPreSuspend=0 LastSchedEval=2025-07-20T15:58:48 Scheduler=Main
   Partition=short AllocNode:Sid=quser44:2698839
   ReqNodeList=(null) ExcNodeList=(null)
   NodeList=qnode3012
   BatchHost=qnode3012
   NumNodes=1 NumCPUs=64 NumTasks=64 CPUs/Task=1 ReqB:S:C:T=0:0:*:*
   ReqTRES=cpu=64,mem=32000M,node=1,billing=288
   AllocTRES=cpu=64,mem=32000M,node=1,billing=288
   Socks/Node=* NtasksPerN:B:S:C=64:0:*:* CoreSpec=*
   MinCPUsNode=64 MinMemoryCPU=500M MinTmpDiskNode=0
   Features=[quest10|quest11|quest12|quest13] DelayBoot=00:00:00
   OverSubscribe=OK Contiguous=0 Licenses=(null) Network=(null)
   Command=/gpfs/home/tbr0780/ILForge/common/bash/launch_experiment.sh
   WorkDir=/gpfs/home/tbr0780/ILForge
   StdErr=/dev/null
   StdIn=/dev/null
   StdOut=/dev/null
   MailUser=timothyruel2024@u.northwestern.edu MailType=INVALID_DEPEND,BEGIN,END,FAIL,REQUEUE,STAGE_OUT
   
--------------------------------------------------------------------------------
JOB EFFICIENCY 
--------------------------------------------------------------------------------
Job efficiency will be calculated after the job has completed.
===== checkjob (interval) at Sun Jul 20 16:01:30 CDT 2025 =====
--------------------------------------------------------------------------------
JOB INFORMATION 
--------------------------------------------------------------------------------
JobId=9116761 ArrayJobId=9115375 ArrayTaskId=727 JobName=experiment_sim
   UserId=tbr0780(3229) GroupId=tbr0780(4023) MCS_label=N/A
   Priority=20681 Nice=0 Account=p32397 QOS=normal
   JobState=RUNNING Reason=None Dependency=(null)
   Requeue=0 Restarts=0 BatchFlag=1 Reboot=0 ExitCode=0:0
   RunTime=00:02:42 TimeLimit=02:00:00 TimeMin=N/A
   SubmitTime=2025-07-20T15:11:26 EligibleTime=2025-07-20T15:11:28
   AccrueTime=2025-07-20T15:11:28
   StartTime=2025-07-20T15:58:48 EndTime=2025-07-20T17:58:48 Deadline=N/A
   SuspendTime=None SecsPreSuspend=0 LastSchedEval=2025-07-20T15:58:48 Scheduler=Main
   Partition=short AllocNode:Sid=quser44:2698839
   ReqNodeList=(null) ExcNodeList=(null)
   NodeList=qnode3012
   BatchHost=qnode3012
   NumNodes=1 NumCPUs=64 NumTasks=64 CPUs/Task=1 ReqB:S:C:T=0:0:*:*
   ReqTRES=cpu=64,mem=32000M,node=1,billing=288
   AllocTRES=cpu=64,mem=32000M,node=1,billing=288
   Socks/Node=* NtasksPerN:B:S:C=64:0:*:* CoreSpec=*
   MinCPUsNode=64 MinMemoryCPU=500M MinTmpDiskNode=0
   Features=[quest10|quest11|quest12|quest13] DelayBoot=00:00:00
   OverSubscribe=OK Contiguous=0 Licenses=(null) Network=(null)
   Command=/gpfs/home/tbr0780/ILForge/common/bash/launch_experiment.sh
   WorkDir=/gpfs/home/tbr0780/ILForge
   StdErr=/dev/null
   StdIn=/dev/null
   StdOut=/dev/null
   MailUser=timothyruel2024@u.northwestern.edu MailType=INVALID_DEPEND,BEGIN,END,FAIL,REQUEUE,STAGE_OUT
   
--------------------------------------------------------------------------------
JOB EFFICIENCY 
--------------------------------------------------------------------------------
Job efficiency will be calculated after the job has completed.
===== checkjob (interval) at Sun Jul 20 16:02:03 CDT 2025 =====
--------------------------------------------------------------------------------
JOB INFORMATION 
--------------------------------------------------------------------------------
JobId=9116761 ArrayJobId=9115375 ArrayTaskId=727 JobName=experiment_sim
   UserId=tbr0780(3229) GroupId=tbr0780(4023) MCS_label=N/A
   Priority=20681 Nice=0 Account=p32397 QOS=normal
   JobState=RUNNING Reason=None Dependency=(null)
   Requeue=0 Restarts=0 BatchFlag=1 Reboot=0 ExitCode=0:0
   RunTime=00:03:15 TimeLimit=02:00:00 TimeMin=N/A
   SubmitTime=2025-07-20T15:11:26 EligibleTime=2025-07-20T15:11:28
   AccrueTime=2025-07-20T15:11:28
   StartTime=2025-07-20T15:58:48 EndTime=2025-07-20T17:58:48 Deadline=N/A
   SuspendTime=None SecsPreSuspend=0 LastSchedEval=2025-07-20T15:58:48 Scheduler=Main
   Partition=short AllocNode:Sid=quser44:2698839
   ReqNodeList=(null) ExcNodeList=(null)
   NodeList=qnode3012
   BatchHost=qnode3012
   NumNodes=1 NumCPUs=64 NumTasks=64 CPUs/Task=1 ReqB:S:C:T=0:0:*:*
   ReqTRES=cpu=64,mem=32000M,node=1,billing=288
   AllocTRES=cpu=64,mem=32000M,node=1,billing=288
   Socks/Node=* NtasksPerN:B:S:C=64:0:*:* CoreSpec=*
   MinCPUsNode=64 MinMemoryCPU=500M MinTmpDiskNode=0
   Features=[quest10|quest11|quest12|quest13] DelayBoot=00:00:00
   OverSubscribe=OK Contiguous=0 Licenses=(null) Network=(null)
   Command=/gpfs/home/tbr0780/ILForge/common/bash/launch_experiment.sh
   WorkDir=/gpfs/home/tbr0780/ILForge
   StdErr=/dev/null
   StdIn=/dev/null
   StdOut=/dev/null
   MailUser=timothyruel2024@u.northwestern.edu MailType=INVALID_DEPEND,BEGIN,END,FAIL,REQUEUE,STAGE_OUT
   
--------------------------------------------------------------------------------
JOB EFFICIENCY 
--------------------------------------------------------------------------------
Job efficiency will be calculated after the job has completed.
===== checkjob (interval) at Sun Jul 20 16:02:35 CDT 2025 =====
--------------------------------------------------------------------------------
JOB INFORMATION 
--------------------------------------------------------------------------------
JobId=9116761 ArrayJobId=9115375 ArrayTaskId=727 JobName=experiment_sim
   UserId=tbr0780(3229) GroupId=tbr0780(4023) MCS_label=N/A
   Priority=20681 Nice=0 Account=p32397 QOS=normal
   JobState=RUNNING Reason=None Dependency=(null)
   Requeue=0 Restarts=0 BatchFlag=1 Reboot=0 ExitCode=0:0
   RunTime=00:03:48 TimeLimit=02:00:00 TimeMin=N/A
   SubmitTime=2025-07-20T15:11:26 EligibleTime=2025-07-20T15:11:28
   AccrueTime=2025-07-20T15:11:28
   StartTime=2025-07-20T15:58:48 EndTime=2025-07-20T17:58:48 Deadline=N/A
   SuspendTime=None SecsPreSuspend=0 LastSchedEval=2025-07-20T15:58:48 Scheduler=Main
   Partition=short AllocNode:Sid=quser44:2698839
   ReqNodeList=(null) ExcNodeList=(null)
   NodeList=qnode3012
   BatchHost=qnode3012
   NumNodes=1 NumCPUs=64 NumTasks=64 CPUs/Task=1 ReqB:S:C:T=0:0:*:*
   ReqTRES=cpu=64,mem=32000M,node=1,billing=288
   AllocTRES=cpu=64,mem=32000M,node=1,billing=288
   Socks/Node=* NtasksPerN:B:S:C=64:0:*:* CoreSpec=*
   MinCPUsNode=64 MinMemoryCPU=500M MinTmpDiskNode=0
   Features=[quest10|quest11|quest12|quest13] DelayBoot=00:00:00
   OverSubscribe=OK Contiguous=0 Licenses=(null) Network=(null)
   Command=/gpfs/home/tbr0780/ILForge/common/bash/launch_experiment.sh
   WorkDir=/gpfs/home/tbr0780/ILForge
   StdErr=/dev/null
   StdIn=/dev/null
   StdOut=/dev/null
   MailUser=timothyruel2024@u.northwestern.edu MailType=INVALID_DEPEND,BEGIN,END,FAIL,REQUEUE,STAGE_OUT
   
--------------------------------------------------------------------------------
JOB EFFICIENCY 
--------------------------------------------------------------------------------
Job efficiency will be calculated after the job has completed.
===== checkjob (interval) at Sun Jul 20 16:03:10 CDT 2025 =====
--------------------------------------------------------------------------------
JOB INFORMATION 
--------------------------------------------------------------------------------
JobId=9116761 ArrayJobId=9115375 ArrayTaskId=727 JobName=experiment_sim
   UserId=tbr0780(3229) GroupId=tbr0780(4023) MCS_label=N/A
   Priority=20681 Nice=0 Account=p32397 QOS=normal
   JobState=RUNNING Reason=None Dependency=(null)
   Requeue=0 Restarts=0 BatchFlag=1 Reboot=0 ExitCode=0:0
   RunTime=00:04:23 TimeLimit=02:00:00 TimeMin=N/A
   SubmitTime=2025-07-20T15:11:26 EligibleTime=2025-07-20T15:11:28
   AccrueTime=2025-07-20T15:11:28
   StartTime=2025-07-20T15:58:48 EndTime=2025-07-20T17:58:48 Deadline=N/A
   SuspendTime=None SecsPreSuspend=0 LastSchedEval=2025-07-20T15:58:48 Scheduler=Main
   Partition=short AllocNode:Sid=quser44:2698839
   ReqNodeList=(null) ExcNodeList=(null)
   NodeList=qnode3012
   BatchHost=qnode3012
   NumNodes=1 NumCPUs=64 NumTasks=64 CPUs/Task=1 ReqB:S:C:T=0:0:*:*
   ReqTRES=cpu=64,mem=32000M,node=1,billing=288
   AllocTRES=cpu=64,mem=32000M,node=1,billing=288
   Socks/Node=* NtasksPerN:B:S:C=64:0:*:* CoreSpec=*
   MinCPUsNode=64 MinMemoryCPU=500M MinTmpDiskNode=0
   Features=[quest10|quest11|quest12|quest13] DelayBoot=00:00:00
   OverSubscribe=OK Contiguous=0 Licenses=(null) Network=(null)
   Command=/gpfs/home/tbr0780/ILForge/common/bash/launch_experiment.sh
   WorkDir=/gpfs/home/tbr0780/ILForge
   StdErr=/dev/null
   StdIn=/dev/null
   StdOut=/dev/null
   MailUser=timothyruel2024@u.northwestern.edu MailType=INVALID_DEPEND,BEGIN,END,FAIL,REQUEUE,STAGE_OUT
   
--------------------------------------------------------------------------------
JOB EFFICIENCY 
--------------------------------------------------------------------------------
Job efficiency will be calculated after the job has completed.
===== checkjob (interval) at Sun Jul 20 16:03:42 CDT 2025 =====
--------------------------------------------------------------------------------
JOB INFORMATION 
--------------------------------------------------------------------------------
JobId=9116761 ArrayJobId=9115375 ArrayTaskId=727 JobName=experiment_sim
   UserId=tbr0780(3229) GroupId=tbr0780(4023) MCS_label=N/A
   Priority=20681 Nice=0 Account=p32397 QOS=normal
   JobState=RUNNING Reason=None Dependency=(null)
   Requeue=0 Restarts=0 BatchFlag=1 Reboot=0 ExitCode=0:0
   RunTime=00:04:56 TimeLimit=02:00:00 TimeMin=N/A
   SubmitTime=2025-07-20T15:11:26 EligibleTime=2025-07-20T15:11:28
   AccrueTime=2025-07-20T15:11:28
   StartTime=2025-07-20T15:58:48 EndTime=2025-07-20T17:58:48 Deadline=N/A
   SuspendTime=None SecsPreSuspend=0 LastSchedEval=2025-07-20T15:58:48 Scheduler=Main
   Partition=short AllocNode:Sid=quser44:2698839
   ReqNodeList=(null) ExcNodeList=(null)
   NodeList=qnode3012
   BatchHost=qnode3012
   NumNodes=1 NumCPUs=64 NumTasks=64 CPUs/Task=1 ReqB:S:C:T=0:0:*:*
   ReqTRES=cpu=64,mem=32000M,node=1,billing=288
   AllocTRES=cpu=64,mem=32000M,node=1,billing=288
   Socks/Node=* NtasksPerN:B:S:C=64:0:*:* CoreSpec=*
   MinCPUsNode=64 MinMemoryCPU=500M MinTmpDiskNode=0
   Features=[quest10|quest11|quest12|quest13] DelayBoot=00:00:00
   OverSubscribe=OK Contiguous=0 Licenses=(null) Network=(null)
   Command=/gpfs/home/tbr0780/ILForge/common/bash/launch_experiment.sh
   WorkDir=/gpfs/home/tbr0780/ILForge
   StdErr=/dev/null
   StdIn=/dev/null
   StdOut=/dev/null
   MailUser=timothyruel2024@u.northwestern.edu MailType=INVALID_DEPEND,BEGIN,END,FAIL,REQUEUE,STAGE_OUT
   
--------------------------------------------------------------------------------
JOB EFFICIENCY 
--------------------------------------------------------------------------------
Job efficiency will be calculated after the job has completed.
===== checkjob (interval) at Sun Jul 20 16:04:17 CDT 2025 =====
--------------------------------------------------------------------------------
JOB INFORMATION 
--------------------------------------------------------------------------------
JobId=9116761 ArrayJobId=9115375 ArrayTaskId=727 JobName=experiment_sim
   UserId=tbr0780(3229) GroupId=tbr0780(4023) MCS_label=N/A
   Priority=20681 Nice=0 Account=p32397 QOS=normal
   JobState=RUNNING Reason=None Dependency=(null)
   Requeue=0 Restarts=0 BatchFlag=1 Reboot=0 ExitCode=0:0
   RunTime=00:05:29 TimeLimit=02:00:00 TimeMin=N/A
   SubmitTime=2025-07-20T15:11:26 EligibleTime=2025-07-20T15:11:28
   AccrueTime=2025-07-20T15:11:28
   StartTime=2025-07-20T15:58:48 EndTime=2025-07-20T17:58:48 Deadline=N/A
   SuspendTime=None SecsPreSuspend=0 LastSchedEval=2025-07-20T15:58:48 Scheduler=Main
   Partition=short AllocNode:Sid=quser44:2698839
   ReqNodeList=(null) ExcNodeList=(null)
   NodeList=qnode3012
   BatchHost=qnode3012
   NumNodes=1 NumCPUs=64 NumTasks=64 CPUs/Task=1 ReqB:S:C:T=0:0:*:*
   ReqTRES=cpu=64,mem=32000M,node=1,billing=288
   AllocTRES=cpu=64,mem=32000M,node=1,billing=288
   Socks/Node=* NtasksPerN:B:S:C=64:0:*:* CoreSpec=*
   MinCPUsNode=64 MinMemoryCPU=500M MinTmpDiskNode=0
   Features=[quest10|quest11|quest12|quest13] DelayBoot=00:00:00
   OverSubscribe=OK Contiguous=0 Licenses=(null) Network=(null)
   Command=/gpfs/home/tbr0780/ILForge/common/bash/launch_experiment.sh
   WorkDir=/gpfs/home/tbr0780/ILForge
   StdErr=/dev/null
   StdIn=/dev/null
   StdOut=/dev/null
   MailUser=timothyruel2024@u.northwestern.edu MailType=INVALID_DEPEND,BEGIN,END,FAIL,REQUEUE,STAGE_OUT
   
--------------------------------------------------------------------------------
JOB EFFICIENCY 
--------------------------------------------------------------------------------
Job efficiency will be calculated after the job has completed.
===== checkjob (interval) at Sun Jul 20 16:04:47 CDT 2025 =====
