📌 Logging to experiments/exp_v2.1.0/simulations/sim_01/iter_1926/logs/slurm_log.out
🔁 Running Iteration 1926 of Simulation sim_01 in Experiment exp_v2.1.0 (multinomial_logistic_regression / shared_effect) with 64 cores...
[INFO] True parameters already exist — skipping generation.
Generating data...
[INFO] Loading theta_0 from: /gpfs/home/tbr0780/ILForge/experiments/exp_v2.1.0/true_params/theta_0.rds
[INFO] Generating new data for iteration: iter_1926
✅ Balanced dataset generated on try 1
[✓] Saved config snapshot to: /gpfs/home/tbr0780/ILForge/experiments/exp_v2.1.0/simulations/sim_01/iter_1926/config_snapshot.yml
Executing iteration...
🔍 Running integrated likelihood...
✅ Integrated likelihood complete (0.62 min)
📈 Running profile likelihood...
✅ Profile likelihood complete (0.37 min)
⏱️  Total experiment time: 1.01 minutes
✓ Experiment results saved to /experiments/exp_v2.1.0/simulations/sim_01/iter_1926/results
✓ Iteration completed
✅ SLURM iteration complete: iter_1926
===== FINAL DIAGNOSTICS for Job 9904174 =====
Job ID: 9904174
Array Job ID: 9900632_1925
Cluster: quest
User/Group: tbr0780/tbr0780
State: RUNNING
Nodes: 1
Cores per node: 64
CPU Utilized: 00:00:00
CPU Efficiency: 0.00% of 02:28:16 core-walltime
Job Wall-clock time: 00:02:19
Memory Utilized: 0.00 MB (estimated maximum)
Memory Efficiency: 0.00% of 31.25 GB (500.00 MB/core)
WARNING: Efficiency statistics may be misleading for RUNNING jobs.
--------------------------------------------------------------------------------
JOB INFORMATION 
--------------------------------------------------------------------------------
JobId=9904174 ArrayJobId=9900632 ArrayTaskId=1925 JobName=experiment_sim
   UserId=tbr0780(3229) GroupId=tbr0780(4023) MCS_label=N/A
   Priority=20185 Nice=0 Account=p32397 QOS=normal
   JobState=RUNNING Reason=None Dependency=(null)
   Requeue=0 Restarts=0 BatchFlag=1 Reboot=0 ExitCode=0:0
   RunTime=00:02:20 TimeLimit=02:00:00 TimeMin=N/A
   SubmitTime=2025-07-25T19:18:16 EligibleTime=2025-07-25T19:18:19
   AccrueTime=2025-07-25T19:18:19
   StartTime=2025-07-25T20:17:32 EndTime=2025-07-25T22:17:32 Deadline=N/A
   SuspendTime=None SecsPreSuspend=0 LastSchedEval=2025-07-25T20:17:32 Scheduler=Main
   Partition=short AllocNode:Sid=quser32:3020972
   ReqNodeList=(null) ExcNodeList=(null)
   NodeList=qnode3064
   BatchHost=qnode3064
   NumNodes=1 NumCPUs=64 NumTasks=64 CPUs/Task=1 ReqB:S:C:T=0:0:*:*
   ReqTRES=cpu=64,mem=32000M,node=1,billing=288
   AllocTRES=cpu=64,mem=32000M,node=1,billing=288
   Socks/Node=* NtasksPerN:B:S:C=64:0:*:* CoreSpec=*
   MinCPUsNode=64 MinMemoryCPU=500M MinTmpDiskNode=0
   Features=[quest10|quest11|quest12|quest13] DelayBoot=00:00:00
   OverSubscribe=OK Contiguous=0 Licenses=(null) Network=(null)
   Command=/gpfs/home/tbr0780/ILForge/common/bash/launch_experiment.sh
   WorkDir=/gpfs/home/tbr0780/ILForge
   StdErr=/dev/null
   StdIn=/dev/null
   StdOut=/dev/null
   MailUser=timothyruel2024@u.northwestern.edu MailType=INVALID_DEPEND,BEGIN,END,FAIL,REQUEUE,STAGE_OUT
   
--------------------------------------------------------------------------------
JOB EFFICIENCY 
--------------------------------------------------------------------------------
Job efficiency will be calculated after the job has completed.
JobID                     JobName    Elapsed     MaxRSS     ReqMem  AllocCPUS      State 
------------ -------------------- ---------- ---------- ---------- ---------- ---------- 
9900632_1925       experiment_sim   00:02:20                32000M         64    RUNNING 
9900632_192+                batch   00:02:20                               64    RUNNING 
9900632_192+               extern   00:02:20                               64    RUNNING 
              total        used        free      shared  buff/cache   available
Mem:          503Gi        44Gi       453Gi       4.3Gi       5.5Gi       450Gi
Swap:          31Gi       3.4Gi        28Gi
 20:19:52 up 124 days, 23:33,  5 users,  load average: 35.87, 24.18, 22.83
top - 20:19:52 up 124 days, 23:33,  5 users,  load average: 35.87, 24.18, 22.83
Tasks: 1311 total,  65 running, 1246 sleeping,   0 stopped,   0 zombie
%Cpu(s): 49.7 us,  0.3 sy,  0.0 ni, 49.7 id,  0.0 wa,  0.2 hi,  0.0 si,  0.0 st
MiB Mem : 515584.8 total, 464828.8 free,  45121.4 used,   5634.6 buff/cache
MiB Swap:  32768.0 total,  29331.4 free,   3436.6 used. 461444.0 avail Mem 

    PID USER      PR  NI    VIRT    RES    SHR S  %CPU  %MEM     TIME+ COMMAND
1373371 tbr0780   20   0  641632 345664  13380 R 100.0   0.1   0:12.33 R
1373372 tbr0780   20   0  642916 346932  13380 R 100.0   0.1   0:12.32 R
1373373 tbr0780   20   0  644084 348208  13380 R 100.0   0.1   0:12.31 R
1373374 tbr0780   20   0  645452 349492  13380 R 100.0   0.1   0:12.23 R
1373375 tbr0780   20   0  646740 350784  13380 R 100.0   0.1   0:12.16 R
1373376 tbr0780   20   0  648032 352088  13380 R 100.0   0.1   0:12.28 R
1373377 tbr0780   20   0  649388 353384  13380 R 100.0   0.1   0:12.27 R
1373381 tbr0780   20   0  654644 358656  13380 R 100.0   0.1   0:12.23 R
1373383 tbr0780   20   0  657240 361328  13380 R 100.0   0.1   0:12.22 R
1373385 tbr0780   20   0  660004 364004  13380 R 100.0   0.1   0:12.20 R
1373387 tbr0780   20   0  662624 366740  13380 R 100.0   0.1   0:12.18 R
1373390 tbr0780   20   0  659208 363332  13380 R 100.0   0.1   0:12.15 R
1373393 tbr0780   20   0  657876 362000  13380 R 100.0   0.1   0:12.10 R
1373397 tbr0780   20   0  659052 363176  13380 R 100.0   0.1   0:12.06 R
1373398 tbr0780   20   0  663556 367640  13380 R 100.0   0.1   0:12.05 R
1373404 tbr0780   20   0  663692 367708  13380 R 100.0   0.1   0:11.99 R
1373408 tbr0780   20   0  663692 367764  13380 R 100.0   0.1   0:11.94 R
1373410 tbr0780   20   0  663684 367804  13380 R 100.0   0.1   0:11.92 R
1373412 tbr0780   20   0  663824 367836  13380 R 100.0   0.1   0:11.90 R
1373419 tbr0780   20   0  663980 368004  13380 R 100.0   0.1   0:11.82 R
1373422 tbr0780   20   0  664096 368100  13380 R 100.0   0.1   0:11.78 R
1373423 tbr0780   20   0  664068 368124  13380 R 100.0   0.1   0:11.77 R
1373424 tbr0780   20   0  664088 368148  13380 R 100.0   0.1   0:11.73 R
1373364 tbr0780   20   0  631772 335856  13380 R  94.1   0.1   0:12.23 R
1373365 tbr0780   20   0  634120 338204  13380 R  94.1   0.1   0:12.37 R
1373366 tbr0780   20   0  635312 339416  13380 R  94.1   0.1   0:12.24 R
1373367 tbr0780   20   0  636620 340644  13380 R  94.1   0.1   0:12.24 R
1373368 tbr0780   20   0  637804 341884  13380 R  94.1   0.1   0:12.29 R
1373369 tbr0780   20   0  639072 343136  13380 R  94.1   0.1   0:12.34 R
1373370 tbr0780   20   0  640292 344380  13380 R  94.1   0.1   0:12.33 R
1373378 tbr0780   20   0  650596 354692  13380 R  94.1   0.1   0:12.26 R
1373379 tbr0780   20   0  651940 356012  13380 R  94.1   0.1   0:12.25 R
1373380 tbr0780   20   0  653240 357340  13380 R  94.1   0.1   0:12.24 R
===== BACKGROUND CHECKJOB MONITOR LOG =====
===== checkjob (interval) at Fri Jul 25 20:18:37 CDT 2025 =====
--------------------------------------------------------------------------------
JOB INFORMATION 
--------------------------------------------------------------------------------
JobId=9904174 ArrayJobId=9900632 ArrayTaskId=1925 JobName=experiment_sim
   UserId=tbr0780(3229) GroupId=tbr0780(4023) MCS_label=N/A
   Priority=20185 Nice=0 Account=p32397 QOS=normal
   JobState=RUNNING Reason=None Dependency=(null)
   Requeue=0 Restarts=0 BatchFlag=1 Reboot=0 ExitCode=0:0
   RunTime=00:01:05 TimeLimit=02:00:00 TimeMin=N/A
   SubmitTime=2025-07-25T19:18:16 EligibleTime=2025-07-25T19:18:19
   AccrueTime=2025-07-25T19:18:19
   StartTime=2025-07-25T20:17:32 EndTime=2025-07-25T22:17:32 Deadline=N/A
   SuspendTime=None SecsPreSuspend=0 LastSchedEval=2025-07-25T20:17:32 Scheduler=Main
   Partition=short AllocNode:Sid=quser32:3020972
   ReqNodeList=(null) ExcNodeList=(null)
   NodeList=qnode3064
   BatchHost=qnode3064
   NumNodes=1 NumCPUs=64 NumTasks=64 CPUs/Task=1 ReqB:S:C:T=0:0:*:*
   ReqTRES=cpu=64,mem=32000M,node=1,billing=288
   AllocTRES=cpu=64,mem=32000M,node=1,billing=288
   Socks/Node=* NtasksPerN:B:S:C=64:0:*:* CoreSpec=*
   MinCPUsNode=64 MinMemoryCPU=500M MinTmpDiskNode=0
   Features=[quest10|quest11|quest12|quest13] DelayBoot=00:00:00
   OverSubscribe=OK Contiguous=0 Licenses=(null) Network=(null)
   Command=/gpfs/home/tbr0780/ILForge/common/bash/launch_experiment.sh
   WorkDir=/gpfs/home/tbr0780/ILForge
   StdErr=/dev/null
   StdIn=/dev/null
   StdOut=/dev/null
   MailUser=timothyruel2024@u.northwestern.edu MailType=INVALID_DEPEND,BEGIN,END,FAIL,REQUEUE,STAGE_OUT
   
--------------------------------------------------------------------------------
JOB EFFICIENCY 
--------------------------------------------------------------------------------
Job efficiency will be calculated after the job has completed.
===== checkjob (interval) at Fri Jul 25 20:19:07 CDT 2025 =====
--------------------------------------------------------------------------------
JOB INFORMATION 
--------------------------------------------------------------------------------
JobId=9904174 ArrayJobId=9900632 ArrayTaskId=1925 JobName=experiment_sim
   UserId=tbr0780(3229) GroupId=tbr0780(4023) MCS_label=N/A
   Priority=20185 Nice=0 Account=p32397 QOS=normal
   JobState=RUNNING Reason=None Dependency=(null)
   Requeue=0 Restarts=0 BatchFlag=1 Reboot=0 ExitCode=0:0
   RunTime=00:01:36 TimeLimit=02:00:00 TimeMin=N/A
   SubmitTime=2025-07-25T19:18:16 EligibleTime=2025-07-25T19:18:19
   AccrueTime=2025-07-25T19:18:19
   StartTime=2025-07-25T20:17:32 EndTime=2025-07-25T22:17:32 Deadline=N/A
   SuspendTime=None SecsPreSuspend=0 LastSchedEval=2025-07-25T20:17:32 Scheduler=Main
   Partition=short AllocNode:Sid=quser32:3020972
   ReqNodeList=(null) ExcNodeList=(null)
   NodeList=qnode3064
   BatchHost=qnode3064
   NumNodes=1 NumCPUs=64 NumTasks=64 CPUs/Task=1 ReqB:S:C:T=0:0:*:*
   ReqTRES=cpu=64,mem=32000M,node=1,billing=288
   AllocTRES=cpu=64,mem=32000M,node=1,billing=288
   Socks/Node=* NtasksPerN:B:S:C=64:0:*:* CoreSpec=*
   MinCPUsNode=64 MinMemoryCPU=500M MinTmpDiskNode=0
   Features=[quest10|quest11|quest12|quest13] DelayBoot=00:00:00
   OverSubscribe=OK Contiguous=0 Licenses=(null) Network=(null)
   Command=/gpfs/home/tbr0780/ILForge/common/bash/launch_experiment.sh
   WorkDir=/gpfs/home/tbr0780/ILForge
   StdErr=/dev/null
   StdIn=/dev/null
   StdOut=/dev/null
   MailUser=timothyruel2024@u.northwestern.edu MailType=INVALID_DEPEND,BEGIN,END,FAIL,REQUEUE,STAGE_OUT
   
--------------------------------------------------------------------------------
JOB EFFICIENCY 
--------------------------------------------------------------------------------
Job efficiency will be calculated after the job has completed.
===== checkjob (interval) at Fri Jul 25 20:19:41 CDT 2025 =====
--------------------------------------------------------------------------------
JOB INFORMATION 
--------------------------------------------------------------------------------
JobId=9904174 ArrayJobId=9900632 ArrayTaskId=1925 JobName=experiment_sim
   UserId=tbr0780(3229) GroupId=tbr0780(4023) MCS_label=N/A
   Priority=20185 Nice=0 Account=p32397 QOS=normal
   JobState=RUNNING Reason=None Dependency=(null)
   Requeue=0 Restarts=0 BatchFlag=1 Reboot=0 ExitCode=0:0
   RunTime=00:02:12 TimeLimit=02:00:00 TimeMin=N/A
   SubmitTime=2025-07-25T19:18:16 EligibleTime=2025-07-25T19:18:19
   AccrueTime=2025-07-25T19:18:19
   StartTime=2025-07-25T20:17:32 EndTime=2025-07-25T22:17:32 Deadline=N/A
   SuspendTime=None SecsPreSuspend=0 LastSchedEval=2025-07-25T20:17:32 Scheduler=Main
   Partition=short AllocNode:Sid=quser32:3020972
   ReqNodeList=(null) ExcNodeList=(null)
   NodeList=qnode3064
   BatchHost=qnode3064
   NumNodes=1 NumCPUs=64 NumTasks=64 CPUs/Task=1 ReqB:S:C:T=0:0:*:*
   ReqTRES=cpu=64,mem=32000M,node=1,billing=288
   AllocTRES=cpu=64,mem=32000M,node=1,billing=288
   Socks/Node=* NtasksPerN:B:S:C=64:0:*:* CoreSpec=*
   MinCPUsNode=64 MinMemoryCPU=500M MinTmpDiskNode=0
   Features=[quest10|quest11|quest12|quest13] DelayBoot=00:00:00
   OverSubscribe=OK Contiguous=0 Licenses=(null) Network=(null)
   Command=/gpfs/home/tbr0780/ILForge/common/bash/launch_experiment.sh
   WorkDir=/gpfs/home/tbr0780/ILForge
   StdErr=/dev/null
   StdIn=/dev/null
   StdOut=/dev/null
   MailUser=timothyruel2024@u.northwestern.edu MailType=INVALID_DEPEND,BEGIN,END,FAIL,REQUEUE,STAGE_OUT
   
--------------------------------------------------------------------------------
JOB EFFICIENCY 
--------------------------------------------------------------------------------
Job efficiency will be calculated after the job has completed.
