📌 Logging to experiments/exp_v2.1.0/simulations/sim_01/iter_1376/logs/slurm_log.out
🔁 Running Iteration 1376 of Simulation sim_01 in Experiment exp_v2.1.0 (multinomial_logistic_regression / shared_effect) with 64 cores...
[INFO] True parameters already exist — skipping generation.
Generating data...
[INFO] Loading theta_0 from: /gpfs/home/tbr0780/ILForge/experiments/exp_v2.1.0/true_params/theta_0.rds
[INFO] Generating new data for iteration: iter_1376
✅ Balanced dataset generated on try 1
[✓] Saved config snapshot to: /gpfs/home/tbr0780/ILForge/experiments/exp_v2.1.0/simulations/sim_01/iter_1376/config_snapshot.yml
Executing iteration...
🔍 Running integrated likelihood...
✅ Integrated likelihood complete (0.34 min)
📈 Running profile likelihood...
✅ Profile likelihood complete (0.17 min)
⏱️  Total experiment time: 0.53 minutes
✓ Experiment results saved to /experiments/exp_v2.1.0/simulations/sim_01/iter_1376/results
✓ Iteration completed
✅ SLURM iteration complete: iter_1376
===== FINAL DIAGNOSTICS for Job 9903276 =====
Job ID: 9903276
Array Job ID: 9900632_1375
Cluster: quest
User/Group: tbr0780/tbr0780
State: RUNNING
Nodes: 1
Cores per node: 64
CPU Utilized: 00:00:00
CPU Efficiency: 0.00% of 02:12:16 core-walltime
Job Wall-clock time: 00:02:04
Memory Utilized: 0.00 MB (estimated maximum)
Memory Efficiency: 0.00% of 31.25 GB (500.00 MB/core)
WARNING: Efficiency statistics may be misleading for RUNNING jobs.
--------------------------------------------------------------------------------
JOB INFORMATION 
--------------------------------------------------------------------------------
JobId=9903276 ArrayJobId=9900632 ArrayTaskId=1375 JobName=experiment_sim
   UserId=tbr0780(3229) GroupId=tbr0780(4023) MCS_label=N/A
   Priority=20170 Nice=0 Account=p32397 QOS=normal
   JobState=RUNNING Reason=None Dependency=(null)
   Requeue=0 Restarts=0 BatchFlag=1 Reboot=0 ExitCode=0:0
   RunTime=00:02:04 TimeLimit=02:00:00 TimeMin=N/A
   SubmitTime=2025-07-25T19:18:16 EligibleTime=2025-07-25T19:18:19
   AccrueTime=2025-07-25T19:18:19
   StartTime=2025-07-25T20:03:23 EndTime=2025-07-25T22:03:23 Deadline=N/A
   SuspendTime=None SecsPreSuspend=0 LastSchedEval=2025-07-25T20:03:23 Scheduler=Main
   Partition=short AllocNode:Sid=quser32:3020972
   ReqNodeList=(null) ExcNodeList=(null)
   NodeList=qnode3023
   BatchHost=qnode3023
   NumNodes=1 NumCPUs=64 NumTasks=64 CPUs/Task=1 ReqB:S:C:T=0:0:*:*
   ReqTRES=cpu=64,mem=32000M,node=1,billing=288
   AllocTRES=cpu=64,mem=32000M,node=1,billing=288
   Socks/Node=* NtasksPerN:B:S:C=64:0:*:* CoreSpec=*
   MinCPUsNode=64 MinMemoryCPU=500M MinTmpDiskNode=0
   Features=[quest10|quest11|quest12|quest13] DelayBoot=00:00:00
   OverSubscribe=OK Contiguous=0 Licenses=(null) Network=(null)
   Command=/gpfs/home/tbr0780/ILForge/common/bash/launch_experiment.sh
   WorkDir=/gpfs/home/tbr0780/ILForge
   StdErr=/dev/null
   StdIn=/dev/null
   StdOut=/dev/null
   MailUser=timothyruel2024@u.northwestern.edu MailType=INVALID_DEPEND,BEGIN,END,FAIL,REQUEUE,STAGE_OUT
   
--------------------------------------------------------------------------------
JOB EFFICIENCY 
--------------------------------------------------------------------------------
Job efficiency will be calculated after the job has completed.
JobID                     JobName    Elapsed     MaxRSS     ReqMem  AllocCPUS      State 
------------ -------------------- ---------- ---------- ---------- ---------- ---------- 
9900632_1375       experiment_sim   00:02:04                32000M         64    RUNNING 
9900632_137+                batch   00:02:04                               64    RUNNING 
9900632_137+               extern   00:02:04                               64    RUNNING 
              total        used        free      shared  buff/cache   available
Mem:          503Gi        44Gi       452Gi       4.3Gi       6.6Gi       450Gi
Swap:          31Gi       3.7Gi        28Gi
 20:05:28 up 124 days, 23:19,  1 user,  load average: 42.14, 23.54, 23.09
top - 20:05:28 up 124 days, 23:19,  1 user,  load average: 42.14, 23.54, 23.09
Tasks: 1311 total,  65 running, 1246 sleeping,   0 stopped,   0 zombie
%Cpu(s): 49.4 us,  0.4 sy,  0.0 ni, 49.9 id,  0.0 wa,  0.2 hi,  0.0 si,  0.0 st
MiB Mem : 515679.4 total, 463807.7 free,  45153.5 used,   6718.3 buff/cache
MiB Swap:  32768.0 total,  29018.4 free,   3749.6 used. 460959.8 avail Mem 

    PID USER      PR  NI    VIRT    RES    SHR S  %CPU  %MEM     TIME+ COMMAND
1283314 tbr0780   20   0  650280 353860  12896 R 100.0   0.1   0:30.93 R
1283324 tbr0780   20   0  656052 359568  12896 R 100.0   0.1   0:30.89 R
1283330 tbr0780   20   0  658528 362112  12896 R 100.0   0.1   0:30.86 R
1283332 tbr0780   20   0  659308 362884  12896 R 100.0   0.1   0:30.85 R
1283336 tbr0780   20   0  663024 366660  12896 R 100.0   0.1   0:30.82 R
1283354 tbr0780   20   0  663544 367172  12896 R 100.0   0.1   0:30.71 R
1283358 tbr0780   20   0  663544 367160  12896 R 100.0   0.1   0:30.68 R
1283360 tbr0780   20   0  663540 367176  12896 R 100.0   0.1   0:30.66 R
1283373 tbr0780   20   0  663672 367288  12896 R 100.0   0.1   0:30.60 R
1283375 tbr0780   20   0  663672 367304  12896 R 100.0   0.1   0:30.59 R
1283379 tbr0780   20   0  663788 367344  12896 R 100.0   0.1   0:30.57 R
1283393 tbr0780   20   0  663924 367552  12896 R 100.0   0.1   0:30.46 R
1283395 tbr0780   20   0  664068 367600  12896 R 100.0   0.1   0:30.47 R
1283399 tbr0780   20   0  664068 367648  12896 R 100.0   0.1   0:30.45 R
1283403 tbr0780   20   0  664076 367680  12896 R 100.0   0.1   0:30.39 R
1283405 tbr0780   20   0  664068 367708  12896 R 100.0   0.1   0:30.40 R
1283284 tbr0780   20   0  631476 335112  12892 R  94.1   0.1   0:31.02 R
1283287 tbr0780   20   0  633940 337420  12844 R  94.1   0.1   0:31.03 R
1283289 tbr0780   20   0  635108 338656  12860 R  94.1   0.1   0:30.89 R
1283291 tbr0780   20   0  636392 339928  12896 R  94.1   0.1   0:31.01 R
1283293 tbr0780   20   0  637620 341152  12884 R  94.1   0.1   0:30.77 R
1283295 tbr0780   20   0  638804 342404  12896 R  94.1   0.1   0:30.89 R
1283297 tbr0780   20   0  640048 343640  12896 R  94.1   0.1   0:30.86 R
1283299 tbr0780   20   0  641400 344920  12896 R  94.1   0.1   0:30.94 R
1283301 tbr0780   20   0  642636 346184  12896 R  94.1   0.1   0:30.99 R
1283303 tbr0780   20   0  643876 347448  12896 R  94.1   0.1   0:30.98 R
1283305 tbr0780   20   0  645104 348724  12896 R  94.1   0.1   0:30.97 R
1283307 tbr0780   20   0  646452 350016  12896 R  94.1   0.1   0:30.96 R
1283309 tbr0780   20   0  647732 351316  12896 R  94.1   0.1   0:30.95 R
1283311 tbr0780   20   0  649016 352636  12896 R  94.1   0.1   0:30.94 R
1283316 tbr0780   20   0  651684 355224  12896 R  94.1   0.1   0:30.92 R
1283318 tbr0780   20   0  652124 355704  12896 R  94.1   0.1   0:30.91 R
1283320 tbr0780   20   0  653548 357080  12896 R  94.1   0.1   0:30.90 R
===== BACKGROUND CHECKJOB MONITOR LOG =====
===== checkjob (interval) at Fri Jul 25 20:04:42 CDT 2025 =====
--------------------------------------------------------------------------------
JOB INFORMATION 
--------------------------------------------------------------------------------
JobId=9903276 ArrayJobId=9900632 ArrayTaskId=1375 JobName=experiment_sim
   UserId=tbr0780(3229) GroupId=tbr0780(4023) MCS_label=N/A
   Priority=20170 Nice=0 Account=p32397 QOS=normal
   JobState=RUNNING Reason=None Dependency=(null)
   Requeue=0 Restarts=0 BatchFlag=1 Reboot=0 ExitCode=0:0
   RunTime=00:01:21 TimeLimit=02:00:00 TimeMin=N/A
   SubmitTime=2025-07-25T19:18:16 EligibleTime=2025-07-25T19:18:19
   AccrueTime=2025-07-25T19:18:19
   StartTime=2025-07-25T20:03:23 EndTime=2025-07-25T22:03:23 Deadline=N/A
   SuspendTime=None SecsPreSuspend=0 LastSchedEval=2025-07-25T20:03:23 Scheduler=Main
   Partition=short AllocNode:Sid=quser32:3020972
   ReqNodeList=(null) ExcNodeList=(null)
   NodeList=qnode3023
   BatchHost=qnode3023
   NumNodes=1 NumCPUs=64 NumTasks=64 CPUs/Task=1 ReqB:S:C:T=0:0:*:*
   ReqTRES=cpu=64,mem=32000M,node=1,billing=288
   AllocTRES=cpu=64,mem=32000M,node=1,billing=288
   Socks/Node=* NtasksPerN:B:S:C=64:0:*:* CoreSpec=*
   MinCPUsNode=64 MinMemoryCPU=500M MinTmpDiskNode=0
   Features=[quest10|quest11|quest12|quest13] DelayBoot=00:00:00
   OverSubscribe=OK Contiguous=0 Licenses=(null) Network=(null)
   Command=/gpfs/home/tbr0780/ILForge/common/bash/launch_experiment.sh
   WorkDir=/gpfs/home/tbr0780/ILForge
   StdErr=/dev/null
   StdIn=/dev/null
   StdOut=/dev/null
   MailUser=timothyruel2024@u.northwestern.edu MailType=INVALID_DEPEND,BEGIN,END,FAIL,REQUEUE,STAGE_OUT
   
--------------------------------------------------------------------------------
JOB EFFICIENCY 
--------------------------------------------------------------------------------
Job efficiency will be calculated after the job has completed.
===== checkjob (interval) at Fri Jul 25 20:05:16 CDT 2025 =====
--------------------------------------------------------------------------------
JOB INFORMATION 
--------------------------------------------------------------------------------
JobId=9903276 ArrayJobId=9900632 ArrayTaskId=1375 JobName=experiment_sim
   UserId=tbr0780(3229) GroupId=tbr0780(4023) MCS_label=N/A
   Priority=20170 Nice=0 Account=p32397 QOS=normal
   JobState=RUNNING Reason=None Dependency=(null)
   Requeue=0 Restarts=0 BatchFlag=1 Reboot=0 ExitCode=0:0
   RunTime=00:01:54 TimeLimit=02:00:00 TimeMin=N/A
   SubmitTime=2025-07-25T19:18:16 EligibleTime=2025-07-25T19:18:19
   AccrueTime=2025-07-25T19:18:19
   StartTime=2025-07-25T20:03:23 EndTime=2025-07-25T22:03:23 Deadline=N/A
   SuspendTime=None SecsPreSuspend=0 LastSchedEval=2025-07-25T20:03:23 Scheduler=Main
   Partition=short AllocNode:Sid=quser32:3020972
   ReqNodeList=(null) ExcNodeList=(null)
   NodeList=qnode3023
   BatchHost=qnode3023
   NumNodes=1 NumCPUs=64 NumTasks=64 CPUs/Task=1 ReqB:S:C:T=0:0:*:*
   ReqTRES=cpu=64,mem=32000M,node=1,billing=288
   AllocTRES=cpu=64,mem=32000M,node=1,billing=288
   Socks/Node=* NtasksPerN:B:S:C=64:0:*:* CoreSpec=*
   MinCPUsNode=64 MinMemoryCPU=500M MinTmpDiskNode=0
   Features=[quest10|quest11|quest12|quest13] DelayBoot=00:00:00
   OverSubscribe=OK Contiguous=0 Licenses=(null) Network=(null)
   Command=/gpfs/home/tbr0780/ILForge/common/bash/launch_experiment.sh
   WorkDir=/gpfs/home/tbr0780/ILForge
   StdErr=/dev/null
   StdIn=/dev/null
   StdOut=/dev/null
   MailUser=timothyruel2024@u.northwestern.edu MailType=INVALID_DEPEND,BEGIN,END,FAIL,REQUEUE,STAGE_OUT
   
--------------------------------------------------------------------------------
JOB EFFICIENCY 
--------------------------------------------------------------------------------
Job efficiency will be calculated after the job has completed.
