📌 Logging to experiments/exp_v2.1.0/simulations/sim_01/iter_0768/logs/slurm_log.out
🔁 Running Iteration 768 of Simulation sim_01 in Experiment exp_v2.1.0 (multinomial_logistic_regression / shared_effect) with 64 cores...
[INFO] True parameters already exist — skipping generation.
Generating data...
[INFO] Loading theta_0 from: /gpfs/home/tbr0780/ILForge/experiments/exp_v2.1.0/true_params/theta_0.rds
[INFO] Generating new data for iteration: iter_0768
✅ Balanced dataset generated on try 1
[✓] Saved config snapshot to: /gpfs/home/tbr0780/ILForge/experiments/exp_v2.1.0/simulations/sim_01/iter_0768/config_snapshot.yml
Executing iteration...
🔍 Running integrated likelihood...
✅ Integrated likelihood complete (0.32 min)
📈 Running profile likelihood...
✅ Profile likelihood complete (0.20 min)
⏱️  Total experiment time: 0.54 minutes
✓ Experiment results saved to /experiments/exp_v2.1.0/simulations/sim_01/iter_0768/results
✓ Iteration completed
✅ SLURM iteration complete: iter_0768
===== FINAL DIAGNOSTICS for Job 9902189 =====
Job ID: 9902189
Array Job ID: 9900632_767
Cluster: quest
User/Group: tbr0780/tbr0780
State: RUNNING
Nodes: 1
Cores per node: 64
CPU Utilized: 00:00:00
CPU Efficiency: 0.00% of 01:52:00 core-walltime
Job Wall-clock time: 00:01:45
Memory Utilized: 0.00 MB (estimated maximum)
Memory Efficiency: 0.00% of 31.25 GB (500.00 MB/core)
WARNING: Efficiency statistics may be misleading for RUNNING jobs.
--------------------------------------------------------------------------------
JOB INFORMATION 
--------------------------------------------------------------------------------
JobId=9902189 ArrayJobId=9900632 ArrayTaskId=767 JobName=experiment_sim
   UserId=tbr0780(3229) GroupId=tbr0780(4023) MCS_label=N/A
   Priority=20155 Nice=0 Account=p32397 QOS=normal
   JobState=RUNNING Reason=None Dependency=(null)
   Requeue=0 Restarts=0 BatchFlag=1 Reboot=0 ExitCode=0:0
   RunTime=00:01:45 TimeLimit=02:00:00 TimeMin=N/A
   SubmitTime=2025-07-25T19:18:16 EligibleTime=2025-07-25T19:18:19
   AccrueTime=2025-07-25T19:18:19
   StartTime=2025-07-25T19:46:13 EndTime=2025-07-25T21:46:13 Deadline=N/A
   SuspendTime=None SecsPreSuspend=0 LastSchedEval=2025-07-25T19:46:12 Scheduler=Backfill
   Partition=short AllocNode:Sid=quser32:3020972
   ReqNodeList=(null) ExcNodeList=(null)
   NodeList=qnode3059
   BatchHost=qnode3059
   NumNodes=1 NumCPUs=64 NumTasks=64 CPUs/Task=1 ReqB:S:C:T=0:0:*:*
   ReqTRES=cpu=64,mem=32000M,node=1,billing=288
   AllocTRES=cpu=64,mem=32000M,node=1,billing=288
   Socks/Node=* NtasksPerN:B:S:C=64:0:*:* CoreSpec=*
   MinCPUsNode=64 MinMemoryCPU=500M MinTmpDiskNode=0
   Features=[quest10|quest11|quest12|quest13] DelayBoot=00:00:00
   OverSubscribe=OK Contiguous=0 Licenses=(null) Network=(null)
   Command=/gpfs/home/tbr0780/ILForge/common/bash/launch_experiment.sh
   WorkDir=/gpfs/home/tbr0780/ILForge
   StdErr=/dev/null
   StdIn=/dev/null
   StdOut=/dev/null
   MailUser=timothyruel2024@u.northwestern.edu MailType=INVALID_DEPEND,BEGIN,END,FAIL,REQUEUE,STAGE_OUT
   
--------------------------------------------------------------------------------
JOB EFFICIENCY 
--------------------------------------------------------------------------------
Job efficiency will be calculated after the job has completed.
JobID                     JobName    Elapsed     MaxRSS     ReqMem  AllocCPUS      State 
------------ -------------------- ---------- ---------- ---------- ---------- ---------- 
9900632_767        experiment_sim   00:01:46                32000M         64    RUNNING 
9900632_767+                batch   00:01:46                               64    RUNNING 
9900632_767+               extern   00:01:46                               64    RUNNING 
              total        used        free      shared  buff/cache   available
Mem:          503Gi        25Gi       471Gi       5.8Gi       7.2Gi       468Gi
Swap:          31Gi       1.9Gi        30Gi
 19:47:59 up 124 days, 23:02,  1 user,  load average: 113.89, 111.39, 118.82
top - 19:47:59 up 124 days, 23:02,  1 user,  load average: 113.89, 111.39, 118.8
Tasks: 1329 total, 101 running, 1228 sleeping,   0 stopped,   0 zombie
%Cpu(s): 39.0 us,  0.1 sy,  0.0 ni, 60.8 id,  0.0 wa,  0.1 hi,  0.0 si,  0.0 st
MiB Mem : 515584.8 total, 482619.3 free,  25636.2 used,   7329.3 buff/cache
MiB Swap:  32768.0 total,  30818.8 free,   1949.2 used. 479313.2 avail Mem 

    PID USER      PR  NI    VIRT    RES    SHR S  %CPU  %MEM     TIME+ COMMAND
3094487 ceo4586   20   0  334368  19364   4632 R  56.2   0.0 218:30.68 python
3094488 ceo4586   20   0  334368  19356   4560 R  56.2   0.0 218:31.38 python
3094502 ceo4586   20   0  334368  19392   4632 R  56.2   0.0 218:29.80 python
3094503 ceo4586   20   0  334368  19388   4660 R  56.2   0.0 218:29.55 python
3094504 ceo4586   20   0  334368  19464   4660 R  56.2   0.0 218:29.65 python
3094506 ceo4586   20   0  334368  19384   4632 R  56.2   0.0 218:30.04 python
3094507 ceo4586   20   0  334368  19380   4632 R  56.2   0.0 218:29.64 python
3094509 ceo4586   20   0  334368  19340   4560 R  56.2   0.0 218:30.20 python
3094511 ceo4586   20   0  334368  19464   4660 R  56.2   0.0 218:29.05 python
3094514 ceo4586   20   0  334368  19412   4660 R  56.2   0.0 218:29.16 python
3094519 ceo4586   20   0  334368  19436   4660 R  56.2   0.0 218:29.53 python
3094525 ceo4586   20   0  334368  19340   4560 R  56.2   0.0 218:28.25 python
3094534 ceo4586   20   0  334368  18984   4660 R  56.2   0.0 218:30.08 python
3094536 ceo4586   20   0  334368  19384   4660 R  56.2   0.0 218:30.58 python
3094550 ceo4586   20   0  334368  11708   4632 R  56.2   0.0 218:29.79 python
3094551 ceo4586   20   0  334368  11760   4660 R  56.2   0.0 218:29.16 python
3094560 ceo4586   20   0  334368  11548   4700 R  56.2   0.0 218:29.90 python
3094568 ceo4586   20   0  334368  11772   4660 R  56.2   0.0 218:30.80 python
3094570 ceo4586   20   0  334368  11644   4660 R  56.2   0.0 218:31.02 python
3094571 ceo4586   20   0  334368  11736   4660 R  56.2   0.0 218:30.88 python
3094573 ceo4586   20   0  334368   9916   4660 R  56.2   0.0 218:28.26 python
3094481 ceo4586   20   0  334368  19488   4660 R  50.0   0.0 218:28.31 python
3094482 ceo4586   20   0  334368  19480   4660 R  50.0   0.0 218:35.22 python
3094483 ceo4586   20   0  334368  19424   4660 R  50.0   0.0 218:31.27 python
3094484 ceo4586   20   0  334368  19392   4632 R  50.0   0.0 218:30.85 python
3094485 ceo4586   20   0  334368  11488   4632 R  50.0   0.0 218:29.61 python
3094486 ceo4586   20   0  334368  19384   4632 R  50.0   0.0 218:30.59 python
3094489 ceo4586   20   0  334368  19420   4660 R  50.0   0.0 218:33.11 python
3094491 ceo4586   20   0  334368  11696   4660 R  50.0   0.0 218:29.87 python
3094492 ceo4586   20   0  334368  19332   4608 R  50.0   0.0 218:29.35 python
3094493 ceo4586   20   0  334368  19388   4632 R  50.0   0.0 218:29.52 python
3094495 ceo4586   20   0  334368  19388   4660 R  50.0   0.0 218:22.01 python
3094496 ceo4586   20   0  334368  19404   4660 R  50.0   0.0 218:29.26 python
===== BACKGROUND CHECKJOB MONITOR LOG =====
===== checkjob (interval) at Fri Jul 25 19:47:18 CDT 2025 =====
--------------------------------------------------------------------------------
JOB INFORMATION 
--------------------------------------------------------------------------------
JobId=9902189 ArrayJobId=9900632 ArrayTaskId=767 JobName=experiment_sim
   UserId=tbr0780(3229) GroupId=tbr0780(4023) MCS_label=N/A
   Priority=20155 Nice=0 Account=p32397 QOS=normal
   JobState=RUNNING Reason=None Dependency=(null)
   Requeue=0 Restarts=0 BatchFlag=1 Reboot=0 ExitCode=0:0
   RunTime=00:01:07 TimeLimit=02:00:00 TimeMin=N/A
   SubmitTime=2025-07-25T19:18:16 EligibleTime=2025-07-25T19:18:19
   AccrueTime=2025-07-25T19:18:19
   StartTime=2025-07-25T19:46:13 EndTime=2025-07-25T21:46:13 Deadline=N/A
   SuspendTime=None SecsPreSuspend=0 LastSchedEval=2025-07-25T19:46:12 Scheduler=Backfill
   Partition=short AllocNode:Sid=quser32:3020972
   ReqNodeList=(null) ExcNodeList=(null)
   NodeList=qnode3059
   BatchHost=qnode3059
   NumNodes=1 NumCPUs=64 NumTasks=64 CPUs/Task=1 ReqB:S:C:T=0:0:*:*
   ReqTRES=cpu=64,mem=32000M,node=1,billing=288
   AllocTRES=cpu=64,mem=32000M,node=1,billing=288
   Socks/Node=* NtasksPerN:B:S:C=64:0:*:* CoreSpec=*
   MinCPUsNode=64 MinMemoryCPU=500M MinTmpDiskNode=0
   Features=[quest10|quest11|quest12|quest13] DelayBoot=00:00:00
   OverSubscribe=OK Contiguous=0 Licenses=(null) Network=(null)
   Command=/gpfs/home/tbr0780/ILForge/common/bash/launch_experiment.sh
   WorkDir=/gpfs/home/tbr0780/ILForge
   StdErr=/dev/null
   StdIn=/dev/null
   StdOut=/dev/null
   MailUser=timothyruel2024@u.northwestern.edu MailType=INVALID_DEPEND,BEGIN,END,FAIL,REQUEUE,STAGE_OUT
   
--------------------------------------------------------------------------------
JOB EFFICIENCY 
--------------------------------------------------------------------------------
Job efficiency will be calculated after the job has completed.
===== checkjob (interval) at Fri Jul 25 19:47:50 CDT 2025 =====
--------------------------------------------------------------------------------
JOB INFORMATION 
--------------------------------------------------------------------------------
JobId=9902189 ArrayJobId=9900632 ArrayTaskId=767 JobName=experiment_sim
   UserId=tbr0780(3229) GroupId=tbr0780(4023) MCS_label=N/A
   Priority=20155 Nice=0 Account=p32397 QOS=normal
   JobState=RUNNING Reason=None Dependency=(null)
   Requeue=0 Restarts=0 BatchFlag=1 Reboot=0 ExitCode=0:0
   RunTime=00:01:37 TimeLimit=02:00:00 TimeMin=N/A
   SubmitTime=2025-07-25T19:18:16 EligibleTime=2025-07-25T19:18:19
   AccrueTime=2025-07-25T19:18:19
   StartTime=2025-07-25T19:46:13 EndTime=2025-07-25T21:46:13 Deadline=N/A
   SuspendTime=None SecsPreSuspend=0 LastSchedEval=2025-07-25T19:46:12 Scheduler=Backfill
   Partition=short AllocNode:Sid=quser32:3020972
   ReqNodeList=(null) ExcNodeList=(null)
   NodeList=qnode3059
   BatchHost=qnode3059
   NumNodes=1 NumCPUs=64 NumTasks=64 CPUs/Task=1 ReqB:S:C:T=0:0:*:*
   ReqTRES=cpu=64,mem=32000M,node=1,billing=288
   AllocTRES=cpu=64,mem=32000M,node=1,billing=288
   Socks/Node=* NtasksPerN:B:S:C=64:0:*:* CoreSpec=*
   MinCPUsNode=64 MinMemoryCPU=500M MinTmpDiskNode=0
   Features=[quest10|quest11|quest12|quest13] DelayBoot=00:00:00
   OverSubscribe=OK Contiguous=0 Licenses=(null) Network=(null)
   Command=/gpfs/home/tbr0780/ILForge/common/bash/launch_experiment.sh
   WorkDir=/gpfs/home/tbr0780/ILForge
   StdErr=/dev/null
   StdIn=/dev/null
   StdOut=/dev/null
   MailUser=timothyruel2024@u.northwestern.edu MailType=INVALID_DEPEND,BEGIN,END,FAIL,REQUEUE,STAGE_OUT
   
--------------------------------------------------------------------------------
JOB EFFICIENCY 
--------------------------------------------------------------------------------
Job efficiency will be calculated after the job has completed.
