📌 Logging to experiments/exp_v2.0.0/simulations/sim_01/iter_0518/logs/slurm_log.out
🔁 Running Iteration 518 of Simulation sim_01 in Experiment exp_v2.0.0 (multinomial_logistic_regression / shared_effect) with 64 cores...
[INFO] True parameters already exist — skipping generation.
Generating data...
[INFO] Loading theta_0 from: /gpfs/home/tbr0780/ILForge/experiments/exp_v2.0.0/true_params/theta_0.rds
[INFO] Generating new data for iteration: iter_0518
✅ Balanced dataset generated on try 2
[✓] Saved config snapshot to: /gpfs/home/tbr0780/ILForge/experiments/exp_v2.0.0/simulations/sim_01/iter_0518/config_snapshot.yml
Executing iteration...
🔍 Running integrated likelihood...
✅ Integrated likelihood complete (5.64 min)
📈 Running profile likelihood...
✅ Profile likelihood complete (0.57 min)
⏱️  Total experiment time: 6.23 minutes
✓ Experiment results saved to /experiments/exp_v2.0.0/simulations/sim_01/iter_0518/results
✓ Iteration completed
✅ SLURM iteration complete: iter_0518
===== FINAL DIAGNOSTICS for Job 9116388 =====
Job ID: 9116388
Array Job ID: 9115375_517
Cluster: quest
User/Group: tbr0780/tbr0780
State: RUNNING
Nodes: 1
Cores per node: 64
CPU Utilized: 00:00:00
CPU Efficiency: 0.00% of 07:21:36 core-walltime
Job Wall-clock time: 00:06:54
Memory Utilized: 0.00 MB (estimated maximum)
Memory Efficiency: 0.00% of 31.25 GB (500.00 MB/core)
WARNING: Efficiency statistics may be misleading for RUNNING jobs.
--------------------------------------------------------------------------------
JOB INFORMATION 
--------------------------------------------------------------------------------
JobId=9116388 ArrayJobId=9115375 ArrayTaskId=517 JobName=experiment_sim
   UserId=tbr0780(3229) GroupId=tbr0780(4023) MCS_label=N/A
   Priority=20989 Nice=0 Account=p32397 QOS=normal
   JobState=RUNNING Reason=None Dependency=(null)
   Requeue=0 Restarts=0 BatchFlag=1 Reboot=0 ExitCode=0:0
   RunTime=00:06:54 TimeLimit=02:00:00 TimeMin=N/A
   SubmitTime=2025-07-20T15:11:26 EligibleTime=2025-07-20T15:11:28
   AccrueTime=2025-07-20T15:11:28
   StartTime=2025-07-20T15:44:33 EndTime=2025-07-20T17:44:33 Deadline=N/A
   SuspendTime=None SecsPreSuspend=0 LastSchedEval=2025-07-20T15:44:33 Scheduler=Main
   Partition=short AllocNode:Sid=quser44:2698839
   ReqNodeList=(null) ExcNodeList=(null)
   NodeList=qnode3039
   BatchHost=qnode3039
   NumNodes=1 NumCPUs=64 NumTasks=64 CPUs/Task=1 ReqB:S:C:T=0:0:*:*
   ReqTRES=cpu=64,mem=32000M,node=1,billing=288
   AllocTRES=cpu=64,mem=32000M,node=1,billing=288
   Socks/Node=* NtasksPerN:B:S:C=64:0:*:* CoreSpec=*
   MinCPUsNode=64 MinMemoryCPU=500M MinTmpDiskNode=0
   Features=[quest10|quest11|quest12|quest13] DelayBoot=00:00:00
   OverSubscribe=OK Contiguous=0 Licenses=(null) Network=(null)
   Command=/gpfs/home/tbr0780/ILForge/common/bash/launch_experiment.sh
   WorkDir=/gpfs/home/tbr0780/ILForge
   StdErr=/dev/null
   StdIn=/dev/null
   StdOut=/dev/null
   MailUser=timothyruel2024@u.northwestern.edu MailType=INVALID_DEPEND,BEGIN,END,FAIL,REQUEUE,STAGE_OUT
   
--------------------------------------------------------------------------------
JOB EFFICIENCY 
--------------------------------------------------------------------------------
Job efficiency will be calculated after the job has completed.
JobID                     JobName    Elapsed     MaxRSS     ReqMem  AllocCPUS      State 
------------ -------------------- ---------- ---------- ---------- ---------- ---------- 
9115375_517        experiment_sim   00:06:55                32000M         64    RUNNING 
9115375_517+                batch   00:06:55                               64    RUNNING 
9115375_517+               extern   00:06:55                               64    RUNNING 
              total        used        free      shared  buff/cache   available
Mem:          503Gi        99Gi       394Gi       7.0Gi       9.3Gi       392Gi
Swap:          31Gi       571Mi        31Gi
 15:51:28 up 119 days, 19:05,  0 users,  load average: 85.08, 101.58, 97.04
top - 15:51:28 up 119 days, 19:05,  0 users,  load average: 85.08, 101.58, 97.04
Tasks: 1277 total,  56 running, 1221 sleeping,   0 stopped,   0 zombie
%Cpu(s): 42.9 us,  0.1 sy,  0.0 ni, 56.9 id,  0.0 wa,  0.1 hi,  0.0 si,  0.0 st
MiB Mem : 515679.4 total, 404233.0 free, 101914.4 used,   9531.9 buff/cache
MiB Swap:  32768.0 total,  32196.6 free,    571.3 used. 401426.2 avail Mem 

    PID USER      PR  NI    VIRT    RES    SHR S  %CPU  %MEM     TIME+ COMMAND
2817559 zlc9042   20   0 3478812   1.4g  49212 R 100.0   0.3 449:20.28 wrf.exe
2817563 zlc9042   20   0 5808284   1.5g  55412 R 100.0   0.3 448:33.43 wrf.exe
2817566 zlc9042   20   0   14.4g   1.4g  60136 R 100.0   0.3 449:09.75 wrf.exe
2817571 zlc9042   20   0   13.0g   1.4g  60784 R 100.0   0.3 449:33.29 wrf.exe
2817575 zlc9042   20   0   15.1g   1.4g  59052 R 100.0   0.3 448:31.31 wrf.exe
2817576 zlc9042   20   0   16.5g   1.4g  57500 R 100.0   0.3 448:54.12 wrf.exe
2817577 zlc9042   20   0 9016880   1.4g  56120 R 100.0   0.3 450:58.32 wrf.exe
2817579 zlc9042   20   0 6690708   1.4g  51856 R 100.0   0.3 450:22.17 wrf.exe
2817582 zlc9042   20   0 4656248   1.4g  54912 R 100.0   0.3 449:23.14 wrf.exe
2850310 zlc9042   20   0   10.7g   1.4g  53644 R 100.0   0.3 300:27.24 wrf.exe
2850313 zlc9042   20   0 8083748   1.4g  55028 R 100.0   0.3 297:30.72 wrf.exe
2850315 zlc9042   20   0 7528372   1.4g  59772 R 100.0   0.3 297:21.95 wrf.exe
2850316 zlc9042   20   0 2291144   1.4g  61432 R 100.0   0.3 298:05.58 wrf.exe
2850320 zlc9042   20   0 8989624   1.4g  56956 R 100.0   0.3 300:41.41 wrf.exe
2850322 zlc9042   20   0   12.7g   1.4g  54568 R 100.0   0.3 297:45.84 wrf.exe
2850323 zlc9042   20   0   13.7g   1.4g  54676 R 100.0   0.3 297:46.80 wrf.exe
2850328 zlc9042   20   0 3659644   1.4g  51292 R 100.0   0.3 298:56.48 wrf.exe
2850329 zlc9042   20   0 8451896   1.4g  49132 R 100.0   0.3 301:30.93 wrf.exe
2817556 zlc9042   20   0   14.8g   1.5g  52956 R  94.1   0.3 449:11.40 wrf.exe
2817557 zlc9042   20   0   15.0g   1.4g  54912 R  94.1   0.3 451:29.21 wrf.exe
2817558 zlc9042   20   0   14.9g   1.4g  50244 R  94.1   0.3 449:33.80 wrf.exe
2817560 zlc9042   20   0 7295968   1.4g  53980 R  94.1   0.3 451:28.40 wrf.exe
2817561 zlc9042   20   0   15.3g   1.5g  54284 R  94.1   0.3 449:45.66 wrf.exe
2817562 zlc9042   20   0 8557380   1.4g  53904 R  94.1   0.3 449:06.83 wrf.exe
2817564 zlc9042   20   0   17.5g   1.4g  56064 R  94.1   0.3 448:29.31 wrf.exe
2817565 zlc9042   20   0   17.5g   1.4g  58428 R  94.1   0.3 448:32.61 wrf.exe
2817567 zlc9042   20   0   10.9g   1.4g  60768 R  94.1   0.3 451:12.29 wrf.exe
2817568 zlc9042   20   0 7630704   1.4g  53760 R  94.1   0.3 449:49.04 wrf.exe
2817569 zlc9042   20   0 8836208   1.4g  53900 R  94.1   0.3 449:45.52 wrf.exe
2817570 zlc9042   20   0 5391776   1.4g  60892 R  94.1   0.3 451:03.23 wrf.exe
2817572 zlc9042   20   0 8272908   1.4g  60084 R  94.1   0.3 449:06.99 wrf.exe
2817573 zlc9042   20   0 9787.2m   1.4g  61628 R  94.1   0.3 448:35.94 wrf.exe
2817574 zlc9042   20   0 7785584   1.4g  61408 R  94.1   0.3 448:33.47 wrf.exe
===== BACKGROUND CHECKJOB MONITOR LOG =====
===== checkjob (interval) at Sun Jul 20 15:45:06 CDT 2025 =====
--------------------------------------------------------------------------------
JOB INFORMATION 
--------------------------------------------------------------------------------
JobId=9116388 ArrayJobId=9115375 ArrayTaskId=517 JobName=experiment_sim
   UserId=tbr0780(3229) GroupId=tbr0780(4023) MCS_label=N/A
   Priority=20989 Nice=0 Account=p32397 QOS=normal
   JobState=RUNNING Reason=None Dependency=(null)
   Requeue=0 Restarts=0 BatchFlag=1 Reboot=0 ExitCode=0:0
   RunTime=00:00:35 TimeLimit=02:00:00 TimeMin=N/A
   SubmitTime=2025-07-20T15:11:26 EligibleTime=2025-07-20T15:11:28
   AccrueTime=2025-07-20T15:11:28
   StartTime=2025-07-20T15:44:33 EndTime=2025-07-20T17:44:33 Deadline=N/A
   SuspendTime=None SecsPreSuspend=0 LastSchedEval=2025-07-20T15:44:33 Scheduler=Main
   Partition=short AllocNode:Sid=quser44:2698839
   ReqNodeList=(null) ExcNodeList=(null)
   NodeList=qnode3039
   BatchHost=qnode3039
   NumNodes=1 NumCPUs=64 NumTasks=64 CPUs/Task=1 ReqB:S:C:T=0:0:*:*
   ReqTRES=cpu=64,mem=32000M,node=1,billing=288
   AllocTRES=cpu=64,mem=32000M,node=1,billing=288
   Socks/Node=* NtasksPerN:B:S:C=64:0:*:* CoreSpec=*
   MinCPUsNode=64 MinMemoryCPU=500M MinTmpDiskNode=0
   Features=[quest10|quest11|quest12|quest13] DelayBoot=00:00:00
   OverSubscribe=OK Contiguous=0 Licenses=(null) Network=(null)
   Command=/gpfs/home/tbr0780/ILForge/common/bash/launch_experiment.sh
   WorkDir=/gpfs/home/tbr0780/ILForge
   StdErr=/dev/null
   StdIn=/dev/null
   StdOut=/dev/null
   MailUser=timothyruel2024@u.northwestern.edu MailType=INVALID_DEPEND,BEGIN,END,FAIL,REQUEUE,STAGE_OUT
   
--------------------------------------------------------------------------------
JOB EFFICIENCY 
--------------------------------------------------------------------------------
Job efficiency will be calculated after the job has completed.
===== checkjob (interval) at Sun Jul 20 15:45:38 CDT 2025 =====
--------------------------------------------------------------------------------
JOB INFORMATION 
--------------------------------------------------------------------------------
JobId=9116388 ArrayJobId=9115375 ArrayTaskId=517 JobName=experiment_sim
   UserId=tbr0780(3229) GroupId=tbr0780(4023) MCS_label=N/A
   Priority=20989 Nice=0 Account=p32397 QOS=normal
   JobState=RUNNING Reason=None Dependency=(null)
   Requeue=0 Restarts=0 BatchFlag=1 Reboot=0 ExitCode=0:0
   RunTime=00:01:08 TimeLimit=02:00:00 TimeMin=N/A
   SubmitTime=2025-07-20T15:11:26 EligibleTime=2025-07-20T15:11:28
   AccrueTime=2025-07-20T15:11:28
   StartTime=2025-07-20T15:44:33 EndTime=2025-07-20T17:44:33 Deadline=N/A
   SuspendTime=None SecsPreSuspend=0 LastSchedEval=2025-07-20T15:44:33 Scheduler=Main
   Partition=short AllocNode:Sid=quser44:2698839
   ReqNodeList=(null) ExcNodeList=(null)
   NodeList=qnode3039
   BatchHost=qnode3039
   NumNodes=1 NumCPUs=64 NumTasks=64 CPUs/Task=1 ReqB:S:C:T=0:0:*:*
   ReqTRES=cpu=64,mem=32000M,node=1,billing=288
   AllocTRES=cpu=64,mem=32000M,node=1,billing=288
   Socks/Node=* NtasksPerN:B:S:C=64:0:*:* CoreSpec=*
   MinCPUsNode=64 MinMemoryCPU=500M MinTmpDiskNode=0
   Features=[quest10|quest11|quest12|quest13] DelayBoot=00:00:00
   OverSubscribe=OK Contiguous=0 Licenses=(null) Network=(null)
   Command=/gpfs/home/tbr0780/ILForge/common/bash/launch_experiment.sh
   WorkDir=/gpfs/home/tbr0780/ILForge
   StdErr=/dev/null
   StdIn=/dev/null
   StdOut=/dev/null
   MailUser=timothyruel2024@u.northwestern.edu MailType=INVALID_DEPEND,BEGIN,END,FAIL,REQUEUE,STAGE_OUT
   
--------------------------------------------------------------------------------
JOB EFFICIENCY 
--------------------------------------------------------------------------------
Job efficiency will be calculated after the job has completed.
===== checkjob (interval) at Sun Jul 20 15:46:11 CDT 2025 =====
--------------------------------------------------------------------------------
JOB INFORMATION 
--------------------------------------------------------------------------------
JobId=9116388 ArrayJobId=9115375 ArrayTaskId=517 JobName=experiment_sim
   UserId=tbr0780(3229) GroupId=tbr0780(4023) MCS_label=N/A
   Priority=20989 Nice=0 Account=p32397 QOS=normal
   JobState=RUNNING Reason=None Dependency=(null)
   Requeue=0 Restarts=0 BatchFlag=1 Reboot=0 ExitCode=0:0
   RunTime=00:01:40 TimeLimit=02:00:00 TimeMin=N/A
   SubmitTime=2025-07-20T15:11:26 EligibleTime=2025-07-20T15:11:28
   AccrueTime=2025-07-20T15:11:28
   StartTime=2025-07-20T15:44:33 EndTime=2025-07-20T17:44:33 Deadline=N/A
   SuspendTime=None SecsPreSuspend=0 LastSchedEval=2025-07-20T15:44:33 Scheduler=Main
   Partition=short AllocNode:Sid=quser44:2698839
   ReqNodeList=(null) ExcNodeList=(null)
   NodeList=qnode3039
   BatchHost=qnode3039
   NumNodes=1 NumCPUs=64 NumTasks=64 CPUs/Task=1 ReqB:S:C:T=0:0:*:*
   ReqTRES=cpu=64,mem=32000M,node=1,billing=288
   AllocTRES=cpu=64,mem=32000M,node=1,billing=288
   Socks/Node=* NtasksPerN:B:S:C=64:0:*:* CoreSpec=*
   MinCPUsNode=64 MinMemoryCPU=500M MinTmpDiskNode=0
   Features=[quest10|quest11|quest12|quest13] DelayBoot=00:00:00
   OverSubscribe=OK Contiguous=0 Licenses=(null) Network=(null)
   Command=/gpfs/home/tbr0780/ILForge/common/bash/launch_experiment.sh
   WorkDir=/gpfs/home/tbr0780/ILForge
   StdErr=/dev/null
   StdIn=/dev/null
   StdOut=/dev/null
   MailUser=timothyruel2024@u.northwestern.edu MailType=INVALID_DEPEND,BEGIN,END,FAIL,REQUEUE,STAGE_OUT
   
--------------------------------------------------------------------------------
JOB EFFICIENCY 
--------------------------------------------------------------------------------
Job efficiency will be calculated after the job has completed.
===== checkjob (interval) at Sun Jul 20 15:46:46 CDT 2025 =====
--------------------------------------------------------------------------------
JOB INFORMATION 
--------------------------------------------------------------------------------
JobId=9116388 ArrayJobId=9115375 ArrayTaskId=517 JobName=experiment_sim
   UserId=tbr0780(3229) GroupId=tbr0780(4023) MCS_label=N/A
   Priority=20989 Nice=0 Account=p32397 QOS=normal
   JobState=RUNNING Reason=None Dependency=(null)
   Requeue=0 Restarts=0 BatchFlag=1 Reboot=0 ExitCode=0:0
   RunTime=00:02:14 TimeLimit=02:00:00 TimeMin=N/A
   SubmitTime=2025-07-20T15:11:26 EligibleTime=2025-07-20T15:11:28
   AccrueTime=2025-07-20T15:11:28
   StartTime=2025-07-20T15:44:33 EndTime=2025-07-20T17:44:33 Deadline=N/A
   SuspendTime=None SecsPreSuspend=0 LastSchedEval=2025-07-20T15:44:33 Scheduler=Main
   Partition=short AllocNode:Sid=quser44:2698839
   ReqNodeList=(null) ExcNodeList=(null)
   NodeList=qnode3039
   BatchHost=qnode3039
   NumNodes=1 NumCPUs=64 NumTasks=64 CPUs/Task=1 ReqB:S:C:T=0:0:*:*
   ReqTRES=cpu=64,mem=32000M,node=1,billing=288
   AllocTRES=cpu=64,mem=32000M,node=1,billing=288
   Socks/Node=* NtasksPerN:B:S:C=64:0:*:* CoreSpec=*
   MinCPUsNode=64 MinMemoryCPU=500M MinTmpDiskNode=0
   Features=[quest10|quest11|quest12|quest13] DelayBoot=00:00:00
   OverSubscribe=OK Contiguous=0 Licenses=(null) Network=(null)
   Command=/gpfs/home/tbr0780/ILForge/common/bash/launch_experiment.sh
   WorkDir=/gpfs/home/tbr0780/ILForge
   StdErr=/dev/null
   StdIn=/dev/null
   StdOut=/dev/null
   MailUser=timothyruel2024@u.northwestern.edu MailType=INVALID_DEPEND,BEGIN,END,FAIL,REQUEUE,STAGE_OUT
   
--------------------------------------------------------------------------------
JOB EFFICIENCY 
--------------------------------------------------------------------------------
Job efficiency will be calculated after the job has completed.
===== checkjob (interval) at Sun Jul 20 15:47:20 CDT 2025 =====
--------------------------------------------------------------------------------
JOB INFORMATION 
--------------------------------------------------------------------------------
JobId=9116388 ArrayJobId=9115375 ArrayTaskId=517 JobName=experiment_sim
   UserId=tbr0780(3229) GroupId=tbr0780(4023) MCS_label=N/A
   Priority=20989 Nice=0 Account=p32397 QOS=normal
   JobState=RUNNING Reason=None Dependency=(null)
   Requeue=0 Restarts=0 BatchFlag=1 Reboot=0 ExitCode=0:0
   RunTime=00:02:47 TimeLimit=02:00:00 TimeMin=N/A
   SubmitTime=2025-07-20T15:11:26 EligibleTime=2025-07-20T15:11:28
   AccrueTime=2025-07-20T15:11:28
   StartTime=2025-07-20T15:44:33 EndTime=2025-07-20T17:44:33 Deadline=N/A
   SuspendTime=None SecsPreSuspend=0 LastSchedEval=2025-07-20T15:44:33 Scheduler=Main
   Partition=short AllocNode:Sid=quser44:2698839
   ReqNodeList=(null) ExcNodeList=(null)
   NodeList=qnode3039
   BatchHost=qnode3039
   NumNodes=1 NumCPUs=64 NumTasks=64 CPUs/Task=1 ReqB:S:C:T=0:0:*:*
   ReqTRES=cpu=64,mem=32000M,node=1,billing=288
   AllocTRES=cpu=64,mem=32000M,node=1,billing=288
   Socks/Node=* NtasksPerN:B:S:C=64:0:*:* CoreSpec=*
   MinCPUsNode=64 MinMemoryCPU=500M MinTmpDiskNode=0
   Features=[quest10|quest11|quest12|quest13] DelayBoot=00:00:00
   OverSubscribe=OK Contiguous=0 Licenses=(null) Network=(null)
   Command=/gpfs/home/tbr0780/ILForge/common/bash/launch_experiment.sh
   WorkDir=/gpfs/home/tbr0780/ILForge
   StdErr=/dev/null
   StdIn=/dev/null
   StdOut=/dev/null
   MailUser=timothyruel2024@u.northwestern.edu MailType=INVALID_DEPEND,BEGIN,END,FAIL,REQUEUE,STAGE_OUT
   
--------------------------------------------------------------------------------
JOB EFFICIENCY 
--------------------------------------------------------------------------------
Job efficiency will be calculated after the job has completed.
===== checkjob (interval) at Sun Jul 20 15:47:52 CDT 2025 =====
--------------------------------------------------------------------------------
JOB INFORMATION 
--------------------------------------------------------------------------------
JobId=9116388 ArrayJobId=9115375 ArrayTaskId=517 JobName=experiment_sim
   UserId=tbr0780(3229) GroupId=tbr0780(4023) MCS_label=N/A
   Priority=20989 Nice=0 Account=p32397 QOS=normal
   JobState=RUNNING Reason=None Dependency=(null)
   Requeue=0 Restarts=0 BatchFlag=1 Reboot=0 ExitCode=0:0
   RunTime=00:03:20 TimeLimit=02:00:00 TimeMin=N/A
   SubmitTime=2025-07-20T15:11:26 EligibleTime=2025-07-20T15:11:28
   AccrueTime=2025-07-20T15:11:28
   StartTime=2025-07-20T15:44:33 EndTime=2025-07-20T17:44:33 Deadline=N/A
   SuspendTime=None SecsPreSuspend=0 LastSchedEval=2025-07-20T15:44:33 Scheduler=Main
   Partition=short AllocNode:Sid=quser44:2698839
   ReqNodeList=(null) ExcNodeList=(null)
   NodeList=qnode3039
   BatchHost=qnode3039
   NumNodes=1 NumCPUs=64 NumTasks=64 CPUs/Task=1 ReqB:S:C:T=0:0:*:*
   ReqTRES=cpu=64,mem=32000M,node=1,billing=288
   AllocTRES=cpu=64,mem=32000M,node=1,billing=288
   Socks/Node=* NtasksPerN:B:S:C=64:0:*:* CoreSpec=*
   MinCPUsNode=64 MinMemoryCPU=500M MinTmpDiskNode=0
   Features=[quest10|quest11|quest12|quest13] DelayBoot=00:00:00
   OverSubscribe=OK Contiguous=0 Licenses=(null) Network=(null)
   Command=/gpfs/home/tbr0780/ILForge/common/bash/launch_experiment.sh
   WorkDir=/gpfs/home/tbr0780/ILForge
   StdErr=/dev/null
   StdIn=/dev/null
   StdOut=/dev/null
   MailUser=timothyruel2024@u.northwestern.edu MailType=INVALID_DEPEND,BEGIN,END,FAIL,REQUEUE,STAGE_OUT
   
--------------------------------------------------------------------------------
JOB EFFICIENCY 
--------------------------------------------------------------------------------
Job efficiency will be calculated after the job has completed.
===== checkjob (interval) at Sun Jul 20 15:48:25 CDT 2025 =====
--------------------------------------------------------------------------------
JOB INFORMATION 
--------------------------------------------------------------------------------
JobId=9116388 ArrayJobId=9115375 ArrayTaskId=517 JobName=experiment_sim
   UserId=tbr0780(3229) GroupId=tbr0780(4023) MCS_label=N/A
   Priority=20989 Nice=0 Account=p32397 QOS=normal
   JobState=RUNNING Reason=None Dependency=(null)
   Requeue=0 Restarts=0 BatchFlag=1 Reboot=0 ExitCode=0:0
   RunTime=00:03:52 TimeLimit=02:00:00 TimeMin=N/A
   SubmitTime=2025-07-20T15:11:26 EligibleTime=2025-07-20T15:11:28
   AccrueTime=2025-07-20T15:11:28
   StartTime=2025-07-20T15:44:33 EndTime=2025-07-20T17:44:33 Deadline=N/A
   SuspendTime=None SecsPreSuspend=0 LastSchedEval=2025-07-20T15:44:33 Scheduler=Main
   Partition=short AllocNode:Sid=quser44:2698839
   ReqNodeList=(null) ExcNodeList=(null)
   NodeList=qnode3039
   BatchHost=qnode3039
   NumNodes=1 NumCPUs=64 NumTasks=64 CPUs/Task=1 ReqB:S:C:T=0:0:*:*
   ReqTRES=cpu=64,mem=32000M,node=1,billing=288
   AllocTRES=cpu=64,mem=32000M,node=1,billing=288
   Socks/Node=* NtasksPerN:B:S:C=64:0:*:* CoreSpec=*
   MinCPUsNode=64 MinMemoryCPU=500M MinTmpDiskNode=0
   Features=[quest10|quest11|quest12|quest13] DelayBoot=00:00:00
   OverSubscribe=OK Contiguous=0 Licenses=(null) Network=(null)
   Command=/gpfs/home/tbr0780/ILForge/common/bash/launch_experiment.sh
   WorkDir=/gpfs/home/tbr0780/ILForge
   StdErr=/dev/null
   StdIn=/dev/null
   StdOut=/dev/null
   MailUser=timothyruel2024@u.northwestern.edu MailType=INVALID_DEPEND,BEGIN,END,FAIL,REQUEUE,STAGE_OUT
   
--------------------------------------------------------------------------------
JOB EFFICIENCY 
--------------------------------------------------------------------------------
Job efficiency will be calculated after the job has completed.
===== checkjob (interval) at Sun Jul 20 15:48:58 CDT 2025 =====
--------------------------------------------------------------------------------
JOB INFORMATION 
--------------------------------------------------------------------------------
JobId=9116388 ArrayJobId=9115375 ArrayTaskId=517 JobName=experiment_sim
   UserId=tbr0780(3229) GroupId=tbr0780(4023) MCS_label=N/A
   Priority=20989 Nice=0 Account=p32397 QOS=normal
   JobState=RUNNING Reason=None Dependency=(null)
   Requeue=0 Restarts=0 BatchFlag=1 Reboot=0 ExitCode=0:0
   RunTime=00:04:25 TimeLimit=02:00:00 TimeMin=N/A
   SubmitTime=2025-07-20T15:11:26 EligibleTime=2025-07-20T15:11:28
   AccrueTime=2025-07-20T15:11:28
   StartTime=2025-07-20T15:44:33 EndTime=2025-07-20T17:44:33 Deadline=N/A
   SuspendTime=None SecsPreSuspend=0 LastSchedEval=2025-07-20T15:44:33 Scheduler=Main
   Partition=short AllocNode:Sid=quser44:2698839
   ReqNodeList=(null) ExcNodeList=(null)
   NodeList=qnode3039
   BatchHost=qnode3039
   NumNodes=1 NumCPUs=64 NumTasks=64 CPUs/Task=1 ReqB:S:C:T=0:0:*:*
   ReqTRES=cpu=64,mem=32000M,node=1,billing=288
   AllocTRES=cpu=64,mem=32000M,node=1,billing=288
   Socks/Node=* NtasksPerN:B:S:C=64:0:*:* CoreSpec=*
   MinCPUsNode=64 MinMemoryCPU=500M MinTmpDiskNode=0
   Features=[quest10|quest11|quest12|quest13] DelayBoot=00:00:00
   OverSubscribe=OK Contiguous=0 Licenses=(null) Network=(null)
   Command=/gpfs/home/tbr0780/ILForge/common/bash/launch_experiment.sh
   WorkDir=/gpfs/home/tbr0780/ILForge
   StdErr=/dev/null
   StdIn=/dev/null
   StdOut=/dev/null
   MailUser=timothyruel2024@u.northwestern.edu MailType=INVALID_DEPEND,BEGIN,END,FAIL,REQUEUE,STAGE_OUT
   
--------------------------------------------------------------------------------
JOB EFFICIENCY 
--------------------------------------------------------------------------------
Job efficiency will be calculated after the job has completed.
===== checkjob (interval) at Sun Jul 20 15:49:29 CDT 2025 =====
--------------------------------------------------------------------------------
JOB INFORMATION 
--------------------------------------------------------------------------------
JobId=9116388 ArrayJobId=9115375 ArrayTaskId=517 JobName=experiment_sim
   UserId=tbr0780(3229) GroupId=tbr0780(4023) MCS_label=N/A
   Priority=20989 Nice=0 Account=p32397 QOS=normal
   JobState=RUNNING Reason=None Dependency=(null)
   Requeue=0 Restarts=0 BatchFlag=1 Reboot=0 ExitCode=0:0
   RunTime=00:04:56 TimeLimit=02:00:00 TimeMin=N/A
   SubmitTime=2025-07-20T15:11:26 EligibleTime=2025-07-20T15:11:28
   AccrueTime=2025-07-20T15:11:28
   StartTime=2025-07-20T15:44:33 EndTime=2025-07-20T17:44:33 Deadline=N/A
   SuspendTime=None SecsPreSuspend=0 LastSchedEval=2025-07-20T15:44:33 Scheduler=Main
   Partition=short AllocNode:Sid=quser44:2698839
   ReqNodeList=(null) ExcNodeList=(null)
   NodeList=qnode3039
   BatchHost=qnode3039
   NumNodes=1 NumCPUs=64 NumTasks=64 CPUs/Task=1 ReqB:S:C:T=0:0:*:*
   ReqTRES=cpu=64,mem=32000M,node=1,billing=288
   AllocTRES=cpu=64,mem=32000M,node=1,billing=288
   Socks/Node=* NtasksPerN:B:S:C=64:0:*:* CoreSpec=*
   MinCPUsNode=64 MinMemoryCPU=500M MinTmpDiskNode=0
   Features=[quest10|quest11|quest12|quest13] DelayBoot=00:00:00
   OverSubscribe=OK Contiguous=0 Licenses=(null) Network=(null)
   Command=/gpfs/home/tbr0780/ILForge/common/bash/launch_experiment.sh
   WorkDir=/gpfs/home/tbr0780/ILForge
   StdErr=/dev/null
   StdIn=/dev/null
   StdOut=/dev/null
   MailUser=timothyruel2024@u.northwestern.edu MailType=INVALID_DEPEND,BEGIN,END,FAIL,REQUEUE,STAGE_OUT
   
--------------------------------------------------------------------------------
JOB EFFICIENCY 
--------------------------------------------------------------------------------
Job efficiency will be calculated after the job has completed.
===== checkjob (interval) at Sun Jul 20 15:50:02 CDT 2025 =====
--------------------------------------------------------------------------------
JOB INFORMATION 
--------------------------------------------------------------------------------
JobId=9116388 ArrayJobId=9115375 ArrayTaskId=517 JobName=experiment_sim
   UserId=tbr0780(3229) GroupId=tbr0780(4023) MCS_label=N/A
   Priority=20989 Nice=0 Account=p32397 QOS=normal
   JobState=RUNNING Reason=None Dependency=(null)
   Requeue=0 Restarts=0 BatchFlag=1 Reboot=0 ExitCode=0:0
   RunTime=00:05:29 TimeLimit=02:00:00 TimeMin=N/A
   SubmitTime=2025-07-20T15:11:26 EligibleTime=2025-07-20T15:11:28
   AccrueTime=2025-07-20T15:11:28
   StartTime=2025-07-20T15:44:33 EndTime=2025-07-20T17:44:33 Deadline=N/A
   SuspendTime=None SecsPreSuspend=0 LastSchedEval=2025-07-20T15:44:33 Scheduler=Main
   Partition=short AllocNode:Sid=quser44:2698839
   ReqNodeList=(null) ExcNodeList=(null)
   NodeList=qnode3039
   BatchHost=qnode3039
   NumNodes=1 NumCPUs=64 NumTasks=64 CPUs/Task=1 ReqB:S:C:T=0:0:*:*
   ReqTRES=cpu=64,mem=32000M,node=1,billing=288
   AllocTRES=cpu=64,mem=32000M,node=1,billing=288
   Socks/Node=* NtasksPerN:B:S:C=64:0:*:* CoreSpec=*
   MinCPUsNode=64 MinMemoryCPU=500M MinTmpDiskNode=0
   Features=[quest10|quest11|quest12|quest13] DelayBoot=00:00:00
   OverSubscribe=OK Contiguous=0 Licenses=(null) Network=(null)
   Command=/gpfs/home/tbr0780/ILForge/common/bash/launch_experiment.sh
   WorkDir=/gpfs/home/tbr0780/ILForge
   StdErr=/dev/null
   StdIn=/dev/null
   StdOut=/dev/null
   MailUser=timothyruel2024@u.northwestern.edu MailType=INVALID_DEPEND,BEGIN,END,FAIL,REQUEUE,STAGE_OUT
   
--------------------------------------------------------------------------------
JOB EFFICIENCY 
--------------------------------------------------------------------------------
Job efficiency will be calculated after the job has completed.
===== checkjob (interval) at Sun Jul 20 15:50:35 CDT 2025 =====
--------------------------------------------------------------------------------
JOB INFORMATION 
--------------------------------------------------------------------------------
JobId=9116388 ArrayJobId=9115375 ArrayTaskId=517 JobName=experiment_sim
   UserId=tbr0780(3229) GroupId=tbr0780(4023) MCS_label=N/A
   Priority=20989 Nice=0 Account=p32397 QOS=normal
   JobState=RUNNING Reason=None Dependency=(null)
   Requeue=0 Restarts=0 BatchFlag=1 Reboot=0 ExitCode=0:0
   RunTime=00:06:02 TimeLimit=02:00:00 TimeMin=N/A
   SubmitTime=2025-07-20T15:11:26 EligibleTime=2025-07-20T15:11:28
   AccrueTime=2025-07-20T15:11:28
   StartTime=2025-07-20T15:44:33 EndTime=2025-07-20T17:44:33 Deadline=N/A
   SuspendTime=None SecsPreSuspend=0 LastSchedEval=2025-07-20T15:44:33 Scheduler=Main
   Partition=short AllocNode:Sid=quser44:2698839
   ReqNodeList=(null) ExcNodeList=(null)
   NodeList=qnode3039
   BatchHost=qnode3039
   NumNodes=1 NumCPUs=64 NumTasks=64 CPUs/Task=1 ReqB:S:C:T=0:0:*:*
   ReqTRES=cpu=64,mem=32000M,node=1,billing=288
   AllocTRES=cpu=64,mem=32000M,node=1,billing=288
   Socks/Node=* NtasksPerN:B:S:C=64:0:*:* CoreSpec=*
   MinCPUsNode=64 MinMemoryCPU=500M MinTmpDiskNode=0
   Features=[quest10|quest11|quest12|quest13] DelayBoot=00:00:00
   OverSubscribe=OK Contiguous=0 Licenses=(null) Network=(null)
   Command=/gpfs/home/tbr0780/ILForge/common/bash/launch_experiment.sh
   WorkDir=/gpfs/home/tbr0780/ILForge
   StdErr=/dev/null
   StdIn=/dev/null
   StdOut=/dev/null
   MailUser=timothyruel2024@u.northwestern.edu MailType=INVALID_DEPEND,BEGIN,END,FAIL,REQUEUE,STAGE_OUT
   
--------------------------------------------------------------------------------
JOB EFFICIENCY 
--------------------------------------------------------------------------------
Job efficiency will be calculated after the job has completed.
===== checkjob (interval) at Sun Jul 20 15:51:05 CDT 2025 =====
--------------------------------------------------------------------------------
JOB INFORMATION 
--------------------------------------------------------------------------------
JobId=9116388 ArrayJobId=9115375 ArrayTaskId=517 JobName=experiment_sim
   UserId=tbr0780(3229) GroupId=tbr0780(4023) MCS_label=N/A
   Priority=20989 Nice=0 Account=p32397 QOS=normal
   JobState=RUNNING Reason=None Dependency=(null)
   Requeue=0 Restarts=0 BatchFlag=1 Reboot=0 ExitCode=0:0
   RunTime=00:06:32 TimeLimit=02:00:00 TimeMin=N/A
   SubmitTime=2025-07-20T15:11:26 EligibleTime=2025-07-20T15:11:28
   AccrueTime=2025-07-20T15:11:28
   StartTime=2025-07-20T15:44:33 EndTime=2025-07-20T17:44:33 Deadline=N/A
   SuspendTime=None SecsPreSuspend=0 LastSchedEval=2025-07-20T15:44:33 Scheduler=Main
   Partition=short AllocNode:Sid=quser44:2698839
   ReqNodeList=(null) ExcNodeList=(null)
   NodeList=qnode3039
   BatchHost=qnode3039
   NumNodes=1 NumCPUs=64 NumTasks=64 CPUs/Task=1 ReqB:S:C:T=0:0:*:*
   ReqTRES=cpu=64,mem=32000M,node=1,billing=288
   AllocTRES=cpu=64,mem=32000M,node=1,billing=288
   Socks/Node=* NtasksPerN:B:S:C=64:0:*:* CoreSpec=*
   MinCPUsNode=64 MinMemoryCPU=500M MinTmpDiskNode=0
   Features=[quest10|quest11|quest12|quest13] DelayBoot=00:00:00
   OverSubscribe=OK Contiguous=0 Licenses=(null) Network=(null)
   Command=/gpfs/home/tbr0780/ILForge/common/bash/launch_experiment.sh
   WorkDir=/gpfs/home/tbr0780/ILForge
   StdErr=/dev/null
   StdIn=/dev/null
   StdOut=/dev/null
   MailUser=timothyruel2024@u.northwestern.edu MailType=INVALID_DEPEND,BEGIN,END,FAIL,REQUEUE,STAGE_OUT
   
--------------------------------------------------------------------------------
JOB EFFICIENCY 
--------------------------------------------------------------------------------
Job efficiency will be calculated after the job has completed.
