📌 Logging to experiments/exp_v2.1.0/simulations/sim_01/iter_1181/logs/slurm_log.out
🔁 Running Iteration 1181 of Simulation sim_01 in Experiment exp_v2.1.0 (multinomial_logistic_regression / shared_effect) with 64 cores...
[INFO] True parameters already exist — skipping generation.
Generating data...
[INFO] Loading theta_0 from: /gpfs/home/tbr0780/ILForge/experiments/exp_v2.1.0/true_params/theta_0.rds
[INFO] Generating new data for iteration: iter_1181
✅ Balanced dataset generated on try 1
[✓] Saved config snapshot to: /gpfs/home/tbr0780/ILForge/experiments/exp_v2.1.0/simulations/sim_01/iter_1181/config_snapshot.yml
Executing iteration...
🔍 Running integrated likelihood...
✅ Integrated likelihood complete (0.43 min)
📈 Running profile likelihood...
✅ Profile likelihood complete (0.25 min)
⏱️  Total experiment time: 0.7 minutes
✓ Experiment results saved to /experiments/exp_v2.1.0/simulations/sim_01/iter_1181/results
✓ Iteration completed
✅ SLURM iteration complete: iter_1181
===== FINAL DIAGNOSTICS for Job 9902874 =====
Job ID: 9902874
Array Job ID: 9900632_1180
Cluster: quest
User/Group: tbr0780/tbr0780
State: RUNNING
Nodes: 1
Cores per node: 64
CPU Utilized: 00:00:00
CPU Efficiency: 0.00% of 02:20:48 core-walltime
Job Wall-clock time: 00:02:12
Memory Utilized: 0.00 MB (estimated maximum)
Memory Efficiency: 0.00% of 31.25 GB (500.00 MB/core)
WARNING: Efficiency statistics may be misleading for RUNNING jobs.
--------------------------------------------------------------------------------
JOB INFORMATION 
--------------------------------------------------------------------------------
JobId=9902874 ArrayJobId=9900632 ArrayTaskId=1180 JobName=experiment_sim
   UserId=tbr0780(3229) GroupId=tbr0780(4023) MCS_label=N/A
   Priority=20165 Nice=0 Account=p32397 QOS=normal
   JobState=RUNNING Reason=None Dependency=(null)
   Requeue=0 Restarts=0 BatchFlag=1 Reboot=0 ExitCode=0:0
   RunTime=00:02:12 TimeLimit=02:00:00 TimeMin=N/A
   SubmitTime=2025-07-25T19:18:16 EligibleTime=2025-07-25T19:18:19
   AccrueTime=2025-07-25T19:18:19
   StartTime=2025-07-25T19:57:18 EndTime=2025-07-25T21:57:18 Deadline=N/A
   SuspendTime=None SecsPreSuspend=0 LastSchedEval=2025-07-25T19:57:18 Scheduler=Main
   Partition=short AllocNode:Sid=quser32:3020972
   ReqNodeList=(null) ExcNodeList=(null)
   NodeList=qnode3069
   BatchHost=qnode3069
   NumNodes=1 NumCPUs=64 NumTasks=64 CPUs/Task=1 ReqB:S:C:T=0:0:*:*
   ReqTRES=cpu=64,mem=32000M,node=1,billing=288
   AllocTRES=cpu=64,mem=32000M,node=1,billing=288
   Socks/Node=* NtasksPerN:B:S:C=64:0:*:* CoreSpec=*
   MinCPUsNode=64 MinMemoryCPU=500M MinTmpDiskNode=0
   Features=[quest10|quest11|quest12|quest13] DelayBoot=00:00:00
   OverSubscribe=OK Contiguous=0 Licenses=(null) Network=(null)
   Command=/gpfs/home/tbr0780/ILForge/common/bash/launch_experiment.sh
   WorkDir=/gpfs/home/tbr0780/ILForge
   StdErr=/dev/null
   StdIn=/dev/null
   StdOut=/dev/null
   MailUser=timothyruel2024@u.northwestern.edu MailType=INVALID_DEPEND,BEGIN,END,FAIL,REQUEUE,STAGE_OUT
   
--------------------------------------------------------------------------------
JOB EFFICIENCY 
--------------------------------------------------------------------------------
Job efficiency will be calculated after the job has completed.
JobID                     JobName    Elapsed     MaxRSS     ReqMem  AllocCPUS      State 
------------ -------------------- ---------- ---------- ---------- ---------- ---------- 
9900632_1180       experiment_sim   00:02:12                32000M         64    RUNNING 
9900632_118+                batch   00:02:12                               64    RUNNING 
9900632_118+               extern   00:02:12                               64    RUNNING 
              total        used        free      shared  buff/cache   available
Mem:          503Gi        44Gi       166Gi       3.9Gi       292Gi       446Gi
Swap:          31Gi       4.6Gi        27Gi
 19:59:30 up 94 days,  6:15,  0 users,  load average: 33.39, 22.25, 22.96
top - 19:59:31 up 94 days,  6:15,  0 users,  load average: 33.39, 22.25, 22.96
Tasks: 1297 total,  65 running, 1232 sleeping,   0 stopped,   0 zombie
%Cpu(s): 49.7 us,  0.3 sy,  0.0 ni, 49.8 id,  0.0 wa,  0.3 hi,  0.0 si,  0.0 st
MiB Mem : 515584.8 total, 170585.7 free,  45339.2 used, 299659.9 buff/cache
MiB Swap:  32768.0 total,  28019.8 free,   4748.2 used. 456988.2 avail Mem 

    PID USER      PR  NI    VIRT    RES    SHR S  %CPU  %MEM     TIME+ COMMAND
 374698 tbr0780   20   0  631788 335492  13012 R 100.0   0.1   0:11.95 R
 374699 tbr0780   20   0  634112 337844  13012 R 100.0   0.1   0:11.93 R
 374705 tbr0780   20   0  641648 345312  13012 R 100.0   0.1   0:11.88 R
 374706 tbr0780   20   0  642848 346592  13012 R 100.0   0.1   0:11.87 R
 374713 tbr0780   20   0  651928 355656  13012 R 100.0   0.1   0:11.81 R
 374715 tbr0780   20   0  654624 358312  13012 R 100.0   0.1   0:11.79 R
 374719 tbr0780   20   0  659940 363656  13012 R 100.0   0.1   0:11.75 R
 374722 tbr0780   20   0  659340 363096  13012 R 100.0   0.1   0:11.72 R
 374723 tbr0780   20   0  657688 361444  13012 R 100.0   0.1   0:11.71 R
 374727 tbr0780   20   0  659176 362932  13012 R 100.0   0.1   0:11.65 R
 374728 tbr0780   20   0  663656 367304  13012 R 100.0   0.1   0:11.64 R
 374731 tbr0780   20   0  658552 362308  13012 R 100.0   0.1   0:11.61 R
 374733 tbr0780   20   0  657656 361412  13012 R 100.0   0.1   0:11.58 R
 374736 tbr0780   20   0  663668 367308  13012 R 100.0   0.1   0:11.55 R
 374737 tbr0780   20   0  663660 367324  13012 R 100.0   0.1   0:11.54 R
 374738 tbr0780   20   0  663668 367348  13012 R 100.0   0.1   0:11.52 R
 374739 tbr0780   20   0  663668 367352  13012 R 100.0   0.1   0:11.51 R
 374741 tbr0780   20   0  663664 367388  13012 R 100.0   0.1   0:11.49 R
 374744 tbr0780   20   0  663816 367448  13012 R 100.0   0.1   0:11.46 R
 374747 tbr0780   20   0  663800 367496  13012 R 100.0   0.1   0:11.42 R
 374749 tbr0780   20   0  663804 367528  13012 R 100.0   0.1   0:11.40 R
 374751 tbr0780   20   0  663952 367584  13012 R 100.0   0.1   0:11.38 R
 374752 tbr0780   20   0  663932 367608  13012 R 100.0   0.1   0:11.36 R
 374759 tbr0780   20   0  664068 367824  13012 R 100.0   0.1   0:11.28 R
 374760 tbr0780   20   0  664192 367832  13012 R 100.0   0.1   0:11.26 R
 374700 tbr0780   20   0  635428 339060  13012 R  94.1   0.1   0:11.92 R
 374701 tbr0780   20   0  636588 340288  13012 R  94.1   0.1   0:11.91 R
 374702 tbr0780   20   0  637812 341552  13012 R  94.1   0.1   0:11.90 R
 374703 tbr0780   20   0  639112 342780  13012 R  94.1   0.1   0:11.89 R
 374704 tbr0780   20   0  640352 344032  13012 R  94.1   0.1   0:11.88 R
 374707 tbr0780   20   0  644136 347860  13012 R  94.1   0.1   0:11.86 R
 374708 tbr0780   20   0  645480 349140  13012 R  94.1   0.1   0:11.85 R
 374709 tbr0780   20   0  646712 350436  13012 R  94.1   0.1   0:11.84 R
===== BACKGROUND CHECKJOB MONITOR LOG =====
===== checkjob (interval) at Fri Jul 25 19:58:36 CDT 2025 =====
--------------------------------------------------------------------------------
JOB INFORMATION 
--------------------------------------------------------------------------------
JobId=9902874 ArrayJobId=9900632 ArrayTaskId=1180 JobName=experiment_sim
   UserId=tbr0780(3229) GroupId=tbr0780(4023) MCS_label=N/A
   Priority=20165 Nice=0 Account=p32397 QOS=normal
   JobState=RUNNING Reason=None Dependency=(null)
   Requeue=0 Restarts=0 BatchFlag=1 Reboot=0 ExitCode=0:0
   RunTime=00:01:18 TimeLimit=02:00:00 TimeMin=N/A
   SubmitTime=2025-07-25T19:18:16 EligibleTime=2025-07-25T19:18:19
   AccrueTime=2025-07-25T19:18:19
   StartTime=2025-07-25T19:57:18 EndTime=2025-07-25T21:57:18 Deadline=N/A
   SuspendTime=None SecsPreSuspend=0 LastSchedEval=2025-07-25T19:57:18 Scheduler=Main
   Partition=short AllocNode:Sid=quser32:3020972
   ReqNodeList=(null) ExcNodeList=(null)
   NodeList=qnode3069
   BatchHost=qnode3069
   NumNodes=1 NumCPUs=64 NumTasks=64 CPUs/Task=1 ReqB:S:C:T=0:0:*:*
   ReqTRES=cpu=64,mem=32000M,node=1,billing=288
   AllocTRES=cpu=64,mem=32000M,node=1,billing=288
   Socks/Node=* NtasksPerN:B:S:C=64:0:*:* CoreSpec=*
   MinCPUsNode=64 MinMemoryCPU=500M MinTmpDiskNode=0
   Features=[quest10|quest11|quest12|quest13] DelayBoot=00:00:00
   OverSubscribe=OK Contiguous=0 Licenses=(null) Network=(null)
   Command=/gpfs/home/tbr0780/ILForge/common/bash/launch_experiment.sh
   WorkDir=/gpfs/home/tbr0780/ILForge
   StdErr=/dev/null
   StdIn=/dev/null
   StdOut=/dev/null
   MailUser=timothyruel2024@u.northwestern.edu MailType=INVALID_DEPEND,BEGIN,END,FAIL,REQUEUE,STAGE_OUT
   
--------------------------------------------------------------------------------
JOB EFFICIENCY 
--------------------------------------------------------------------------------
Job efficiency will be calculated after the job has completed.
===== checkjob (interval) at Fri Jul 25 19:59:08 CDT 2025 =====
--------------------------------------------------------------------------------
JOB INFORMATION 
--------------------------------------------------------------------------------
JobId=9902874 ArrayJobId=9900632 ArrayTaskId=1180 JobName=experiment_sim
   UserId=tbr0780(3229) GroupId=tbr0780(4023) MCS_label=N/A
   Priority=20165 Nice=0 Account=p32397 QOS=normal
   JobState=RUNNING Reason=None Dependency=(null)
   Requeue=0 Restarts=0 BatchFlag=1 Reboot=0 ExitCode=0:0
   RunTime=00:01:50 TimeLimit=02:00:00 TimeMin=N/A
   SubmitTime=2025-07-25T19:18:16 EligibleTime=2025-07-25T19:18:19
   AccrueTime=2025-07-25T19:18:19
   StartTime=2025-07-25T19:57:18 EndTime=2025-07-25T21:57:18 Deadline=N/A
   SuspendTime=None SecsPreSuspend=0 LastSchedEval=2025-07-25T19:57:18 Scheduler=Main
   Partition=short AllocNode:Sid=quser32:3020972
   ReqNodeList=(null) ExcNodeList=(null)
   NodeList=qnode3069
   BatchHost=qnode3069
   NumNodes=1 NumCPUs=64 NumTasks=64 CPUs/Task=1 ReqB:S:C:T=0:0:*:*
   ReqTRES=cpu=64,mem=32000M,node=1,billing=288
   AllocTRES=cpu=64,mem=32000M,node=1,billing=288
   Socks/Node=* NtasksPerN:B:S:C=64:0:*:* CoreSpec=*
   MinCPUsNode=64 MinMemoryCPU=500M MinTmpDiskNode=0
   Features=[quest10|quest11|quest12|quest13] DelayBoot=00:00:00
   OverSubscribe=OK Contiguous=0 Licenses=(null) Network=(null)
   Command=/gpfs/home/tbr0780/ILForge/common/bash/launch_experiment.sh
   WorkDir=/gpfs/home/tbr0780/ILForge
   StdErr=/dev/null
   StdIn=/dev/null
   StdOut=/dev/null
   MailUser=timothyruel2024@u.northwestern.edu MailType=INVALID_DEPEND,BEGIN,END,FAIL,REQUEUE,STAGE_OUT
   
--------------------------------------------------------------------------------
JOB EFFICIENCY 
--------------------------------------------------------------------------------
Job efficiency will be calculated after the job has completed.
