📌 Logging to experiments/exp_v2.1.0/simulations/sim_01/iter_0087/logs/slurm_log.out
🔁 Running Iteration 87 of Simulation sim_01 in Experiment exp_v2.1.0 (multinomial_logistic_regression / shared_effect) with 64 cores...
[INFO] True parameters already exist — skipping generation.
Generating data...
[INFO] Loading theta_0 from: /gpfs/home/tbr0780/ILForge/experiments/exp_v2.1.0/true_params/theta_0.rds
[INFO] Generating new data for iteration: iter_0087
✅ Balanced dataset generated on try 1
[✓] Saved config snapshot to: /gpfs/home/tbr0780/ILForge/experiments/exp_v2.1.0/simulations/sim_01/iter_0087/config_snapshot.yml
Executing iteration...
🔍 Running integrated likelihood...
✅ Integrated likelihood complete (0.44 min)
📈 Running profile likelihood...
✅ Profile likelihood complete (0.31 min)
⏱️  Total experiment time: 0.77 minutes
✓ Experiment results saved to /experiments/exp_v2.1.0/simulations/sim_01/iter_0087/results
✓ Iteration completed
✅ SLURM iteration complete: iter_0087
===== FINAL DIAGNOSTICS for Job 9900981 =====
Job ID: 9900981
Array Job ID: 9900632_86
Cluster: quest
User/Group: tbr0780/tbr0780
State: RUNNING
Nodes: 1
Cores per node: 64
CPU Utilized: 00:00:00
CPU Efficiency: 0.00% of 02:11:12 core-walltime
Job Wall-clock time: 00:02:03
Memory Utilized: 0.00 MB (estimated maximum)
Memory Efficiency: 0.00% of 31.25 GB (500.00 MB/core)
WARNING: Efficiency statistics may be misleading for RUNNING jobs.
--------------------------------------------------------------------------------
JOB INFORMATION 
--------------------------------------------------------------------------------
JobId=9900981 ArrayJobId=9900632 ArrayTaskId=86 JobName=experiment_sim
   UserId=tbr0780(3229) GroupId=tbr0780(4023) MCS_label=N/A
   Priority=20130 Nice=0 Account=p32397 QOS=normal
   JobState=RUNNING Reason=None Dependency=(null)
   Requeue=0 Restarts=0 BatchFlag=1 Reboot=0 ExitCode=0:0
   RunTime=00:02:04 TimeLimit=02:00:00 TimeMin=N/A
   SubmitTime=2025-07-25T19:18:16 EligibleTime=2025-07-25T19:18:19
   AccrueTime=2025-07-25T19:18:19
   StartTime=2025-07-25T19:24:05 EndTime=2025-07-25T21:24:05 Deadline=N/A
   SuspendTime=None SecsPreSuspend=0 LastSchedEval=2025-07-25T19:24:05 Scheduler=Main
   Partition=short AllocNode:Sid=quser32:3020972
   ReqNodeList=(null) ExcNodeList=(null)
   NodeList=qnode2172
   BatchHost=qnode2172
   NumNodes=1 NumCPUs=64 NumTasks=64 CPUs/Task=1 ReqB:S:C:T=0:0:*:*
   ReqTRES=cpu=64,mem=32000M,node=1,billing=288
   AllocTRES=cpu=64,mem=32000M,node=1,billing=288
   Socks/Node=* NtasksPerN:B:S:C=64:0:*:* CoreSpec=*
   MinCPUsNode=64 MinMemoryCPU=500M MinTmpDiskNode=0
   Features=[quest10|quest11|quest12|quest13] DelayBoot=00:00:00
   OverSubscribe=OK Contiguous=0 Licenses=(null) Network=(null)
   Command=/gpfs/home/tbr0780/ILForge/common/bash/launch_experiment.sh
   WorkDir=/gpfs/home/tbr0780/ILForge
   StdErr=/dev/null
   StdIn=/dev/null
   StdOut=/dev/null
   MailUser=timothyruel2024@u.northwestern.edu MailType=INVALID_DEPEND,BEGIN,END,FAIL,REQUEUE,STAGE_OUT
   
--------------------------------------------------------------------------------
JOB EFFICIENCY 
--------------------------------------------------------------------------------
Job efficiency will be calculated after the job has completed.
JobID                     JobName    Elapsed     MaxRSS     ReqMem  AllocCPUS      State 
------------ -------------------- ---------- ---------- ---------- ---------- ---------- 
9900632_86         experiment_sim   00:02:04                32000M         64    RUNNING 
9900632_86.+                batch   00:02:04                               64    RUNNING 
9900632_86.+               extern   00:02:04                               64    RUNNING 
              total        used        free      shared  buff/cache   available
Mem:          251Gi        22Gi       224Gi       3.6Gi       4.8Gi       221Gi
Swap:          31Gi       4.0Gi        28Gi
 19:26:09 up 123 days, 22:56,  1 user,  load average: 14.55, 5.59, 3.24
top - 19:26:09 up 123 days, 22:56,  1 user,  load average: 14.55, 5.59, 3.24
Tasks: 717 total,   1 running, 716 sleeping,   0 stopped,   0 zombie
%Cpu(s):  0.1 us,  0.1 sy,  0.0 ni, 99.8 id,  0.0 wa,  0.0 hi,  0.0 si,  0.0 st
MiB Mem : 257574.3 total, 230031.0 free,  22628.8 used,   4914.5 buff/cache
MiB Swap:  32768.0 total,  28709.8 free,   4058.2 used. 227174.6 avail Mem 

    PID USER      PR  NI    VIRT    RES    SHR S  %CPU  %MEM     TIME+ COMMAND
      1 root      20   0  238320   7896   5848 S   0.0   0.0   3:35.73 systemd
      2 root      20   0       0      0      0 S   0.0   0.0   0:03.76 kthreadd
      3 root       0 -20       0      0      0 I   0.0   0.0   0:00.00 rcu_gp
      4 root       0 -20       0      0      0 I   0.0   0.0   0:00.00 rcu_par+
      5 root       0 -20       0      0      0 I   0.0   0.0   0:00.00 slub_fl+
      7 root       0 -20       0      0      0 I   0.0   0.0   0:00.00 kworker+
     11 root       0 -20       0      0      0 I   0.0   0.0   0:00.00 mm_perc+
     12 root      20   0       0      0      0 S   0.0   0.0   0:00.00 rcu_tas+
     13 root      20   0       0      0      0 S   0.0   0.0   0:00.00 rcu_tas+
     14 root      20   0       0      0      0 S   0.0   0.0   1:12.44 ksoftir+
     15 root      20   0       0      0      0 I   0.0   0.0  46:13.23 rcu_sch+
     16 root      rt   0       0      0      0 S   0.0   0.0   0:13.32 migrati+
     17 root      rt   0       0      0      0 S   0.0   0.0   0:00.76 watchdo+
     18 root      20   0       0      0      0 S   0.0   0.0   0:00.01 cpuhp/0
     19 root      20   0       0      0      0 S   0.0   0.0   0:00.00 cpuhp/1
     20 root      rt   0       0      0      0 S   0.0   0.0   0:03.05 watchdo+
     21 root      rt   0       0      0      0 S   0.0   0.0   0:10.25 migrati+
     22 root      20   0       0      0      0 S   0.0   0.0   0:22.43 ksoftir+
     24 root       0 -20       0      0      0 I   0.0   0.0   0:00.00 kworker+
     25 root      20   0       0      0      0 S   0.0   0.0   0:00.00 cpuhp/2
     26 root      rt   0       0      0      0 S   0.0   0.0   0:02.73 watchdo+
     27 root      rt   0       0      0      0 S   0.0   0.0   0:07.78 migrati+
     28 root      20   0       0      0      0 S   0.0   0.0   0:09.85 ksoftir+
     30 root       0 -20       0      0      0 I   0.0   0.0   0:00.00 kworker+
     31 root      20   0       0      0      0 S   0.0   0.0   0:00.00 cpuhp/3
     32 root      rt   0       0      0      0 S   0.0   0.0   0:02.68 watchdo+
     33 root      rt   0       0      0      0 S   0.0   0.0   0:07.05 migrati+
     34 root      20   0       0      0      0 S   0.0   0.0   0:09.10 ksoftir+
     36 root       0 -20       0      0      0 I   0.0   0.0   0:00.00 kworker+
     37 root      20   0       0      0      0 S   0.0   0.0   0:00.00 cpuhp/4
     38 root      rt   0       0      0      0 S   0.0   0.0   0:02.76 watchdo+
     39 root      rt   0       0      0      0 S   0.0   0.0   0:06.27 migrati+
     40 root      20   0       0      0      0 S   0.0   0.0   0:08.69 ksoftir+
===== BACKGROUND CHECKJOB MONITOR LOG =====
===== checkjob (interval) at Fri Jul 25 19:25:11 CDT 2025 =====
--------------------------------------------------------------------------------
JOB INFORMATION 
--------------------------------------------------------------------------------
JobId=9900981 ArrayJobId=9900632 ArrayTaskId=86 JobName=experiment_sim
   UserId=tbr0780(3229) GroupId=tbr0780(4023) MCS_label=N/A
   Priority=20130 Nice=0 Account=p32397 QOS=normal
   JobState=RUNNING Reason=None Dependency=(null)
   Requeue=0 Restarts=0 BatchFlag=1 Reboot=0 ExitCode=0:0
   RunTime=00:01:06 TimeLimit=02:00:00 TimeMin=N/A
   SubmitTime=2025-07-25T19:18:16 EligibleTime=2025-07-25T19:18:19
   AccrueTime=2025-07-25T19:18:19
   StartTime=2025-07-25T19:24:05 EndTime=2025-07-25T21:24:05 Deadline=N/A
   SuspendTime=None SecsPreSuspend=0 LastSchedEval=2025-07-25T19:24:05 Scheduler=Main
   Partition=short AllocNode:Sid=quser32:3020972
   ReqNodeList=(null) ExcNodeList=(null)
   NodeList=qnode2172
   BatchHost=qnode2172
   NumNodes=1 NumCPUs=64 NumTasks=64 CPUs/Task=1 ReqB:S:C:T=0:0:*:*
   ReqTRES=cpu=64,mem=32000M,node=1,billing=288
   AllocTRES=cpu=64,mem=32000M,node=1,billing=288
   Socks/Node=* NtasksPerN:B:S:C=64:0:*:* CoreSpec=*
   MinCPUsNode=64 MinMemoryCPU=500M MinTmpDiskNode=0
   Features=[quest10|quest11|quest12|quest13] DelayBoot=00:00:00
   OverSubscribe=OK Contiguous=0 Licenses=(null) Network=(null)
   Command=/gpfs/home/tbr0780/ILForge/common/bash/launch_experiment.sh
   WorkDir=/gpfs/home/tbr0780/ILForge
   StdErr=/dev/null
   StdIn=/dev/null
   StdOut=/dev/null
   MailUser=timothyruel2024@u.northwestern.edu MailType=INVALID_DEPEND,BEGIN,END,FAIL,REQUEUE,STAGE_OUT
   
--------------------------------------------------------------------------------
JOB EFFICIENCY 
--------------------------------------------------------------------------------
Job efficiency will be calculated after the job has completed.
===== checkjob (interval) at Fri Jul 25 19:25:42 CDT 2025 =====
--------------------------------------------------------------------------------
JOB INFORMATION 
--------------------------------------------------------------------------------
JobId=9900981 ArrayJobId=9900632 ArrayTaskId=86 JobName=experiment_sim
   UserId=tbr0780(3229) GroupId=tbr0780(4023) MCS_label=N/A
   Priority=20130 Nice=0 Account=p32397 QOS=normal
   JobState=RUNNING Reason=None Dependency=(null)
   Requeue=0 Restarts=0 BatchFlag=1 Reboot=0 ExitCode=0:0
   RunTime=00:01:37 TimeLimit=02:00:00 TimeMin=N/A
   SubmitTime=2025-07-25T19:18:16 EligibleTime=2025-07-25T19:18:19
   AccrueTime=2025-07-25T19:18:19
   StartTime=2025-07-25T19:24:05 EndTime=2025-07-25T21:24:05 Deadline=N/A
   SuspendTime=None SecsPreSuspend=0 LastSchedEval=2025-07-25T19:24:05 Scheduler=Main
   Partition=short AllocNode:Sid=quser32:3020972
   ReqNodeList=(null) ExcNodeList=(null)
   NodeList=qnode2172
   BatchHost=qnode2172
   NumNodes=1 NumCPUs=64 NumTasks=64 CPUs/Task=1 ReqB:S:C:T=0:0:*:*
   ReqTRES=cpu=64,mem=32000M,node=1,billing=288
   AllocTRES=cpu=64,mem=32000M,node=1,billing=288
   Socks/Node=* NtasksPerN:B:S:C=64:0:*:* CoreSpec=*
   MinCPUsNode=64 MinMemoryCPU=500M MinTmpDiskNode=0
   Features=[quest10|quest11|quest12|quest13] DelayBoot=00:00:00
   OverSubscribe=OK Contiguous=0 Licenses=(null) Network=(null)
   Command=/gpfs/home/tbr0780/ILForge/common/bash/launch_experiment.sh
   WorkDir=/gpfs/home/tbr0780/ILForge
   StdErr=/dev/null
   StdIn=/dev/null
   StdOut=/dev/null
   MailUser=timothyruel2024@u.northwestern.edu MailType=INVALID_DEPEND,BEGIN,END,FAIL,REQUEUE,STAGE_OUT
   
--------------------------------------------------------------------------------
JOB EFFICIENCY 
--------------------------------------------------------------------------------
Job efficiency will be calculated after the job has completed.
