📌 Logging to experiments/exp_v2.0.0/simulations/sim_01/iter_0405/logs/slurm_log.out
🔁 Running Iteration 405 of Simulation sim_01 in Experiment exp_v2.0.0 (multinomial_logistic_regression / shared_effect) with 64 cores...
[INFO] True parameters already exist — skipping generation.
Generating data...
[INFO] Loading theta_0 from: /gpfs/home/tbr0780/ILForge/experiments/exp_v2.0.0/true_params/theta_0.rds
[INFO] Generating new data for iteration: iter_0405
✅ Balanced dataset generated on try 2
[✓] Saved config snapshot to: /gpfs/home/tbr0780/ILForge/experiments/exp_v2.0.0/simulations/sim_01/iter_0405/config_snapshot.yml
Executing iteration...
🔍 Running integrated likelihood...
✅ Integrated likelihood complete (5.56 min)
📈 Running profile likelihood...
✅ Profile likelihood complete (0.46 min)
Error in `map2()`:
ℹ In index: 2.
ℹ With name: Profile.
Caused by error in `map()`:
ℹ In index: 3.
Caused by error in `log()`:
! non-numeric argument to mathematical function
Backtrace:
     ▆
  1. ├─global get_report_objects(iter_dir)
  2. │ └─global get_confidence_intervals(...)
  3. │   └─purrr::map2_dfr(...)
  4. │     └─purrr::map2(.x, .y, .f, ...)
  5. │       └─purrr:::map2_("list", .x, .y, .f, ..., .progress = .progress)
  6. │         ├─purrr:::with_indexed_errors(...)
  7. │         │ └─base::withCallingHandlers(...)
  8. │         ├─purrr:::call_with_cleanup(...)
  9. │         └─.f(.x[[i]], .y[[i]], ...)
 10. │           └─purrr::map_dfr(...)
 11. │             └─purrr::map(.x, .f, ...)
 12. │               └─purrr:::map_("list", .x, .f, ..., .progress = .progress)
 13. │                 ├─purrr:::with_indexed_errors(...)
 14. │                 │ └─base::withCallingHandlers(...)
 15. │                 ├─purrr:::call_with_cleanup(...)
 16. │                 └─.f(.x[[i]], ...)
 17. │                   └─base::tryCatch(...)
 18. │                     └─base (local) tryCatchList(expr, classes, parentenv, handlers)
 19. │                       └─base (local) tryCatchOne(expr, names, parentenv, handlers[[1L]])
 20. │                         └─value[[3L]](cond)
 21. └─base::.handleSimpleError(...)
 22.   └─purrr (local) h(simpleError(msg, call))
 23.     └─cli::cli_abort(...)
 24.       └─rlang::abort(...)
Execution halted
✓ Iteration completed
✅ SLURM iteration complete: iter_0405
===== FINAL DIAGNOSTICS for Job 9116190 =====
Job ID: 9116190
Array Job ID: 9115375_404
Cluster: quest
User/Group: tbr0780/tbr0780
State: RUNNING
Nodes: 1
Cores per node: 64
CPU Utilized: 00:00:00
CPU Efficiency: 0.00% of 07:29:04 core-walltime
Job Wall-clock time: 00:07:01
Memory Utilized: 0.00 MB (estimated maximum)
Memory Efficiency: 0.00% of 31.25 GB (500.00 MB/core)
WARNING: Efficiency statistics may be misleading for RUNNING jobs.
--------------------------------------------------------------------------------
JOB INFORMATION 
--------------------------------------------------------------------------------
JobId=9116190 ArrayJobId=9115375 ArrayTaskId=404 JobName=experiment_sim
   UserId=tbr0780(3229) GroupId=tbr0780(4023) MCS_label=N/A
   Priority=20997 Nice=0 Account=p32397 QOS=normal
   JobState=RUNNING Reason=None Dependency=(null)
   Requeue=0 Restarts=0 BatchFlag=1 Reboot=0 ExitCode=0:0
   RunTime=00:07:01 TimeLimit=02:00:00 TimeMin=N/A
   SubmitTime=2025-07-20T15:11:26 EligibleTime=2025-07-20T15:11:28
   AccrueTime=2025-07-20T15:11:28
   StartTime=2025-07-20T15:37:32 EndTime=2025-07-20T17:37:32 Deadline=N/A
   SuspendTime=None SecsPreSuspend=0 LastSchedEval=2025-07-20T15:37:32 Scheduler=Main
   Partition=short AllocNode:Sid=quser44:2698839
   ReqNodeList=(null) ExcNodeList=(null)
   NodeList=qnode1205
   BatchHost=qnode1205
   NumNodes=1 NumCPUs=64 NumTasks=64 CPUs/Task=1 ReqB:S:C:T=0:0:*:*
   ReqTRES=cpu=64,mem=32000M,node=1,billing=288
   AllocTRES=cpu=64,mem=32000M,node=1,billing=288
   Socks/Node=* NtasksPerN:B:S:C=64:0:*:* CoreSpec=*
   MinCPUsNode=64 MinMemoryCPU=500M MinTmpDiskNode=0
   Features=[quest10|quest11|quest12|quest13] DelayBoot=00:00:00
   OverSubscribe=OK Contiguous=0 Licenses=(null) Network=(null)
   Command=/gpfs/home/tbr0780/ILForge/common/bash/launch_experiment.sh
   WorkDir=/gpfs/home/tbr0780/ILForge
   StdErr=/dev/null
   StdIn=/dev/null
   StdOut=/dev/null
   MailUser=timothyruel2024@u.northwestern.edu MailType=INVALID_DEPEND,BEGIN,END,FAIL,REQUEUE,STAGE_OUT
   
--------------------------------------------------------------------------------
JOB EFFICIENCY 
--------------------------------------------------------------------------------
Job efficiency will be calculated after the job has completed.
JobID                     JobName    Elapsed     MaxRSS     ReqMem  AllocCPUS      State 
------------ -------------------- ---------- ---------- ---------- ---------- ---------- 
9115375_404        experiment_sim   00:07:03                32000M         64    RUNNING 
9115375_404+                batch   00:07:03                               64    RUNNING 
9115375_404+               extern   00:07:03                               64    RUNNING 
              total        used        free      shared  buff/cache   available
Mem:          251Gi        22Gi       220Gi       8.3Gi       9.0Gi       217Gi
Swap:          31Gi       4.7Gi        27Gi
 15:44:35 up 117 days,  6:47,  0 users,  load average: 31.65, 47.82, 42.07
top - 15:44:35 up 117 days,  6:47,  0 users,  load average: 31.65, 47.82, 42.07
Tasks: 705 total,   1 running, 704 sleeping,   0 stopped,   0 zombie
%Cpu(s):  0.0 us,  0.2 sy,  0.0 ni, 99.8 id,  0.0 wa,  0.0 hi,  0.0 si,  0.0 st
MiB Mem : 257574.4 total, 225580.2 free,  22828.6 used,   9165.5 buff/cache
MiB Swap:  32768.0 total,  27920.0 free,   4848.0 used. 222486.9 avail Mem 

    PID USER      PR  NI    VIRT    RES    SHR S  %CPU  %MEM     TIME+ COMMAND
      1 root      20   0  238340  10376   8288 S   0.0   0.0   3:21.53 systemd
      2 root      20   0       0      0      0 S   0.0   0.0   0:04.93 kthreadd
      3 root       0 -20       0      0      0 I   0.0   0.0   0:00.00 rcu_gp
      4 root       0 -20       0      0      0 I   0.0   0.0   0:00.00 rcu_par+
      5 root       0 -20       0      0      0 I   0.0   0.0   0:00.00 slub_fl+
      7 root       0 -20       0      0      0 I   0.0   0.0   0:00.00 kworker+
     11 root       0 -20       0      0      0 I   0.0   0.0   0:00.00 mm_perc+
     12 root      20   0       0      0      0 S   0.0   0.0   0:00.00 rcu_tas+
     13 root      20   0       0      0      0 S   0.0   0.0   0:00.00 rcu_tas+
     14 root      20   0       0      0      0 S   0.0   0.0   1:12.25 ksoftir+
     15 root      20   0       0      0      0 I   0.0   0.0  71:53.25 rcu_sch+
     16 root      rt   0       0      0      0 S   0.0   0.0   0:15.23 migrati+
     17 root      rt   0       0      0      0 S   0.0   0.0   0:01.08 watchdo+
     18 root      20   0       0      0      0 S   0.0   0.0   0:00.02 cpuhp/0
     19 root      20   0       0      0      0 S   0.0   0.0   0:00.00 cpuhp/1
     20 root      rt   0       0      0      0 S   0.0   0.0   0:06.02 watchdo+
     21 root      rt   0       0      0      0 S   0.0   0.0   0:10.61 migrati+
     22 root      20   0       0      0      0 S   0.0   0.0   0:51.64 ksoftir+
     24 root       0 -20       0      0      0 I   0.0   0.0   0:00.00 kworker+
     25 root      20   0       0      0      0 S   0.0   0.0   0:00.00 cpuhp/2
     26 root      rt   0       0      0      0 S   0.0   0.0   0:05.95 watchdo+
     27 root      rt   0       0      0      0 S   0.0   0.0   0:09.02 migrati+
     28 root      20   0       0      0      0 S   0.0   0.0   0:14.69 ksoftir+
     30 root       0 -20       0      0      0 I   0.0   0.0   0:00.00 kworker+
     31 root      20   0       0      0      0 S   0.0   0.0   0:00.00 cpuhp/3
     32 root      rt   0       0      0      0 S   0.0   0.0   0:05.68 watchdo+
     33 root      rt   0       0      0      0 S   0.0   0.0   0:11.08 migrati+
     34 root      20   0       0      0      0 S   0.0   0.0   0:13.12 ksoftir+
     36 root       0 -20       0      0      0 I   0.0   0.0   0:00.00 kworker+
     37 root      20   0       0      0      0 S   0.0   0.0   0:00.00 cpuhp/4
     38 root      rt   0       0      0      0 S   0.0   0.0   0:05.89 watchdo+
     39 root      rt   0       0      0      0 S   0.0   0.0   0:08.69 migrati+
     40 root      20   0       0      0      0 S   0.0   0.0   0:12.32 ksoftir+
===== BACKGROUND CHECKJOB MONITOR LOG =====
===== checkjob (interval) at Sun Jul 20 15:38:22 CDT 2025 =====
--------------------------------------------------------------------------------
JOB INFORMATION 
--------------------------------------------------------------------------------
JobId=9116190 ArrayJobId=9115375 ArrayTaskId=404 JobName=experiment_sim
   UserId=tbr0780(3229) GroupId=tbr0780(4023) MCS_label=N/A
   Priority=20997 Nice=0 Account=p32397 QOS=normal
   JobState=RUNNING Reason=None Dependency=(null)
   Requeue=0 Restarts=0 BatchFlag=1 Reboot=0 ExitCode=0:0
   RunTime=00:00:52 TimeLimit=02:00:00 TimeMin=N/A
   SubmitTime=2025-07-20T15:11:26 EligibleTime=2025-07-20T15:11:28
   AccrueTime=2025-07-20T15:11:28
   StartTime=2025-07-20T15:37:32 EndTime=2025-07-20T17:37:32 Deadline=N/A
   SuspendTime=None SecsPreSuspend=0 LastSchedEval=2025-07-20T15:37:32 Scheduler=Main
   Partition=short AllocNode:Sid=quser44:2698839
   ReqNodeList=(null) ExcNodeList=(null)
   NodeList=qnode1205
   BatchHost=qnode1205
   NumNodes=1 NumCPUs=64 NumTasks=64 CPUs/Task=1 ReqB:S:C:T=0:0:*:*
   ReqTRES=cpu=64,mem=32000M,node=1,billing=288
   AllocTRES=cpu=64,mem=32000M,node=1,billing=288
   Socks/Node=* NtasksPerN:B:S:C=64:0:*:* CoreSpec=*
   MinCPUsNode=64 MinMemoryCPU=500M MinTmpDiskNode=0
   Features=[quest10|quest11|quest12|quest13] DelayBoot=00:00:00
   OverSubscribe=OK Contiguous=0 Licenses=(null) Network=(null)
   Command=/gpfs/home/tbr0780/ILForge/common/bash/launch_experiment.sh
   WorkDir=/gpfs/home/tbr0780/ILForge
   StdErr=/dev/null
   StdIn=/dev/null
   StdOut=/dev/null
   MailUser=timothyruel2024@u.northwestern.edu MailType=INVALID_DEPEND,BEGIN,END,FAIL,REQUEUE,STAGE_OUT
   
--------------------------------------------------------------------------------
JOB EFFICIENCY 
--------------------------------------------------------------------------------
Job efficiency will be calculated after the job has completed.
===== checkjob (interval) at Sun Jul 20 15:38:55 CDT 2025 =====
--------------------------------------------------------------------------------
JOB INFORMATION 
--------------------------------------------------------------------------------
JobId=9116190 ArrayJobId=9115375 ArrayTaskId=404 JobName=experiment_sim
   UserId=tbr0780(3229) GroupId=tbr0780(4023) MCS_label=N/A
   Priority=20997 Nice=0 Account=p32397 QOS=normal
   JobState=RUNNING Reason=None Dependency=(null)
   Requeue=0 Restarts=0 BatchFlag=1 Reboot=0 ExitCode=0:0
   RunTime=00:01:23 TimeLimit=02:00:00 TimeMin=N/A
   SubmitTime=2025-07-20T15:11:26 EligibleTime=2025-07-20T15:11:28
   AccrueTime=2025-07-20T15:11:28
   StartTime=2025-07-20T15:37:32 EndTime=2025-07-20T17:37:32 Deadline=N/A
   SuspendTime=None SecsPreSuspend=0 LastSchedEval=2025-07-20T15:37:32 Scheduler=Main
   Partition=short AllocNode:Sid=quser44:2698839
   ReqNodeList=(null) ExcNodeList=(null)
   NodeList=qnode1205
   BatchHost=qnode1205
   NumNodes=1 NumCPUs=64 NumTasks=64 CPUs/Task=1 ReqB:S:C:T=0:0:*:*
   ReqTRES=cpu=64,mem=32000M,node=1,billing=288
   AllocTRES=cpu=64,mem=32000M,node=1,billing=288
   Socks/Node=* NtasksPerN:B:S:C=64:0:*:* CoreSpec=*
   MinCPUsNode=64 MinMemoryCPU=500M MinTmpDiskNode=0
   Features=[quest10|quest11|quest12|quest13] DelayBoot=00:00:00
   OverSubscribe=OK Contiguous=0 Licenses=(null) Network=(null)
   Command=/gpfs/home/tbr0780/ILForge/common/bash/launch_experiment.sh
   WorkDir=/gpfs/home/tbr0780/ILForge
   StdErr=/dev/null
   StdIn=/dev/null
   StdOut=/dev/null
   MailUser=timothyruel2024@u.northwestern.edu MailType=INVALID_DEPEND,BEGIN,END,FAIL,REQUEUE,STAGE_OUT
   
--------------------------------------------------------------------------------
JOB EFFICIENCY 
--------------------------------------------------------------------------------
Job efficiency will be calculated after the job has completed.
===== checkjob (interval) at Sun Jul 20 15:39:28 CDT 2025 =====
--------------------------------------------------------------------------------
JOB INFORMATION 
--------------------------------------------------------------------------------
JobId=9116190 ArrayJobId=9115375 ArrayTaskId=404 JobName=experiment_sim
   UserId=tbr0780(3229) GroupId=tbr0780(4023) MCS_label=N/A
   Priority=20997 Nice=0 Account=p32397 QOS=normal
   JobState=RUNNING Reason=None Dependency=(null)
   Requeue=0 Restarts=0 BatchFlag=1 Reboot=0 ExitCode=0:0
   RunTime=00:01:56 TimeLimit=02:00:00 TimeMin=N/A
   SubmitTime=2025-07-20T15:11:26 EligibleTime=2025-07-20T15:11:28
   AccrueTime=2025-07-20T15:11:28
   StartTime=2025-07-20T15:37:32 EndTime=2025-07-20T17:37:32 Deadline=N/A
   SuspendTime=None SecsPreSuspend=0 LastSchedEval=2025-07-20T15:37:32 Scheduler=Main
   Partition=short AllocNode:Sid=quser44:2698839
   ReqNodeList=(null) ExcNodeList=(null)
   NodeList=qnode1205
   BatchHost=qnode1205
   NumNodes=1 NumCPUs=64 NumTasks=64 CPUs/Task=1 ReqB:S:C:T=0:0:*:*
   ReqTRES=cpu=64,mem=32000M,node=1,billing=288
   AllocTRES=cpu=64,mem=32000M,node=1,billing=288
   Socks/Node=* NtasksPerN:B:S:C=64:0:*:* CoreSpec=*
   MinCPUsNode=64 MinMemoryCPU=500M MinTmpDiskNode=0
   Features=[quest10|quest11|quest12|quest13] DelayBoot=00:00:00
   OverSubscribe=OK Contiguous=0 Licenses=(null) Network=(null)
   Command=/gpfs/home/tbr0780/ILForge/common/bash/launch_experiment.sh
   WorkDir=/gpfs/home/tbr0780/ILForge
   StdErr=/dev/null
   StdIn=/dev/null
   StdOut=/dev/null
   MailUser=timothyruel2024@u.northwestern.edu MailType=INVALID_DEPEND,BEGIN,END,FAIL,REQUEUE,STAGE_OUT
   
--------------------------------------------------------------------------------
JOB EFFICIENCY 
--------------------------------------------------------------------------------
Job efficiency will be calculated after the job has completed.
===== checkjob (interval) at Sun Jul 20 15:39:59 CDT 2025 =====
--------------------------------------------------------------------------------
JOB INFORMATION 
--------------------------------------------------------------------------------
JobId=9116190 ArrayJobId=9115375 ArrayTaskId=404 JobName=experiment_sim
   UserId=tbr0780(3229) GroupId=tbr0780(4023) MCS_label=N/A
   Priority=20997 Nice=0 Account=p32397 QOS=normal
   JobState=RUNNING Reason=None Dependency=(null)
   Requeue=0 Restarts=0 BatchFlag=1 Reboot=0 ExitCode=0:0
   RunTime=00:02:28 TimeLimit=02:00:00 TimeMin=N/A
   SubmitTime=2025-07-20T15:11:26 EligibleTime=2025-07-20T15:11:28
   AccrueTime=2025-07-20T15:11:28
   StartTime=2025-07-20T15:37:32 EndTime=2025-07-20T17:37:32 Deadline=N/A
   SuspendTime=None SecsPreSuspend=0 LastSchedEval=2025-07-20T15:37:32 Scheduler=Main
   Partition=short AllocNode:Sid=quser44:2698839
   ReqNodeList=(null) ExcNodeList=(null)
   NodeList=qnode1205
   BatchHost=qnode1205
   NumNodes=1 NumCPUs=64 NumTasks=64 CPUs/Task=1 ReqB:S:C:T=0:0:*:*
   ReqTRES=cpu=64,mem=32000M,node=1,billing=288
   AllocTRES=cpu=64,mem=32000M,node=1,billing=288
   Socks/Node=* NtasksPerN:B:S:C=64:0:*:* CoreSpec=*
   MinCPUsNode=64 MinMemoryCPU=500M MinTmpDiskNode=0
   Features=[quest10|quest11|quest12|quest13] DelayBoot=00:00:00
   OverSubscribe=OK Contiguous=0 Licenses=(null) Network=(null)
   Command=/gpfs/home/tbr0780/ILForge/common/bash/launch_experiment.sh
   WorkDir=/gpfs/home/tbr0780/ILForge
   StdErr=/dev/null
   StdIn=/dev/null
   StdOut=/dev/null
   MailUser=timothyruel2024@u.northwestern.edu MailType=INVALID_DEPEND,BEGIN,END,FAIL,REQUEUE,STAGE_OUT
   
--------------------------------------------------------------------------------
JOB EFFICIENCY 
--------------------------------------------------------------------------------
Job efficiency will be calculated after the job has completed.
===== checkjob (interval) at Sun Jul 20 15:40:33 CDT 2025 =====
--------------------------------------------------------------------------------
JOB INFORMATION 
--------------------------------------------------------------------------------
JobId=9116190 ArrayJobId=9115375 ArrayTaskId=404 JobName=experiment_sim
   UserId=tbr0780(3229) GroupId=tbr0780(4023) MCS_label=N/A
   Priority=20997 Nice=0 Account=p32397 QOS=normal
   JobState=RUNNING Reason=None Dependency=(null)
   Requeue=0 Restarts=0 BatchFlag=1 Reboot=0 ExitCode=0:0
   RunTime=00:03:01 TimeLimit=02:00:00 TimeMin=N/A
   SubmitTime=2025-07-20T15:11:26 EligibleTime=2025-07-20T15:11:28
   AccrueTime=2025-07-20T15:11:28
   StartTime=2025-07-20T15:37:32 EndTime=2025-07-20T17:37:32 Deadline=N/A
   SuspendTime=None SecsPreSuspend=0 LastSchedEval=2025-07-20T15:37:32 Scheduler=Main
   Partition=short AllocNode:Sid=quser44:2698839
   ReqNodeList=(null) ExcNodeList=(null)
   NodeList=qnode1205
   BatchHost=qnode1205
   NumNodes=1 NumCPUs=64 NumTasks=64 CPUs/Task=1 ReqB:S:C:T=0:0:*:*
   ReqTRES=cpu=64,mem=32000M,node=1,billing=288
   AllocTRES=cpu=64,mem=32000M,node=1,billing=288
   Socks/Node=* NtasksPerN:B:S:C=64:0:*:* CoreSpec=*
   MinCPUsNode=64 MinMemoryCPU=500M MinTmpDiskNode=0
   Features=[quest10|quest11|quest12|quest13] DelayBoot=00:00:00
   OverSubscribe=OK Contiguous=0 Licenses=(null) Network=(null)
   Command=/gpfs/home/tbr0780/ILForge/common/bash/launch_experiment.sh
   WorkDir=/gpfs/home/tbr0780/ILForge
   StdErr=/dev/null
   StdIn=/dev/null
   StdOut=/dev/null
   MailUser=timothyruel2024@u.northwestern.edu MailType=INVALID_DEPEND,BEGIN,END,FAIL,REQUEUE,STAGE_OUT
   
--------------------------------------------------------------------------------
JOB EFFICIENCY 
--------------------------------------------------------------------------------
Job efficiency will be calculated after the job has completed.
===== checkjob (interval) at Sun Jul 20 15:41:06 CDT 2025 =====
--------------------------------------------------------------------------------
JOB INFORMATION 
--------------------------------------------------------------------------------
JobId=9116190 ArrayJobId=9115375 ArrayTaskId=404 JobName=experiment_sim
   UserId=tbr0780(3229) GroupId=tbr0780(4023) MCS_label=N/A
   Priority=20997 Nice=0 Account=p32397 QOS=normal
   JobState=RUNNING Reason=None Dependency=(null)
   Requeue=0 Restarts=0 BatchFlag=1 Reboot=0 ExitCode=0:0
   RunTime=00:03:34 TimeLimit=02:00:00 TimeMin=N/A
   SubmitTime=2025-07-20T15:11:26 EligibleTime=2025-07-20T15:11:28
   AccrueTime=2025-07-20T15:11:28
   StartTime=2025-07-20T15:37:32 EndTime=2025-07-20T17:37:32 Deadline=N/A
   SuspendTime=None SecsPreSuspend=0 LastSchedEval=2025-07-20T15:37:32 Scheduler=Main
   Partition=short AllocNode:Sid=quser44:2698839
   ReqNodeList=(null) ExcNodeList=(null)
   NodeList=qnode1205
   BatchHost=qnode1205
   NumNodes=1 NumCPUs=64 NumTasks=64 CPUs/Task=1 ReqB:S:C:T=0:0:*:*
   ReqTRES=cpu=64,mem=32000M,node=1,billing=288
   AllocTRES=cpu=64,mem=32000M,node=1,billing=288
   Socks/Node=* NtasksPerN:B:S:C=64:0:*:* CoreSpec=*
   MinCPUsNode=64 MinMemoryCPU=500M MinTmpDiskNode=0
   Features=[quest10|quest11|quest12|quest13] DelayBoot=00:00:00
   OverSubscribe=OK Contiguous=0 Licenses=(null) Network=(null)
   Command=/gpfs/home/tbr0780/ILForge/common/bash/launch_experiment.sh
   WorkDir=/gpfs/home/tbr0780/ILForge
   StdErr=/dev/null
   StdIn=/dev/null
   StdOut=/dev/null
   MailUser=timothyruel2024@u.northwestern.edu MailType=INVALID_DEPEND,BEGIN,END,FAIL,REQUEUE,STAGE_OUT
   
--------------------------------------------------------------------------------
JOB EFFICIENCY 
--------------------------------------------------------------------------------
Job efficiency will be calculated after the job has completed.
===== checkjob (interval) at Sun Jul 20 15:41:38 CDT 2025 =====
--------------------------------------------------------------------------------
JOB INFORMATION 
--------------------------------------------------------------------------------
JobId=9116190 ArrayJobId=9115375 ArrayTaskId=404 JobName=experiment_sim
   UserId=tbr0780(3229) GroupId=tbr0780(4023) MCS_label=N/A
   Priority=20997 Nice=0 Account=p32397 QOS=normal
   JobState=RUNNING Reason=None Dependency=(null)
   Requeue=0 Restarts=0 BatchFlag=1 Reboot=0 ExitCode=0:0
   RunTime=00:04:06 TimeLimit=02:00:00 TimeMin=N/A
   SubmitTime=2025-07-20T15:11:26 EligibleTime=2025-07-20T15:11:28
   AccrueTime=2025-07-20T15:11:28
   StartTime=2025-07-20T15:37:32 EndTime=2025-07-20T17:37:32 Deadline=N/A
   SuspendTime=None SecsPreSuspend=0 LastSchedEval=2025-07-20T15:37:32 Scheduler=Main
   Partition=short AllocNode:Sid=quser44:2698839
   ReqNodeList=(null) ExcNodeList=(null)
   NodeList=qnode1205
   BatchHost=qnode1205
   NumNodes=1 NumCPUs=64 NumTasks=64 CPUs/Task=1 ReqB:S:C:T=0:0:*:*
   ReqTRES=cpu=64,mem=32000M,node=1,billing=288
   AllocTRES=cpu=64,mem=32000M,node=1,billing=288
   Socks/Node=* NtasksPerN:B:S:C=64:0:*:* CoreSpec=*
   MinCPUsNode=64 MinMemoryCPU=500M MinTmpDiskNode=0
   Features=[quest10|quest11|quest12|quest13] DelayBoot=00:00:00
   OverSubscribe=OK Contiguous=0 Licenses=(null) Network=(null)
   Command=/gpfs/home/tbr0780/ILForge/common/bash/launch_experiment.sh
   WorkDir=/gpfs/home/tbr0780/ILForge
   StdErr=/dev/null
   StdIn=/dev/null
   StdOut=/dev/null
   MailUser=timothyruel2024@u.northwestern.edu MailType=INVALID_DEPEND,BEGIN,END,FAIL,REQUEUE,STAGE_OUT
   
--------------------------------------------------------------------------------
JOB EFFICIENCY 
--------------------------------------------------------------------------------
Job efficiency will be calculated after the job has completed.
===== checkjob (interval) at Sun Jul 20 15:42:11 CDT 2025 =====
--------------------------------------------------------------------------------
JOB INFORMATION 
--------------------------------------------------------------------------------
JobId=9116190 ArrayJobId=9115375 ArrayTaskId=404 JobName=experiment_sim
   UserId=tbr0780(3229) GroupId=tbr0780(4023) MCS_label=N/A
   Priority=20997 Nice=0 Account=p32397 QOS=normal
   JobState=RUNNING Reason=None Dependency=(null)
   Requeue=0 Restarts=0 BatchFlag=1 Reboot=0 ExitCode=0:0
   RunTime=00:04:39 TimeLimit=02:00:00 TimeMin=N/A
   SubmitTime=2025-07-20T15:11:26 EligibleTime=2025-07-20T15:11:28
   AccrueTime=2025-07-20T15:11:28
   StartTime=2025-07-20T15:37:32 EndTime=2025-07-20T17:37:32 Deadline=N/A
   SuspendTime=None SecsPreSuspend=0 LastSchedEval=2025-07-20T15:37:32 Scheduler=Main
   Partition=short AllocNode:Sid=quser44:2698839
   ReqNodeList=(null) ExcNodeList=(null)
   NodeList=qnode1205
   BatchHost=qnode1205
   NumNodes=1 NumCPUs=64 NumTasks=64 CPUs/Task=1 ReqB:S:C:T=0:0:*:*
   ReqTRES=cpu=64,mem=32000M,node=1,billing=288
   AllocTRES=cpu=64,mem=32000M,node=1,billing=288
   Socks/Node=* NtasksPerN:B:S:C=64:0:*:* CoreSpec=*
   MinCPUsNode=64 MinMemoryCPU=500M MinTmpDiskNode=0
   Features=[quest10|quest11|quest12|quest13] DelayBoot=00:00:00
   OverSubscribe=OK Contiguous=0 Licenses=(null) Network=(null)
   Command=/gpfs/home/tbr0780/ILForge/common/bash/launch_experiment.sh
   WorkDir=/gpfs/home/tbr0780/ILForge
   StdErr=/dev/null
   StdIn=/dev/null
   StdOut=/dev/null
   MailUser=timothyruel2024@u.northwestern.edu MailType=INVALID_DEPEND,BEGIN,END,FAIL,REQUEUE,STAGE_OUT
   
--------------------------------------------------------------------------------
JOB EFFICIENCY 
--------------------------------------------------------------------------------
Job efficiency will be calculated after the job has completed.
===== checkjob (interval) at Sun Jul 20 15:42:44 CDT 2025 =====
--------------------------------------------------------------------------------
JOB INFORMATION 
--------------------------------------------------------------------------------
JobId=9116190 ArrayJobId=9115375 ArrayTaskId=404 JobName=experiment_sim
   UserId=tbr0780(3229) GroupId=tbr0780(4023) MCS_label=N/A
   Priority=20997 Nice=0 Account=p32397 QOS=normal
   JobState=RUNNING Reason=None Dependency=(null)
   Requeue=0 Restarts=0 BatchFlag=1 Reboot=0 ExitCode=0:0
   RunTime=00:05:12 TimeLimit=02:00:00 TimeMin=N/A
   SubmitTime=2025-07-20T15:11:26 EligibleTime=2025-07-20T15:11:28
   AccrueTime=2025-07-20T15:11:28
   StartTime=2025-07-20T15:37:32 EndTime=2025-07-20T17:37:32 Deadline=N/A
   SuspendTime=None SecsPreSuspend=0 LastSchedEval=2025-07-20T15:37:32 Scheduler=Main
   Partition=short AllocNode:Sid=quser44:2698839
   ReqNodeList=(null) ExcNodeList=(null)
   NodeList=qnode1205
   BatchHost=qnode1205
   NumNodes=1 NumCPUs=64 NumTasks=64 CPUs/Task=1 ReqB:S:C:T=0:0:*:*
   ReqTRES=cpu=64,mem=32000M,node=1,billing=288
   AllocTRES=cpu=64,mem=32000M,node=1,billing=288
   Socks/Node=* NtasksPerN:B:S:C=64:0:*:* CoreSpec=*
   MinCPUsNode=64 MinMemoryCPU=500M MinTmpDiskNode=0
   Features=[quest10|quest11|quest12|quest13] DelayBoot=00:00:00
   OverSubscribe=OK Contiguous=0 Licenses=(null) Network=(null)
   Command=/gpfs/home/tbr0780/ILForge/common/bash/launch_experiment.sh
   WorkDir=/gpfs/home/tbr0780/ILForge
   StdErr=/dev/null
   StdIn=/dev/null
   StdOut=/dev/null
   MailUser=timothyruel2024@u.northwestern.edu MailType=INVALID_DEPEND,BEGIN,END,FAIL,REQUEUE,STAGE_OUT
   
--------------------------------------------------------------------------------
JOB EFFICIENCY 
--------------------------------------------------------------------------------
Job efficiency will be calculated after the job has completed.
===== checkjob (interval) at Sun Jul 20 15:43:16 CDT 2025 =====
--------------------------------------------------------------------------------
JOB INFORMATION 
--------------------------------------------------------------------------------
JobId=9116190 ArrayJobId=9115375 ArrayTaskId=404 JobName=experiment_sim
   UserId=tbr0780(3229) GroupId=tbr0780(4023) MCS_label=N/A
   Priority=20997 Nice=0 Account=p32397 QOS=normal
   JobState=RUNNING Reason=None Dependency=(null)
   Requeue=0 Restarts=0 BatchFlag=1 Reboot=0 ExitCode=0:0
   RunTime=00:05:45 TimeLimit=02:00:00 TimeMin=N/A
   SubmitTime=2025-07-20T15:11:26 EligibleTime=2025-07-20T15:11:28
   AccrueTime=2025-07-20T15:11:28
   StartTime=2025-07-20T15:37:32 EndTime=2025-07-20T17:37:32 Deadline=N/A
   SuspendTime=None SecsPreSuspend=0 LastSchedEval=2025-07-20T15:37:32 Scheduler=Main
   Partition=short AllocNode:Sid=quser44:2698839
   ReqNodeList=(null) ExcNodeList=(null)
   NodeList=qnode1205
   BatchHost=qnode1205
   NumNodes=1 NumCPUs=64 NumTasks=64 CPUs/Task=1 ReqB:S:C:T=0:0:*:*
   ReqTRES=cpu=64,mem=32000M,node=1,billing=288
   AllocTRES=cpu=64,mem=32000M,node=1,billing=288
   Socks/Node=* NtasksPerN:B:S:C=64:0:*:* CoreSpec=*
   MinCPUsNode=64 MinMemoryCPU=500M MinTmpDiskNode=0
   Features=[quest10|quest11|quest12|quest13] DelayBoot=00:00:00
   OverSubscribe=OK Contiguous=0 Licenses=(null) Network=(null)
   Command=/gpfs/home/tbr0780/ILForge/common/bash/launch_experiment.sh
   WorkDir=/gpfs/home/tbr0780/ILForge
   StdErr=/dev/null
   StdIn=/dev/null
   StdOut=/dev/null
   MailUser=timothyruel2024@u.northwestern.edu MailType=INVALID_DEPEND,BEGIN,END,FAIL,REQUEUE,STAGE_OUT
   
--------------------------------------------------------------------------------
JOB EFFICIENCY 
--------------------------------------------------------------------------------
Job efficiency will be calculated after the job has completed.
===== checkjob (interval) at Sun Jul 20 15:43:47 CDT 2025 =====
--------------------------------------------------------------------------------
JOB INFORMATION 
--------------------------------------------------------------------------------
JobId=9116190 ArrayJobId=9115375 ArrayTaskId=404 JobName=experiment_sim
   UserId=tbr0780(3229) GroupId=tbr0780(4023) MCS_label=N/A
   Priority=20997 Nice=0 Account=p32397 QOS=normal
   JobState=RUNNING Reason=None Dependency=(null)
   Requeue=0 Restarts=0 BatchFlag=1 Reboot=0 ExitCode=0:0
   RunTime=00:06:16 TimeLimit=02:00:00 TimeMin=N/A
   SubmitTime=2025-07-20T15:11:26 EligibleTime=2025-07-20T15:11:28
   AccrueTime=2025-07-20T15:11:28
   StartTime=2025-07-20T15:37:32 EndTime=2025-07-20T17:37:32 Deadline=N/A
   SuspendTime=None SecsPreSuspend=0 LastSchedEval=2025-07-20T15:37:32 Scheduler=Main
   Partition=short AllocNode:Sid=quser44:2698839
   ReqNodeList=(null) ExcNodeList=(null)
   NodeList=qnode1205
   BatchHost=qnode1205
   NumNodes=1 NumCPUs=64 NumTasks=64 CPUs/Task=1 ReqB:S:C:T=0:0:*:*
   ReqTRES=cpu=64,mem=32000M,node=1,billing=288
   AllocTRES=cpu=64,mem=32000M,node=1,billing=288
   Socks/Node=* NtasksPerN:B:S:C=64:0:*:* CoreSpec=*
   MinCPUsNode=64 MinMemoryCPU=500M MinTmpDiskNode=0
   Features=[quest10|quest11|quest12|quest13] DelayBoot=00:00:00
   OverSubscribe=OK Contiguous=0 Licenses=(null) Network=(null)
   Command=/gpfs/home/tbr0780/ILForge/common/bash/launch_experiment.sh
   WorkDir=/gpfs/home/tbr0780/ILForge
   StdErr=/dev/null
   StdIn=/dev/null
   StdOut=/dev/null
   MailUser=timothyruel2024@u.northwestern.edu MailType=INVALID_DEPEND,BEGIN,END,FAIL,REQUEUE,STAGE_OUT
   
--------------------------------------------------------------------------------
JOB EFFICIENCY 
--------------------------------------------------------------------------------
Job efficiency will be calculated after the job has completed.
===== checkjob (interval) at Sun Jul 20 15:44:20 CDT 2025 =====
--------------------------------------------------------------------------------
JOB INFORMATION 
--------------------------------------------------------------------------------
JobId=9116190 ArrayJobId=9115375 ArrayTaskId=404 JobName=experiment_sim
   UserId=tbr0780(3229) GroupId=tbr0780(4023) MCS_label=N/A
   Priority=20997 Nice=0 Account=p32397 QOS=normal
   JobState=RUNNING Reason=None Dependency=(null)
   Requeue=0 Restarts=0 BatchFlag=1 Reboot=0 ExitCode=0:0
   RunTime=00:06:48 TimeLimit=02:00:00 TimeMin=N/A
   SubmitTime=2025-07-20T15:11:26 EligibleTime=2025-07-20T15:11:28
   AccrueTime=2025-07-20T15:11:28
   StartTime=2025-07-20T15:37:32 EndTime=2025-07-20T17:37:32 Deadline=N/A
   SuspendTime=None SecsPreSuspend=0 LastSchedEval=2025-07-20T15:37:32 Scheduler=Main
   Partition=short AllocNode:Sid=quser44:2698839
   ReqNodeList=(null) ExcNodeList=(null)
   NodeList=qnode1205
   BatchHost=qnode1205
   NumNodes=1 NumCPUs=64 NumTasks=64 CPUs/Task=1 ReqB:S:C:T=0:0:*:*
   ReqTRES=cpu=64,mem=32000M,node=1,billing=288
   AllocTRES=cpu=64,mem=32000M,node=1,billing=288
   Socks/Node=* NtasksPerN:B:S:C=64:0:*:* CoreSpec=*
   MinCPUsNode=64 MinMemoryCPU=500M MinTmpDiskNode=0
   Features=[quest10|quest11|quest12|quest13] DelayBoot=00:00:00
   OverSubscribe=OK Contiguous=0 Licenses=(null) Network=(null)
   Command=/gpfs/home/tbr0780/ILForge/common/bash/launch_experiment.sh
   WorkDir=/gpfs/home/tbr0780/ILForge
   StdErr=/dev/null
   StdIn=/dev/null
   StdOut=/dev/null
   MailUser=timothyruel2024@u.northwestern.edu MailType=INVALID_DEPEND,BEGIN,END,FAIL,REQUEUE,STAGE_OUT
   
--------------------------------------------------------------------------------
JOB EFFICIENCY 
--------------------------------------------------------------------------------
Job efficiency will be calculated after the job has completed.
