📌 Logging to experiments/exp_v2.1.0/simulations/sim_01/iter_1722/logs/slurm_log.out
🔁 Running Iteration 1722 of Simulation sim_01 in Experiment exp_v2.1.0 (multinomial_logistic_regression / shared_effect) with 64 cores...
[INFO] True parameters already exist — skipping generation.
Generating data...
[INFO] Loading theta_0 from: /gpfs/home/tbr0780/ILForge/experiments/exp_v2.1.0/true_params/theta_0.rds
[INFO] Generating new data for iteration: iter_1722
✅ Balanced dataset generated on try 1
[✓] Saved config snapshot to: /gpfs/home/tbr0780/ILForge/experiments/exp_v2.1.0/simulations/sim_01/iter_1722/config_snapshot.yml
Executing iteration...
🔍 Running integrated likelihood...
✅ Integrated likelihood complete (0.43 min)
📈 Running profile likelihood...
✅ Profile likelihood complete (0.26 min)
⏱️  Total experiment time: 0.71 minutes
✓ Experiment results saved to /experiments/exp_v2.1.0/simulations/sim_01/iter_1722/results
✓ Iteration completed
✅ SLURM iteration complete: iter_1722
===== FINAL DIAGNOSTICS for Job 9903835 =====
Job ID: 9903835
Array Job ID: 9900632_1721
Cluster: quest
User/Group: tbr0780/tbr0780
State: RUNNING
Nodes: 1
Cores per node: 64
CPU Utilized: 00:00:00
CPU Efficiency: 0.00% of 02:24:00 core-walltime
Job Wall-clock time: 00:02:15
Memory Utilized: 0.00 MB (estimated maximum)
Memory Efficiency: 0.00% of 31.25 GB (500.00 MB/core)
WARNING: Efficiency statistics may be misleading for RUNNING jobs.
--------------------------------------------------------------------------------
JOB INFORMATION 
--------------------------------------------------------------------------------
JobId=9903835 ArrayJobId=9900632 ArrayTaskId=1721 JobName=experiment_sim
   UserId=tbr0780(3229) GroupId=tbr0780(4023) MCS_label=N/A
   Priority=20175 Nice=0 Account=p32397 QOS=normal
   JobState=RUNNING Reason=None Dependency=(null)
   Requeue=0 Restarts=0 BatchFlag=1 Reboot=0 ExitCode=0:0
   RunTime=00:02:15 TimeLimit=02:00:00 TimeMin=N/A
   SubmitTime=2025-07-25T19:18:16 EligibleTime=2025-07-25T19:18:19
   AccrueTime=2025-07-25T19:18:19
   StartTime=2025-07-25T20:12:26 EndTime=2025-07-25T22:12:26 Deadline=N/A
   SuspendTime=None SecsPreSuspend=0 LastSchedEval=2025-07-25T20:12:26 Scheduler=Main
   Partition=short AllocNode:Sid=quser32:3020972
   ReqNodeList=(null) ExcNodeList=(null)
   NodeList=qnode3014
   BatchHost=qnode3014
   NumNodes=1 NumCPUs=64 NumTasks=64 CPUs/Task=1 ReqB:S:C:T=0:0:*:*
   ReqTRES=cpu=64,mem=32000M,node=1,billing=288
   AllocTRES=cpu=64,mem=32000M,node=1,billing=288
   Socks/Node=* NtasksPerN:B:S:C=64:0:*:* CoreSpec=*
   MinCPUsNode=64 MinMemoryCPU=500M MinTmpDiskNode=0
   Features=[quest10|quest11|quest12|quest13] DelayBoot=00:00:00
   OverSubscribe=OK Contiguous=0 Licenses=(null) Network=(null)
   Command=/gpfs/home/tbr0780/ILForge/common/bash/launch_experiment.sh
   WorkDir=/gpfs/home/tbr0780/ILForge
   StdErr=/dev/null
   StdIn=/dev/null
   StdOut=/dev/null
   MailUser=timothyruel2024@u.northwestern.edu MailType=INVALID_DEPEND,BEGIN,END,FAIL,REQUEUE,STAGE_OUT
   
--------------------------------------------------------------------------------
JOB EFFICIENCY 
--------------------------------------------------------------------------------
Job efficiency will be calculated after the job has completed.
JobID                     JobName    Elapsed     MaxRSS     ReqMem  AllocCPUS      State 
------------ -------------------- ---------- ---------- ---------- ---------- ---------- 
9900632_1721       experiment_sim   00:02:18                32000M         64    RUNNING 
9900632_172+                batch   00:02:18                               64    RUNNING 
9900632_172+               extern   00:02:18                               64    RUNNING 
              total        used        free      shared  buff/cache   available
Mem:          503Gi        24Gi       275Gi       4.0Gi       203Gi       465Gi
Swap:          31Gi       4.6Gi        27Gi
 20:14:44 up 124 days, 23:28,  0 users,  load average: 17.65, 18.34, 19.72
top - 20:14:44 up 124 days, 23:28,  0 users,  load average: 17.65, 18.34, 19.72
Tasks: 1235 total,   2 running, 1233 sleeping,   0 stopped,   0 zombie
%Cpu(s):  0.3 us,  0.6 sy,  0.0 ni, 99.1 id,  0.0 wa,  0.0 hi,  0.0 si,  0.0 st
MiB Mem : 515679.5 total, 282006.8 free,  25550.5 used, 208122.2 buff/cache
MiB Swap:  32768.0 total,  28045.8 free,   4722.2 used. 477024.6 avail Mem 

    PID USER      PR  NI    VIRT    RES    SHR S  %CPU  %MEM     TIME+ COMMAND
  93974 tbr0780   20   0  407520 115744   9388 R  23.5   0.0   0:00.77 R
     15 root      20   0       0      0      0 I   5.9   0.0  84:04.17 rcu_sch+
  93991 tbr0780   20   0  270608   5188   3132 R   5.9   0.0   0:00.08 top
      1 root      20   0  238420   8000   5772 S   0.0   0.0   4:13.12 systemd
      2 root      20   0       0      0      0 S   0.0   0.0   0:13.83 kthreadd
      3 root       0 -20       0      0      0 I   0.0   0.0   0:00.00 rcu_gp
      4 root       0 -20       0      0      0 I   0.0   0.0   0:00.00 rcu_par+
      5 root       0 -20       0      0      0 I   0.0   0.0   0:00.00 slub_fl+
      7 root       0 -20       0      0      0 I   0.0   0.0   0:00.00 kworker+
     11 root       0 -20       0      0      0 I   0.0   0.0   0:00.00 mm_perc+
     12 root      20   0       0      0      0 S   0.0   0.0   0:00.00 rcu_tas+
     13 root      20   0       0      0      0 S   0.0   0.0   0:00.00 rcu_tas+
     14 root      20   0       0      0      0 S   0.0   0.0   1:23.52 ksoftir+
     16 root      rt   0       0      0      0 S   0.0   0.0   0:06.32 migrati+
     17 root      rt   0       0      0      0 S   0.0   0.0   0:05.62 watchdo+
     18 root      20   0       0      0      0 S   0.0   0.0   0:00.03 cpuhp/0
     19 root      20   0       0      0      0 S   0.0   0.0   0:00.00 cpuhp/1
     20 root      rt   0       0      0      0 S   0.0   0.0   0:05.97 watchdo+
     21 root      rt   0       0      0      0 S   0.0   0.0   0:05.11 migrati+
     22 root      20   0       0      0      0 S   0.0   0.0   0:31.89 ksoftir+
     24 root       0 -20       0      0      0 I   0.0   0.0   0:00.00 kworker+
     25 root      20   0       0      0      0 S   0.0   0.0   0:00.00 cpuhp/2
     26 root      rt   0       0      0      0 S   0.0   0.0   0:05.97 watchdo+
     27 root      rt   0       0      0      0 S   0.0   0.0   0:03.81 migrati+
     28 root      20   0       0      0      0 S   0.0   0.0   0:28.43 ksoftir+
     30 root       0 -20       0      0      0 I   0.0   0.0   0:00.00 kworker+
     31 root      20   0       0      0      0 S   0.0   0.0   0:00.00 cpuhp/3
     32 root      rt   0       0      0      0 S   0.0   0.0   0:06.13 watchdo+
     33 root      rt   0       0      0      0 S   0.0   0.0   0:03.13 migrati+
     34 root      20   0       0      0      0 S   0.0   0.0   0:25.48 ksoftir+
     36 root       0 -20       0      0      0 I   0.0   0.0   0:00.00 kworker+
     37 root      20   0       0      0      0 S   0.0   0.0   0:00.00 cpuhp/4
     38 root      rt   0       0      0      0 S   0.0   0.0   0:06.07 watchdo+
===== BACKGROUND CHECKJOB MONITOR LOG =====
===== checkjob (interval) at Fri Jul 25 20:13:45 CDT 2025 =====
--------------------------------------------------------------------------------
JOB INFORMATION 
--------------------------------------------------------------------------------
JobId=9903835 ArrayJobId=9900632 ArrayTaskId=1721 JobName=experiment_sim
   UserId=tbr0780(3229) GroupId=tbr0780(4023) MCS_label=N/A
   Priority=20175 Nice=0 Account=p32397 QOS=normal
   JobState=RUNNING Reason=None Dependency=(null)
   Requeue=0 Restarts=0 BatchFlag=1 Reboot=0 ExitCode=0:0
   RunTime=00:01:21 TimeLimit=02:00:00 TimeMin=N/A
   SubmitTime=2025-07-25T19:18:16 EligibleTime=2025-07-25T19:18:19
   AccrueTime=2025-07-25T19:18:19
   StartTime=2025-07-25T20:12:26 EndTime=2025-07-25T22:12:26 Deadline=N/A
   SuspendTime=None SecsPreSuspend=0 LastSchedEval=2025-07-25T20:12:26 Scheduler=Main
   Partition=short AllocNode:Sid=quser32:3020972
   ReqNodeList=(null) ExcNodeList=(null)
   NodeList=qnode3014
   BatchHost=qnode3014
   NumNodes=1 NumCPUs=64 NumTasks=64 CPUs/Task=1 ReqB:S:C:T=0:0:*:*
   ReqTRES=cpu=64,mem=32000M,node=1,billing=288
   AllocTRES=cpu=64,mem=32000M,node=1,billing=288
   Socks/Node=* NtasksPerN:B:S:C=64:0:*:* CoreSpec=*
   MinCPUsNode=64 MinMemoryCPU=500M MinTmpDiskNode=0
   Features=[quest10|quest11|quest12|quest13] DelayBoot=00:00:00
   OverSubscribe=OK Contiguous=0 Licenses=(null) Network=(null)
   Command=/gpfs/home/tbr0780/ILForge/common/bash/launch_experiment.sh
   WorkDir=/gpfs/home/tbr0780/ILForge
   StdErr=/dev/null
   StdIn=/dev/null
   StdOut=/dev/null
   MailUser=timothyruel2024@u.northwestern.edu MailType=INVALID_DEPEND,BEGIN,END,FAIL,REQUEUE,STAGE_OUT
   
--------------------------------------------------------------------------------
JOB EFFICIENCY 
--------------------------------------------------------------------------------
Job efficiency will be calculated after the job has completed.
===== checkjob (interval) at Fri Jul 25 20:14:17 CDT 2025 =====
--------------------------------------------------------------------------------
JOB INFORMATION 
--------------------------------------------------------------------------------
JobId=9903835 ArrayJobId=9900632 ArrayTaskId=1721 JobName=experiment_sim
   UserId=tbr0780(3229) GroupId=tbr0780(4023) MCS_label=N/A
   Priority=20175 Nice=0 Account=p32397 QOS=normal
   JobState=RUNNING Reason=None Dependency=(null)
   Requeue=0 Restarts=0 BatchFlag=1 Reboot=0 ExitCode=0:0
   RunTime=00:01:51 TimeLimit=02:00:00 TimeMin=N/A
   SubmitTime=2025-07-25T19:18:16 EligibleTime=2025-07-25T19:18:19
   AccrueTime=2025-07-25T19:18:19
   StartTime=2025-07-25T20:12:26 EndTime=2025-07-25T22:12:26 Deadline=N/A
   SuspendTime=None SecsPreSuspend=0 LastSchedEval=2025-07-25T20:12:26 Scheduler=Main
   Partition=short AllocNode:Sid=quser32:3020972
   ReqNodeList=(null) ExcNodeList=(null)
   NodeList=qnode3014
   BatchHost=qnode3014
   NumNodes=1 NumCPUs=64 NumTasks=64 CPUs/Task=1 ReqB:S:C:T=0:0:*:*
   ReqTRES=cpu=64,mem=32000M,node=1,billing=288
   AllocTRES=cpu=64,mem=32000M,node=1,billing=288
   Socks/Node=* NtasksPerN:B:S:C=64:0:*:* CoreSpec=*
   MinCPUsNode=64 MinMemoryCPU=500M MinTmpDiskNode=0
   Features=[quest10|quest11|quest12|quest13] DelayBoot=00:00:00
   OverSubscribe=OK Contiguous=0 Licenses=(null) Network=(null)
   Command=/gpfs/home/tbr0780/ILForge/common/bash/launch_experiment.sh
   WorkDir=/gpfs/home/tbr0780/ILForge
   StdErr=/dev/null
   StdIn=/dev/null
   StdOut=/dev/null
   MailUser=timothyruel2024@u.northwestern.edu MailType=INVALID_DEPEND,BEGIN,END,FAIL,REQUEUE,STAGE_OUT
   
--------------------------------------------------------------------------------
JOB EFFICIENCY 
--------------------------------------------------------------------------------
Job efficiency will be calculated after the job has completed.
