📌 Logging to experiments/exp_v2.1.0/simulations/sim_01/iter_0746/logs/slurm_log.out
🔁 Running Iteration 746 of Simulation sim_01 in Experiment exp_v2.1.0 (multinomial_logistic_regression / shared_effect) with 64 cores...
[INFO] True parameters already exist — skipping generation.
Generating data...
[INFO] Loading theta_0 from: /gpfs/home/tbr0780/ILForge/experiments/exp_v2.1.0/true_params/theta_0.rds
[INFO] Generating new data for iteration: iter_0746
✅ Balanced dataset generated on try 1
[✓] Saved config snapshot to: /gpfs/home/tbr0780/ILForge/experiments/exp_v2.1.0/simulations/sim_01/iter_0746/config_snapshot.yml
Executing iteration...
🔍 Running integrated likelihood...
✅ Integrated likelihood complete (0.33 min)
📈 Running profile likelihood...
✅ Profile likelihood complete (0.17 min)
⏱️  Total experiment time: 0.52 minutes
✓ Experiment results saved to /experiments/exp_v2.1.0/simulations/sim_01/iter_0746/results
✓ Iteration completed
✅ SLURM iteration complete: iter_0746
===== FINAL DIAGNOSTICS for Job 9902147 =====
Job ID: 9902147
Array Job ID: 9900632_745
Cluster: quest
User/Group: tbr0780/tbr0780
State: RUNNING
Nodes: 1
Cores per node: 64
CPU Utilized: 00:00:00
CPU Efficiency: 0.00% of 02:32:32 core-walltime
Job Wall-clock time: 00:02:23
Memory Utilized: 0.00 MB (estimated maximum)
Memory Efficiency: 0.00% of 31.25 GB (500.00 MB/core)
WARNING: Efficiency statistics may be misleading for RUNNING jobs.
--------------------------------------------------------------------------------
JOB INFORMATION 
--------------------------------------------------------------------------------
JobId=9902147 ArrayJobId=9900632 ArrayTaskId=745 JobName=experiment_sim
   UserId=tbr0780(3229) GroupId=tbr0780(4023) MCS_label=N/A
   Priority=20145 Nice=0 Account=p32397 QOS=normal
   JobState=RUNNING Reason=None Dependency=(null)
   Requeue=0 Restarts=0 BatchFlag=1 Reboot=0 ExitCode=0:0
   RunTime=00:02:23 TimeLimit=02:00:00 TimeMin=N/A
   SubmitTime=2025-07-25T19:18:16 EligibleTime=2025-07-25T19:18:19
   AccrueTime=2025-07-25T19:18:19
   StartTime=2025-07-25T19:45:12 EndTime=2025-07-25T21:45:12 Deadline=N/A
   SuspendTime=None SecsPreSuspend=0 LastSchedEval=2025-07-25T19:45:12 Scheduler=Main
   Partition=short AllocNode:Sid=quser32:3020972
   ReqNodeList=(null) ExcNodeList=(null)
   NodeList=qnode3014
   BatchHost=qnode3014
   NumNodes=1 NumCPUs=64 NumTasks=64 CPUs/Task=1 ReqB:S:C:T=0:0:*:*
   ReqTRES=cpu=64,mem=32000M,node=1,billing=288
   AllocTRES=cpu=64,mem=32000M,node=1,billing=288
   Socks/Node=* NtasksPerN:B:S:C=64:0:*:* CoreSpec=*
   MinCPUsNode=64 MinMemoryCPU=500M MinTmpDiskNode=0
   Features=[quest10|quest11|quest12|quest13] DelayBoot=00:00:00
   OverSubscribe=OK Contiguous=0 Licenses=(null) Network=(null)
   Command=/gpfs/home/tbr0780/ILForge/common/bash/launch_experiment.sh
   WorkDir=/gpfs/home/tbr0780/ILForge
   StdErr=/dev/null
   StdIn=/dev/null
   StdOut=/dev/null
   MailUser=timothyruel2024@u.northwestern.edu MailType=INVALID_DEPEND,BEGIN,END,FAIL,REQUEUE,STAGE_OUT
   
--------------------------------------------------------------------------------
JOB EFFICIENCY 
--------------------------------------------------------------------------------
Job efficiency will be calculated after the job has completed.
JobID                     JobName    Elapsed     MaxRSS     ReqMem  AllocCPUS      State 
------------ -------------------- ---------- ---------- ---------- ---------- ---------- 
9900632_745        experiment_sim   00:02:24                32000M         64    RUNNING 
9900632_745+                batch   00:02:24                               64    RUNNING 
9900632_745+               extern   00:02:24                               64    RUNNING 
              total        used        free      shared  buff/cache   available
Mem:          503Gi        43Gi       256Gi       4.0Gi       203Gi       446Gi
Swap:          31Gi       4.6Gi        27Gi
 19:47:36 up 124 days, 23:01,  0 users,  load average: 41.52, 22.17, 24.00
top - 19:47:36 up 124 days, 23:01,  0 users,  load average: 41.52, 22.17, 24.00
Tasks: 1293 total,  64 running, 1229 sleeping,   0 stopped,   0 zombie
%Cpu(s): 48.8 us,  0.4 sy,  0.0 ni, 50.5 id,  0.0 wa,  0.3 hi,  0.0 si,  0.0 st
MiB Mem : 515679.5 total, 262559.3 free,  45000.8 used, 208119.3 buff/cache
MiB Swap:  32768.0 total,  28045.6 free,   4722.4 used. 457575.3 avail Mem 

    PID USER      PR  NI    VIRT    RES    SHR S  %CPU  %MEM     TIME+ COMMAND
  80714 tbr0780   20   0  633932 337300  12752 R 100.0   0.1   0:31.48 R
  80738 tbr0780   20   0  649024 352492  12752 R 100.0   0.1   0:31.50 R
  80746 tbr0780   20   0  653552 356928  12752 R 100.0   0.1   0:31.45 R
  80750 tbr0780   20   0  656012 359416  12752 R 100.0   0.1   0:31.45 R
  80754 tbr0780   20   0  657920 361340  12752 R 100.0   0.1   0:31.43 R
  80756 tbr0780   20   0  658536 361956  12752 R 100.0   0.1   0:31.42 R
  80760 tbr0780   20   0  660232 363676  12752 R 100.0   0.1   0:31.40 R
  80762 tbr0780   20   0  661692 365084  12752 R 100.0   0.1   0:31.39 R
  80764 tbr0780   20   0  663028 366512  12752 R 100.0   0.1   0:31.38 R
  80766 tbr0780   20   0  663656 367028  12752 R 100.0   0.1   0:31.35 R
  80776 tbr0780   20   0  663536 367020  12752 R 100.0   0.1   0:31.30 R
  80780 tbr0780   20   0  663528 367020  12752 R 100.0   0.1   0:31.27 R
  80782 tbr0780   20   0  663544 367016  12752 R 100.0   0.1   0:31.27 R
  80784 tbr0780   20   0  663528 367016  12752 R 100.0   0.1   0:31.26 R
  80788 tbr0780   20   0  663664 367036  12752 R 100.0   0.1   0:31.23 R
  80796 tbr0780   20   0  663664 367092  12752 R 100.0   0.1   0:31.19 R
  80818 tbr0780   20   0  663940 367360  12752 R 100.0   0.1   0:31.07 R
  80820 tbr0780   20   0  663944 367416  12752 R 100.0   0.1   0:31.04 R
  80822 tbr0780   20   0  664068 367432  12752 R 100.0   0.1   0:31.03 R
  80826 tbr0780   20   0  664068 367488  12752 R 100.0   0.1   0:30.99 R
  80834 tbr0780   20   0  664080 367564  12752 R 100.0   0.1   0:30.95 R
  80712 tbr0780   20   0  631484 334960  12752 R  94.1   0.1   0:31.50 R
  80716 tbr0780   20   0  635104 338532  12752 R  94.1   0.1   0:31.21 R
  80718 tbr0780   20   0  636288 339768  12752 R  94.1   0.1   0:31.49 R
  80720 tbr0780   20   0  637604 341004  12752 R  94.1   0.1   0:31.54 R
  80722 tbr0780   20   0  638828 342248  12752 R  94.1   0.1   0:31.48 R
  80724 tbr0780   20   0  640032 343492  12752 R  94.1   0.1   0:31.57 R
  80726 tbr0780   20   0  641276 344760  12752 R  94.1   0.1   0:31.56 R
  80730 tbr0780   20   0  643832 347300  12752 R  94.1   0.1   0:31.54 R
  80732 tbr0780   20   0  645132 348560  12752 R  94.1   0.1   0:31.52 R
  80734 tbr0780   20   0  646472 349864  12752 R  94.1   0.1   0:31.51 R
  80736 tbr0780   20   0  647764 351172  12752 R  94.1   0.1   0:31.50 R
  80740 tbr0780   20   0  650288 353712  12752 R  94.1   0.1   0:31.49 R
===== BACKGROUND CHECKJOB MONITOR LOG =====
===== checkjob (interval) at Fri Jul 25 19:46:52 CDT 2025 =====
--------------------------------------------------------------------------------
JOB INFORMATION 
--------------------------------------------------------------------------------
JobId=9902147 ArrayJobId=9900632 ArrayTaskId=745 JobName=experiment_sim
   UserId=tbr0780(3229) GroupId=tbr0780(4023) MCS_label=N/A
   Priority=20145 Nice=0 Account=p32397 QOS=normal
   JobState=RUNNING Reason=None Dependency=(null)
   Requeue=0 Restarts=0 BatchFlag=1 Reboot=0 ExitCode=0:0
   RunTime=00:01:40 TimeLimit=02:00:00 TimeMin=N/A
   SubmitTime=2025-07-25T19:18:16 EligibleTime=2025-07-25T19:18:19
   AccrueTime=2025-07-25T19:18:19
   StartTime=2025-07-25T19:45:12 EndTime=2025-07-25T21:45:12 Deadline=N/A
   SuspendTime=None SecsPreSuspend=0 LastSchedEval=2025-07-25T19:45:12 Scheduler=Main
   Partition=short AllocNode:Sid=quser32:3020972
   ReqNodeList=(null) ExcNodeList=(null)
   NodeList=qnode3014
   BatchHost=qnode3014
   NumNodes=1 NumCPUs=64 NumTasks=64 CPUs/Task=1 ReqB:S:C:T=0:0:*:*
   ReqTRES=cpu=64,mem=32000M,node=1,billing=288
   AllocTRES=cpu=64,mem=32000M,node=1,billing=288
   Socks/Node=* NtasksPerN:B:S:C=64:0:*:* CoreSpec=*
   MinCPUsNode=64 MinMemoryCPU=500M MinTmpDiskNode=0
   Features=[quest10|quest11|quest12|quest13] DelayBoot=00:00:00
   OverSubscribe=OK Contiguous=0 Licenses=(null) Network=(null)
   Command=/gpfs/home/tbr0780/ILForge/common/bash/launch_experiment.sh
   WorkDir=/gpfs/home/tbr0780/ILForge
   StdErr=/dev/null
   StdIn=/dev/null
   StdOut=/dev/null
   MailUser=timothyruel2024@u.northwestern.edu MailType=INVALID_DEPEND,BEGIN,END,FAIL,REQUEUE,STAGE_OUT
   
--------------------------------------------------------------------------------
JOB EFFICIENCY 
--------------------------------------------------------------------------------
Job efficiency will be calculated after the job has completed.
===== checkjob (interval) at Fri Jul 25 19:47:23 CDT 2025 =====
--------------------------------------------------------------------------------
JOB INFORMATION 
--------------------------------------------------------------------------------
JobId=9902147 ArrayJobId=9900632 ArrayTaskId=745 JobName=experiment_sim
   UserId=tbr0780(3229) GroupId=tbr0780(4023) MCS_label=N/A
   Priority=20145 Nice=0 Account=p32397 QOS=normal
   JobState=RUNNING Reason=None Dependency=(null)
   Requeue=0 Restarts=0 BatchFlag=1 Reboot=0 ExitCode=0:0
   RunTime=00:02:13 TimeLimit=02:00:00 TimeMin=N/A
   SubmitTime=2025-07-25T19:18:16 EligibleTime=2025-07-25T19:18:19
   AccrueTime=2025-07-25T19:18:19
   StartTime=2025-07-25T19:45:12 EndTime=2025-07-25T21:45:12 Deadline=N/A
   SuspendTime=None SecsPreSuspend=0 LastSchedEval=2025-07-25T19:45:12 Scheduler=Main
   Partition=short AllocNode:Sid=quser32:3020972
   ReqNodeList=(null) ExcNodeList=(null)
   NodeList=qnode3014
   BatchHost=qnode3014
   NumNodes=1 NumCPUs=64 NumTasks=64 CPUs/Task=1 ReqB:S:C:T=0:0:*:*
   ReqTRES=cpu=64,mem=32000M,node=1,billing=288
   AllocTRES=cpu=64,mem=32000M,node=1,billing=288
   Socks/Node=* NtasksPerN:B:S:C=64:0:*:* CoreSpec=*
   MinCPUsNode=64 MinMemoryCPU=500M MinTmpDiskNode=0
   Features=[quest10|quest11|quest12|quest13] DelayBoot=00:00:00
   OverSubscribe=OK Contiguous=0 Licenses=(null) Network=(null)
   Command=/gpfs/home/tbr0780/ILForge/common/bash/launch_experiment.sh
   WorkDir=/gpfs/home/tbr0780/ILForge
   StdErr=/dev/null
   StdIn=/dev/null
   StdOut=/dev/null
   MailUser=timothyruel2024@u.northwestern.edu MailType=INVALID_DEPEND,BEGIN,END,FAIL,REQUEUE,STAGE_OUT
   
--------------------------------------------------------------------------------
JOB EFFICIENCY 
--------------------------------------------------------------------------------
Job efficiency will be calculated after the job has completed.
