📌 Logging to experiments/exp_v2.1.0/simulations/sim_01/iter_1224/logs/slurm_log.out
🔁 Running Iteration 1224 of Simulation sim_01 in Experiment exp_v2.1.0 (multinomial_logistic_regression / shared_effect) with 64 cores...
[INFO] True parameters already exist — skipping generation.
Generating data...
[INFO] Loading theta_0 from: /gpfs/home/tbr0780/ILForge/experiments/exp_v2.1.0/true_params/theta_0.rds
[INFO] Generating new data for iteration: iter_1224
✅ Balanced dataset generated on try 2
[✓] Saved config snapshot to: /gpfs/home/tbr0780/ILForge/experiments/exp_v2.1.0/simulations/sim_01/iter_1224/config_snapshot.yml
Executing iteration...
🔍 Running integrated likelihood...
✅ Integrated likelihood complete (0.48 min)
📈 Running profile likelihood...
✅ Profile likelihood complete (0.32 min)
⏱️  Total experiment time: 0.82 minutes
✓ Experiment results saved to /experiments/exp_v2.1.0/simulations/sim_01/iter_1224/results
✓ Iteration completed
✅ SLURM iteration complete: iter_1224
===== FINAL DIAGNOSTICS for Job 9902989 =====
Job ID: 9902989
Array Job ID: 9900632_1223
Cluster: quest
User/Group: tbr0780/tbr0780
State: RUNNING
Nodes: 1
Cores per node: 64
CPU Utilized: 00:00:00
CPU Efficiency: 0.00% of 01:53:04 core-walltime
Job Wall-clock time: 00:01:46
Memory Utilized: 0.00 MB (estimated maximum)
Memory Efficiency: 0.00% of 31.25 GB (500.00 MB/core)
WARNING: Efficiency statistics may be misleading for RUNNING jobs.
--------------------------------------------------------------------------------
JOB INFORMATION 
--------------------------------------------------------------------------------
JobId=9902989 ArrayJobId=9900632 ArrayTaskId=1223 JobName=experiment_sim
   UserId=tbr0780(3229) GroupId=tbr0780(4023) MCS_label=N/A
   Priority=20165 Nice=0 Account=p32397 QOS=normal
   JobState=RUNNING Reason=None Dependency=(null)
   Requeue=0 Restarts=0 BatchFlag=1 Reboot=0 ExitCode=0:0
   RunTime=00:01:46 TimeLimit=02:00:00 TimeMin=N/A
   SubmitTime=2025-07-25T19:18:16 EligibleTime=2025-07-25T19:18:19
   AccrueTime=2025-07-25T19:18:19
   StartTime=2025-07-25T19:59:19 EndTime=2025-07-25T21:59:19 Deadline=N/A
   SuspendTime=None SecsPreSuspend=0 LastSchedEval=2025-07-25T19:59:19 Scheduler=Main
   Partition=short AllocNode:Sid=quser32:3020972
   ReqNodeList=(null) ExcNodeList=(null)
   NodeList=qnode3061
   BatchHost=qnode3061
   NumNodes=1 NumCPUs=64 NumTasks=64 CPUs/Task=1 ReqB:S:C:T=0:0:*:*
   ReqTRES=cpu=64,mem=32000M,node=1,billing=288
   AllocTRES=cpu=64,mem=32000M,node=1,billing=288
   Socks/Node=* NtasksPerN:B:S:C=64:0:*:* CoreSpec=*
   MinCPUsNode=64 MinMemoryCPU=500M MinTmpDiskNode=0
   Features=[quest10|quest11|quest12|quest13] DelayBoot=00:00:00
   OverSubscribe=OK Contiguous=0 Licenses=(null) Network=(null)
   Command=/gpfs/home/tbr0780/ILForge/common/bash/launch_experiment.sh
   WorkDir=/gpfs/home/tbr0780/ILForge
   StdErr=/dev/null
   StdIn=/dev/null
   StdOut=/dev/null
   MailUser=timothyruel2024@u.northwestern.edu MailType=INVALID_DEPEND,BEGIN,END,FAIL,REQUEUE,STAGE_OUT
   
--------------------------------------------------------------------------------
JOB EFFICIENCY 
--------------------------------------------------------------------------------
Job efficiency will be calculated after the job has completed.
JobID                     JobName    Elapsed     MaxRSS     ReqMem  AllocCPUS      State 
------------ -------------------- ---------- ---------- ---------- ---------- ---------- 
9900632_1223       experiment_sim   00:01:46                32000M         64    RUNNING 
9900632_122+                batch   00:01:46                               64    RUNNING 
9900632_122+               extern   00:01:46                               64    RUNNING 
              total        used        free      shared  buff/cache   available
Mem:          503Gi        25Gi       472Gi       3.9Gi       5.5Gi       469Gi
Swap:          31Gi       4.2Gi        27Gi
 20:01:05 up 124 days, 23:15,  0 users,  load average: 117.45, 111.05, 113.05
top - 20:01:05 up 124 days, 23:15,  0 users,  load average: 117.45, 111.05, 113.
Tasks: 1327 total, 101 running, 1226 sleeping,   0 stopped,   0 zombie
%Cpu(s): 39.0 us,  0.1 sy,  0.0 ni, 60.8 id,  0.0 wa,  0.1 hi,  0.0 si,  0.0 st
MiB Mem : 515584.8 total, 484253.2 free,  25725.6 used,   5605.9 buff/cache
MiB Swap:  32768.0 total,  28488.4 free,   4279.6 used. 481080.8 avail Mem 

    PID USER      PR  NI    VIRT    RES    SHR S  %CPU  %MEM     TIME+ COMMAND
 713138 ceo4586   20   0  334368  20560   3936 R  52.9   0.0 224:30.98 python
 713141 ceo4586   20   0  334368  20536   3928 R  52.9   0.0 224:33.10 python
 713144 ceo4586   20   0  334368  20524   3936 R  52.9   0.0 224:28.48 python
 713145 ceo4586   20   0  334368  20500   3908 R  52.9   0.0 224:30.84 python
 713147 ceo4586   20   0  334368  12820   3832 R  52.9   0.0 224:30.30 python
 713148 ceo4586   20   0  334368  20408   3832 R  52.9   0.0 224:28.61 python
 713149 ceo4586   20   0  334368  20448   3872 R  52.9   0.0 224:27.55 python
 713150 ceo4586   20   0  334368  20532   3936 R  52.9   0.0 224:29.30 python
 713160 ceo4586   20   0  334368  20492   3908 R  52.9   0.0 224:29.13 python
 713162 ceo4586   20   0  334368  20528   3936 R  52.9   0.0 224:24.34 python
 713163 ceo4586   20   0  334368  12824   3832 R  52.9   0.0 224:30.14 python
 713167 ceo4586   20   0  334368  20540   3936 R  52.9   0.0 224:23.98 python
 713168 ceo4586   20   0  334368  20544   3908 R  52.9   0.0 224:27.60 python
 713175 ceo4586   20   0  334368  20412   3832 R  52.9   0.0 224:30.07 python
 713176 ceo4586   20   0  334368  20552   3936 R  52.9   0.0 224:25.29 python
 713179 ceo4586   20   0  334368  20472   3872 R  52.9   0.0 224:29.90 python
 713181 ceo4586   20   0  334368  20548   3936 R  52.9   0.0 224:07.55 python
 713182 ceo4586   20   0  334368  16876   3936 R  52.9   0.0 224:05.99 python
 713190 ceo4586   20   0  334368  17076   3936 R  52.9   0.0 224:22.53 python
 713193 ceo4586   20   0  334368  17064   3936 R  52.9   0.0 224:25.19 python
 713194 ceo4586   20   0  334368  11040   3908 R  52.9   0.0 224:25.92 python
 713196 ceo4586   20   0  334368  11008   3908 R  52.9   0.0 224:26.38 python
 713198 ceo4586   20   0  334368  11064   3936 R  52.9   0.0 224:26.05 python
 713201 ceo4586   20   0  334368  10900   3872 R  52.9   0.0 224:25.41 python
 713205 ceo4586   20   0  334368  11076   3936 R  52.9   0.0 224:31.70 python
 713207 ceo4586   20   0  334368  11148   3936 R  52.9   0.0 224:31.09 python
 713214 ceo4586   20   0  334368  10956   3872 R  52.9   0.0 224:30.82 python
 713216 ceo4586   20   0  334368  11140   3936 R  52.9   0.0 224:23.39 python
 713218 ceo4586   20   0  334368  10904   3828 R  52.9   0.0 224:27.46 python
 713226 ceo4586   20   0  334368  11132   3936 R  52.9   0.0 224:27.29 python
 713228 ceo4586   20   0  334368  11128   3936 R  52.9   0.0 224:24.81 python
 713137 ceo4586   20   0  334368  20400   3844 R  47.1   0.0 224:27.41 python
 713139 ceo4586   20   0  334368  20548   3908 R  47.1   0.0 224:32.68 python
===== BACKGROUND CHECKJOB MONITOR LOG =====
===== checkjob (interval) at Fri Jul 25 20:00:07 CDT 2025 =====
--------------------------------------------------------------------------------
JOB INFORMATION 
--------------------------------------------------------------------------------
JobId=9902989 ArrayJobId=9900632 ArrayTaskId=1223 JobName=experiment_sim
   UserId=tbr0780(3229) GroupId=tbr0780(4023) MCS_label=N/A
   Priority=20165 Nice=0 Account=p32397 QOS=normal
   JobState=RUNNING Reason=None Dependency=(null)
   Requeue=0 Restarts=0 BatchFlag=1 Reboot=0 ExitCode=0:0
   RunTime=00:00:48 TimeLimit=02:00:00 TimeMin=N/A
   SubmitTime=2025-07-25T19:18:16 EligibleTime=2025-07-25T19:18:19
   AccrueTime=2025-07-25T19:18:19
   StartTime=2025-07-25T19:59:19 EndTime=2025-07-25T21:59:19 Deadline=N/A
   SuspendTime=None SecsPreSuspend=0 LastSchedEval=2025-07-25T19:59:19 Scheduler=Main
   Partition=short AllocNode:Sid=quser32:3020972
   ReqNodeList=(null) ExcNodeList=(null)
   NodeList=qnode3061
   BatchHost=qnode3061
   NumNodes=1 NumCPUs=64 NumTasks=64 CPUs/Task=1 ReqB:S:C:T=0:0:*:*
   ReqTRES=cpu=64,mem=32000M,node=1,billing=288
   AllocTRES=cpu=64,mem=32000M,node=1,billing=288
   Socks/Node=* NtasksPerN:B:S:C=64:0:*:* CoreSpec=*
   MinCPUsNode=64 MinMemoryCPU=500M MinTmpDiskNode=0
   Features=[quest10|quest11|quest12|quest13] DelayBoot=00:00:00
   OverSubscribe=OK Contiguous=0 Licenses=(null) Network=(null)
   Command=/gpfs/home/tbr0780/ILForge/common/bash/launch_experiment.sh
   WorkDir=/gpfs/home/tbr0780/ILForge
   StdErr=/dev/null
   StdIn=/dev/null
   StdOut=/dev/null
   MailUser=timothyruel2024@u.northwestern.edu MailType=INVALID_DEPEND,BEGIN,END,FAIL,REQUEUE,STAGE_OUT
   
--------------------------------------------------------------------------------
JOB EFFICIENCY 
--------------------------------------------------------------------------------
Job efficiency will be calculated after the job has completed.
===== checkjob (interval) at Fri Jul 25 20:00:37 CDT 2025 =====
--------------------------------------------------------------------------------
JOB INFORMATION 
--------------------------------------------------------------------------------
JobId=9902989 ArrayJobId=9900632 ArrayTaskId=1223 JobName=experiment_sim
   UserId=tbr0780(3229) GroupId=tbr0780(4023) MCS_label=N/A
   Priority=20165 Nice=0 Account=p32397 QOS=normal
   JobState=RUNNING Reason=None Dependency=(null)
   Requeue=0 Restarts=0 BatchFlag=1 Reboot=0 ExitCode=0:0
   RunTime=00:01:20 TimeLimit=02:00:00 TimeMin=N/A
   SubmitTime=2025-07-25T19:18:16 EligibleTime=2025-07-25T19:18:19
   AccrueTime=2025-07-25T19:18:19
   StartTime=2025-07-25T19:59:19 EndTime=2025-07-25T21:59:19 Deadline=N/A
   SuspendTime=None SecsPreSuspend=0 LastSchedEval=2025-07-25T19:59:19 Scheduler=Main
   Partition=short AllocNode:Sid=quser32:3020972
   ReqNodeList=(null) ExcNodeList=(null)
   NodeList=qnode3061
   BatchHost=qnode3061
   NumNodes=1 NumCPUs=64 NumTasks=64 CPUs/Task=1 ReqB:S:C:T=0:0:*:*
   ReqTRES=cpu=64,mem=32000M,node=1,billing=288
   AllocTRES=cpu=64,mem=32000M,node=1,billing=288
   Socks/Node=* NtasksPerN:B:S:C=64:0:*:* CoreSpec=*
   MinCPUsNode=64 MinMemoryCPU=500M MinTmpDiskNode=0
   Features=[quest10|quest11|quest12|quest13] DelayBoot=00:00:00
   OverSubscribe=OK Contiguous=0 Licenses=(null) Network=(null)
   Command=/gpfs/home/tbr0780/ILForge/common/bash/launch_experiment.sh
   WorkDir=/gpfs/home/tbr0780/ILForge
   StdErr=/dev/null
   StdIn=/dev/null
   StdOut=/dev/null
   MailUser=timothyruel2024@u.northwestern.edu MailType=INVALID_DEPEND,BEGIN,END,FAIL,REQUEUE,STAGE_OUT
   
--------------------------------------------------------------------------------
JOB EFFICIENCY 
--------------------------------------------------------------------------------
Job efficiency will be calculated after the job has completed.
