📌 Logging to experiments/exp_v2.1.0/simulations/sim_01/iter_1792/logs/slurm_log.out
🔁 Running Iteration 1792 of Simulation sim_01 in Experiment exp_v2.1.0 (multinomial_logistic_regression / shared_effect) with 64 cores...
[INFO] True parameters already exist — skipping generation.
Generating data...
[INFO] Loading theta_0 from: /gpfs/home/tbr0780/ILForge/experiments/exp_v2.1.0/true_params/theta_0.rds
[INFO] Generating new data for iteration: iter_1792
✅ Balanced dataset generated on try 1
[✓] Saved config snapshot to: /gpfs/home/tbr0780/ILForge/experiments/exp_v2.1.0/simulations/sim_01/iter_1792/config_snapshot.yml
Executing iteration...
🔍 Running integrated likelihood...
✅ Integrated likelihood complete (0.71 min)
📈 Running profile likelihood...
✅ Profile likelihood complete (0.39 min)
⏱️  Total experiment time: 1.14 minutes
✓ Experiment results saved to /experiments/exp_v2.1.0/simulations/sim_01/iter_1792/results
✓ Iteration completed
✅ SLURM iteration complete: iter_1792
===== FINAL DIAGNOSTICS for Job 9903980 =====
Job ID: 9903980
Array Job ID: 9900632_1791
Cluster: quest
User/Group: tbr0780/tbr0780
State: RUNNING
Nodes: 1
Cores per node: 64
CPU Utilized: 00:00:00
CPU Efficiency: 0.00% of 03:49:20 core-walltime
Job Wall-clock time: 00:03:35
Memory Utilized: 0.00 MB (estimated maximum)
Memory Efficiency: 0.00% of 31.25 GB (500.00 MB/core)
WARNING: Efficiency statistics may be misleading for RUNNING jobs.
--------------------------------------------------------------------------------
JOB INFORMATION 
--------------------------------------------------------------------------------
JobId=9903980 ArrayJobId=9900632 ArrayTaskId=1791 JobName=experiment_sim
   UserId=tbr0780(3229) GroupId=tbr0780(4023) MCS_label=N/A
   Priority=20185 Nice=0 Account=p32397 QOS=normal
   JobState=RUNNING Reason=None Dependency=(null)
   Requeue=0 Restarts=0 BatchFlag=1 Reboot=0 ExitCode=0:0
   RunTime=00:03:36 TimeLimit=02:00:00 TimeMin=N/A
   SubmitTime=2025-07-25T19:18:16 EligibleTime=2025-07-25T19:18:19
   AccrueTime=2025-07-25T19:18:19
   StartTime=2025-07-25T20:15:30 EndTime=2025-07-25T22:15:30 Deadline=N/A
   SuspendTime=None SecsPreSuspend=0 LastSchedEval=2025-07-25T20:15:30 Scheduler=Main
   Partition=short AllocNode:Sid=quser32:3020972
   ReqNodeList=(null) ExcNodeList=(null)
   NodeList=qnode1066
   BatchHost=qnode1066
   NumNodes=1 NumCPUs=64 NumTasks=64 CPUs/Task=1 ReqB:S:C:T=0:0:*:*
   ReqTRES=cpu=64,mem=32000M,node=1,billing=288
   AllocTRES=cpu=64,mem=32000M,node=1,billing=288
   Socks/Node=* NtasksPerN:B:S:C=64:0:*:* CoreSpec=*
   MinCPUsNode=64 MinMemoryCPU=500M MinTmpDiskNode=0
   Features=[quest10|quest11|quest12|quest13] DelayBoot=00:00:00
   OverSubscribe=OK Contiguous=0 Licenses=(null) Network=(null)
   Command=/gpfs/home/tbr0780/ILForge/common/bash/launch_experiment.sh
   WorkDir=/gpfs/home/tbr0780/ILForge
   StdErr=/dev/null
   StdIn=/dev/null
   StdOut=/dev/null
   MailUser=timothyruel2024@u.northwestern.edu MailType=INVALID_DEPEND,BEGIN,END,FAIL,REQUEUE,STAGE_OUT
   
--------------------------------------------------------------------------------
JOB EFFICIENCY 
--------------------------------------------------------------------------------
Job efficiency will be calculated after the job has completed.
JobID                     JobName    Elapsed     MaxRSS     ReqMem  AllocCPUS      State 
------------ -------------------- ---------- ---------- ---------- ---------- ---------- 
9900632_1791       experiment_sim   00:03:38                32000M         64    RUNNING 
9900632_179+                batch   00:03:38                               64    RUNNING 
9900632_179+               extern   00:03:38                               64    RUNNING 
              total        used        free      shared  buff/cache   available
Mem:          251Gi        22Gi       221Gi       5.8Gi       7.5Gi       218Gi
Swap:          31Gi       1.6Gi        30Gi
 20:19:08 up 123 days,  8:34,  0 users,  load average: 18.73, 12.14, 9.76
top - 20:19:09 up 123 days,  8:34,  0 users,  load average: 18.73, 12.14, 9.76
Tasks: 721 total,   1 running, 720 sleeping,   0 stopped,   0 zombie
%Cpu(s):  0.0 us,  0.3 sy,  0.0 ni, 99.7 id,  0.0 wa,  0.0 hi,  0.0 si,  0.0 st
MiB Mem : 257574.3 total, 226544.1 free,  23333.8 used,   7696.5 buff/cache
MiB Swap:  32768.0 total,  31155.6 free,   1612.4 used. 224008.0 avail Mem 

    PID USER      PR  NI    VIRT    RES    SHR S  %CPU  %MEM     TIME+ COMMAND
2049703 tbr0780   20   0  270060   5372   3772 R  17.6   0.0   0:00.11 top
      1 root      20   0  238424  11192   8396 S   0.0   0.0   9:39.33 systemd
      2 root      20   0       0      0      0 S   0.0   0.0   0:11.88 kthreadd
      3 root       0 -20       0      0      0 I   0.0   0.0   0:00.00 rcu_gp
      4 root       0 -20       0      0      0 I   0.0   0.0   0:00.00 rcu_par+
      5 root       0 -20       0      0      0 I   0.0   0.0   0:00.00 slub_fl+
      7 root       0 -20       0      0      0 I   0.0   0.0   0:00.00 kworker+
     11 root       0 -20       0      0      0 I   0.0   0.0   0:00.00 mm_perc+
     12 root      20   0       0      0      0 S   0.0   0.0   0:00.00 rcu_tas+
     13 root      20   0       0      0      0 S   0.0   0.0   0:00.00 rcu_tas+
     14 root      20   0       0      0      0 S   0.0   0.0   1:29.60 ksoftir+
     15 root      20   0       0      0      0 I   0.0   0.0 149:14.99 rcu_sch+
     16 root      rt   0       0      0      0 S   0.0   0.0   0:15.63 migrati+
     17 root      rt   0       0      0      0 S   0.0   0.0   0:01.77 watchdo+
     18 root      20   0       0      0      0 S   0.0   0.0   0:00.00 cpuhp/0
     19 root      20   0       0      0      0 S   0.0   0.0   0:00.00 cpuhp/1
     20 root      rt   0       0      0      0 S   0.0   0.0   0:09.41 watchdo+
     21 root      rt   0       0      0      0 S   0.0   0.0   0:14.49 migrati+
     22 root      20   0       0      0      0 S   0.0   0.0   0:32.31 ksoftir+
     24 root       0 -20       0      0      0 I   0.0   0.0   0:00.00 kworker+
     25 root      20   0       0      0      0 S   0.0   0.0   0:00.00 cpuhp/2
     26 root      rt   0       0      0      0 S   0.0   0.0   0:09.61 watchdo+
     27 root      rt   0       0      0      0 S   0.0   0.0   0:14.00 migrati+
     28 root      20   0       0      0      0 S   0.0   0.0   0:25.70 ksoftir+
     30 root       0 -20       0      0      0 I   0.0   0.0   0:00.00 kworker+
     31 root      20   0       0      0      0 S   0.0   0.0   0:00.00 cpuhp/3
     32 root      rt   0       0      0      0 S   0.0   0.0   0:09.59 watchdo+
     33 root      rt   0       0      0      0 S   0.0   0.0   0:13.75 migrati+
     34 root      20   0       0      0      0 S   0.0   0.0   0:19.31 ksoftir+
     36 root       0 -20       0      0      0 I   0.0   0.0   0:00.00 kworker+
     37 root      20   0       0      0      0 S   0.0   0.0   0:00.00 cpuhp/4
     38 root      rt   0       0      0      0 S   0.0   0.0   0:09.43 watchdo+
     39 root      rt   0       0      0      0 S   0.0   0.0   0:13.57 migrati+
===== BACKGROUND CHECKJOB MONITOR LOG =====
===== checkjob (interval) at Fri Jul 25 20:17:37 CDT 2025 =====
--------------------------------------------------------------------------------
JOB INFORMATION 
--------------------------------------------------------------------------------
JobId=9903980 ArrayJobId=9900632 ArrayTaskId=1791 JobName=experiment_sim
   UserId=tbr0780(3229) GroupId=tbr0780(4023) MCS_label=N/A
   Priority=20185 Nice=0 Account=p32397 QOS=normal
   JobState=RUNNING Reason=None Dependency=(null)
   Requeue=0 Restarts=0 BatchFlag=1 Reboot=0 ExitCode=0:0
   RunTime=00:02:09 TimeLimit=02:00:00 TimeMin=N/A
   SubmitTime=2025-07-25T19:18:16 EligibleTime=2025-07-25T19:18:19
   AccrueTime=2025-07-25T19:18:19
   StartTime=2025-07-25T20:15:30 EndTime=2025-07-25T22:15:30 Deadline=N/A
   SuspendTime=None SecsPreSuspend=0 LastSchedEval=2025-07-25T20:15:30 Scheduler=Main
   Partition=short AllocNode:Sid=quser32:3020972
   ReqNodeList=(null) ExcNodeList=(null)
   NodeList=qnode1066
   BatchHost=qnode1066
   NumNodes=1 NumCPUs=64 NumTasks=64 CPUs/Task=1 ReqB:S:C:T=0:0:*:*
   ReqTRES=cpu=64,mem=32000M,node=1,billing=288
   AllocTRES=cpu=64,mem=32000M,node=1,billing=288
   Socks/Node=* NtasksPerN:B:S:C=64:0:*:* CoreSpec=*
   MinCPUsNode=64 MinMemoryCPU=500M MinTmpDiskNode=0
   Features=[quest10|quest11|quest12|quest13] DelayBoot=00:00:00
   OverSubscribe=OK Contiguous=0 Licenses=(null) Network=(null)
   Command=/gpfs/home/tbr0780/ILForge/common/bash/launch_experiment.sh
   WorkDir=/gpfs/home/tbr0780/ILForge
   StdErr=/dev/null
   StdIn=/dev/null
   StdOut=/dev/null
   MailUser=timothyruel2024@u.northwestern.edu MailType=INVALID_DEPEND,BEGIN,END,FAIL,REQUEUE,STAGE_OUT
   
--------------------------------------------------------------------------------
JOB EFFICIENCY 
--------------------------------------------------------------------------------
Job efficiency will be calculated after the job has completed.
===== checkjob (interval) at Fri Jul 25 20:18:11 CDT 2025 =====
--------------------------------------------------------------------------------
JOB INFORMATION 
--------------------------------------------------------------------------------
JobId=9903980 ArrayJobId=9900632 ArrayTaskId=1791 JobName=experiment_sim
   UserId=tbr0780(3229) GroupId=tbr0780(4023) MCS_label=N/A
   Priority=20185 Nice=0 Account=p32397 QOS=normal
   JobState=RUNNING Reason=None Dependency=(null)
   Requeue=0 Restarts=0 BatchFlag=1 Reboot=0 ExitCode=0:0
   RunTime=00:02:42 TimeLimit=02:00:00 TimeMin=N/A
   SubmitTime=2025-07-25T19:18:16 EligibleTime=2025-07-25T19:18:19
   AccrueTime=2025-07-25T19:18:19
   StartTime=2025-07-25T20:15:30 EndTime=2025-07-25T22:15:30 Deadline=N/A
   SuspendTime=None SecsPreSuspend=0 LastSchedEval=2025-07-25T20:15:30 Scheduler=Main
   Partition=short AllocNode:Sid=quser32:3020972
   ReqNodeList=(null) ExcNodeList=(null)
   NodeList=qnode1066
   BatchHost=qnode1066
   NumNodes=1 NumCPUs=64 NumTasks=64 CPUs/Task=1 ReqB:S:C:T=0:0:*:*
   ReqTRES=cpu=64,mem=32000M,node=1,billing=288
   AllocTRES=cpu=64,mem=32000M,node=1,billing=288
   Socks/Node=* NtasksPerN:B:S:C=64:0:*:* CoreSpec=*
   MinCPUsNode=64 MinMemoryCPU=500M MinTmpDiskNode=0
   Features=[quest10|quest11|quest12|quest13] DelayBoot=00:00:00
   OverSubscribe=OK Contiguous=0 Licenses=(null) Network=(null)
   Command=/gpfs/home/tbr0780/ILForge/common/bash/launch_experiment.sh
   WorkDir=/gpfs/home/tbr0780/ILForge
   StdErr=/dev/null
   StdIn=/dev/null
   StdOut=/dev/null
   MailUser=timothyruel2024@u.northwestern.edu MailType=INVALID_DEPEND,BEGIN,END,FAIL,REQUEUE,STAGE_OUT
   
--------------------------------------------------------------------------------
JOB EFFICIENCY 
--------------------------------------------------------------------------------
Job efficiency will be calculated after the job has completed.
===== checkjob (interval) at Fri Jul 25 20:18:43 CDT 2025 =====
--------------------------------------------------------------------------------
JOB INFORMATION 
--------------------------------------------------------------------------------
JobId=9903980 ArrayJobId=9900632 ArrayTaskId=1791 JobName=experiment_sim
   UserId=tbr0780(3229) GroupId=tbr0780(4023) MCS_label=N/A
   Priority=20185 Nice=0 Account=p32397 QOS=normal
   JobState=RUNNING Reason=None Dependency=(null)
   Requeue=0 Restarts=0 BatchFlag=1 Reboot=0 ExitCode=0:0
   RunTime=00:03:13 TimeLimit=02:00:00 TimeMin=N/A
   SubmitTime=2025-07-25T19:18:16 EligibleTime=2025-07-25T19:18:19
   AccrueTime=2025-07-25T19:18:19
   StartTime=2025-07-25T20:15:30 EndTime=2025-07-25T22:15:30 Deadline=N/A
   SuspendTime=None SecsPreSuspend=0 LastSchedEval=2025-07-25T20:15:30 Scheduler=Main
   Partition=short AllocNode:Sid=quser32:3020972
   ReqNodeList=(null) ExcNodeList=(null)
   NodeList=qnode1066
   BatchHost=qnode1066
   NumNodes=1 NumCPUs=64 NumTasks=64 CPUs/Task=1 ReqB:S:C:T=0:0:*:*
   ReqTRES=cpu=64,mem=32000M,node=1,billing=288
   AllocTRES=cpu=64,mem=32000M,node=1,billing=288
   Socks/Node=* NtasksPerN:B:S:C=64:0:*:* CoreSpec=*
   MinCPUsNode=64 MinMemoryCPU=500M MinTmpDiskNode=0
   Features=[quest10|quest11|quest12|quest13] DelayBoot=00:00:00
   OverSubscribe=OK Contiguous=0 Licenses=(null) Network=(null)
   Command=/gpfs/home/tbr0780/ILForge/common/bash/launch_experiment.sh
   WorkDir=/gpfs/home/tbr0780/ILForge
   StdErr=/dev/null
   StdIn=/dev/null
   StdOut=/dev/null
   MailUser=timothyruel2024@u.northwestern.edu MailType=INVALID_DEPEND,BEGIN,END,FAIL,REQUEUE,STAGE_OUT
   
--------------------------------------------------------------------------------
JOB EFFICIENCY 
--------------------------------------------------------------------------------
Job efficiency will be calculated after the job has completed.
