📌 Logging to experiments/exp_v2.1.0/simulations/sim_01/iter_0255/logs/slurm_log.out
🔁 Running Iteration 255 of Simulation sim_01 in Experiment exp_v2.1.0 (multinomial_logistic_regression / shared_effect) with 64 cores...
[INFO] True parameters already exist — skipping generation.
Generating data...
[INFO] Loading theta_0 from: /gpfs/home/tbr0780/ILForge/experiments/exp_v2.1.0/true_params/theta_0.rds
[INFO] Generating new data for iteration: iter_0255
✅ Balanced dataset generated on try 1
[✓] Saved config snapshot to: /gpfs/home/tbr0780/ILForge/experiments/exp_v2.1.0/simulations/sim_01/iter_0255/config_snapshot.yml
Executing iteration...
🔍 Running integrated likelihood...
✅ Integrated likelihood complete (0.39 min)
📈 Running profile likelihood...
✅ Profile likelihood complete (0.26 min)
⏱️  Total experiment time: 0.67 minutes
✓ Experiment results saved to /experiments/exp_v2.1.0/simulations/sim_01/iter_0255/results
✓ Iteration completed
✅ SLURM iteration complete: iter_0255
===== FINAL DIAGNOSTICS for Job 9901383 =====
Job ID: 9901383
Array Job ID: 9900632_254
Cluster: quest
User/Group: tbr0780/tbr0780
State: RUNNING
Nodes: 1
Cores per node: 64
CPU Utilized: 00:00:00
CPU Efficiency: 0.00% of 02:18:40 core-walltime
Job Wall-clock time: 00:02:10
Memory Utilized: 0.00 MB (estimated maximum)
Memory Efficiency: 0.00% of 31.25 GB (500.00 MB/core)
WARNING: Efficiency statistics may be misleading for RUNNING jobs.
--------------------------------------------------------------------------------
JOB INFORMATION 
--------------------------------------------------------------------------------
JobId=9901383 ArrayJobId=9900632 ArrayTaskId=254 JobName=experiment_sim
   UserId=tbr0780(3229) GroupId=tbr0780(4023) MCS_label=N/A
   Priority=20130 Nice=0 Account=p32397 QOS=normal
   JobState=RUNNING Reason=None Dependency=(null)
   Requeue=0 Restarts=0 BatchFlag=1 Reboot=0 ExitCode=0:0
   RunTime=00:02:10 TimeLimit=02:00:00 TimeMin=N/A
   SubmitTime=2025-07-25T19:18:16 EligibleTime=2025-07-25T19:18:19
   AccrueTime=2025-07-25T19:18:19
   StartTime=2025-07-25T19:30:06 EndTime=2025-07-25T21:30:06 Deadline=N/A
   SuspendTime=None SecsPreSuspend=0 LastSchedEval=2025-07-25T19:30:06 Scheduler=Main
   Partition=short AllocNode:Sid=quser32:3020972
   ReqNodeList=(null) ExcNodeList=(null)
   NodeList=qnode3059
   BatchHost=qnode3059
   NumNodes=1 NumCPUs=64 NumTasks=64 CPUs/Task=1 ReqB:S:C:T=0:0:*:*
   ReqTRES=cpu=64,mem=32000M,node=1,billing=288
   AllocTRES=cpu=64,mem=32000M,node=1,billing=288
   Socks/Node=* NtasksPerN:B:S:C=64:0:*:* CoreSpec=*
   MinCPUsNode=64 MinMemoryCPU=500M MinTmpDiskNode=0
   Features=[quest10|quest11|quest12|quest13] DelayBoot=00:00:00
   OverSubscribe=OK Contiguous=0 Licenses=(null) Network=(null)
   Command=/gpfs/home/tbr0780/ILForge/common/bash/launch_experiment.sh
   WorkDir=/gpfs/home/tbr0780/ILForge
   StdErr=/dev/null
   StdIn=/dev/null
   StdOut=/dev/null
   MailUser=timothyruel2024@u.northwestern.edu MailType=INVALID_DEPEND,BEGIN,END,FAIL,REQUEUE,STAGE_OUT
   
--------------------------------------------------------------------------------
JOB EFFICIENCY 
--------------------------------------------------------------------------------
Job efficiency will be calculated after the job has completed.
JobID                     JobName    Elapsed     MaxRSS     ReqMem  AllocCPUS      State 
------------ -------------------- ---------- ---------- ---------- ---------- ---------- 
9900632_254        experiment_sim   00:02:10                32000M         64    RUNNING 
9900632_254+                batch   00:02:10                               64    RUNNING 
9900632_254+               extern   00:02:10                               64    RUNNING 
              total        used        free      shared  buff/cache   available
Mem:          503Gi        25Gi       471Gi       5.8Gi       7.2Gi       468Gi
Swap:          31Gi       1.9Gi        30Gi
 19:32:16 up 124 days, 22:46,  1 user,  load average: 114.57, 115.40, 132.39
top - 19:32:17 up 124 days, 22:46,  1 user,  load average: 114.57, 115.40, 132.3
Tasks: 1331 total, 101 running, 1230 sleeping,   0 stopped,   0 zombie
%Cpu(s): 39.0 us,  0.1 sy,  0.0 ni, 60.8 id,  0.0 wa,  0.1 hi,  0.0 si,  0.0 st
MiB Mem : 515584.8 total, 482608.6 free,  25647.9 used,   7328.3 buff/cache
MiB Swap:  32768.0 total,  30818.3 free,   1949.7 used. 479302.2 avail Mem 

    PID USER      PR  NI    VIRT    RES    SHR S  %CPU  %MEM     TIME+ COMMAND
3094481 ceo4586   20   0  334368  19488   4660 R  52.9   0.0 210:38.55 python
3094482 ceo4586   20   0  334368  19460   4660 R  52.9   0.0 210:45.44 python
3094487 ceo4586   20   0  334368  19364   4632 R  52.9   0.0 210:40.90 python
3094488 ceo4586   20   0  334368  19356   4560 R  52.9   0.0 210:41.61 python
3094489 ceo4586   20   0  334368  19420   4660 R  52.9   0.0 210:43.31 python
3094490 ceo4586   20   0  334368  19296   4620 R  52.9   0.0 210:42.60 python
3094492 ceo4586   20   0  334368  19240   4608 R  52.9   0.0 210:39.60 python
3094506 ceo4586   20   0  334368  19384   4632 R  52.9   0.0 210:40.26 python
3094507 ceo4586   20   0  334368  19380   4632 R  52.9   0.0 210:39.87 python
3094511 ceo4586   20   0  334368  19464   4660 R  52.9   0.0 210:39.31 python
3094513 ceo4586   20   0  334368  19340   4560 R  52.9   0.0 210:41.01 python
3094519 ceo4586   20   0  334368  19436   4660 R  52.9   0.0 210:39.75 python
3094521 ceo4586   20   0  334368  19352   4632 R  52.9   0.0 210:41.09 python
3094532 ceo4586   20   0  334368  19344   4560 R  52.9   0.0 210:45.10 python
3094539 ceo4586   20   0  334368  19364   4620 R  52.9   0.0 210:41.86 python
3094547 ceo4586   20   0  334368  11612   4660 R  52.9   0.0 210:40.67 python
3094549 ceo4586   20   0  334368  11612   4660 R  52.9   0.0 210:40.10 python
3094554 ceo4586   20   0  334368  11572   4620 R  52.9   0.0 210:39.85 python
3094562 ceo4586   20   0  334368  11524   4632 R  52.9   0.0 210:39.97 python
3094564 ceo4586   20   0  334368  11796   4660 R  52.9   0.0 210:39.40 python
3094575 ceo4586   20   0  334368   9788   4660 R  52.9   0.0 210:38.46 python
3094480 ceo4586   20   0  334368  19564   4724 R  47.1   0.0 210:40.12 python
3094483 ceo4586   20   0  334368  19424   4660 R  47.1   0.0 210:41.46 python
3094484 ceo4586   20   0  334368  19392   4632 R  47.1   0.0 210:41.22 python
3094485 ceo4586   20   0  334368  11396   4632 R  47.1   0.0 210:39.85 python
3094486 ceo4586   20   0  334368  19384   4632 R  47.1   0.0 210:40.82 python
3094491 ceo4586   20   0  334368  11696   4660 R  47.1   0.0 210:40.08 python
3094493 ceo4586   20   0  334368  19388   4632 R  47.1   0.0 210:39.75 python
3094494 ceo4586   20   0  334368  11476   4620 R  47.1   0.0 210:41.23 python
3094495 ceo4586   20   0  334368  19292   4660 R  47.1   0.0 210:32.49 python
3094496 ceo4586   20   0  334368  19404   4660 R  47.1   0.0 210:39.49 python
3094497 ceo4586   20   0  334368  19344   4660 R  47.1   0.0 210:40.68 python
3094498 ceo4586   20   0  334368  19372   4632 R  47.1   0.0 210:40.27 python
===== BACKGROUND CHECKJOB MONITOR LOG =====
===== checkjob (interval) at Fri Jul 25 19:31:27 CDT 2025 =====
--------------------------------------------------------------------------------
JOB INFORMATION 
--------------------------------------------------------------------------------
JobId=9901383 ArrayJobId=9900632 ArrayTaskId=254 JobName=experiment_sim
   UserId=tbr0780(3229) GroupId=tbr0780(4023) MCS_label=N/A
   Priority=20130 Nice=0 Account=p32397 QOS=normal
   JobState=RUNNING Reason=None Dependency=(null)
   Requeue=0 Restarts=0 BatchFlag=1 Reboot=0 ExitCode=0:0
   RunTime=00:01:22 TimeLimit=02:00:00 TimeMin=N/A
   SubmitTime=2025-07-25T19:18:16 EligibleTime=2025-07-25T19:18:19
   AccrueTime=2025-07-25T19:18:19
   StartTime=2025-07-25T19:30:06 EndTime=2025-07-25T21:30:06 Deadline=N/A
   SuspendTime=None SecsPreSuspend=0 LastSchedEval=2025-07-25T19:30:06 Scheduler=Main
   Partition=short AllocNode:Sid=quser32:3020972
   ReqNodeList=(null) ExcNodeList=(null)
   NodeList=qnode3059
   BatchHost=qnode3059
   NumNodes=1 NumCPUs=64 NumTasks=64 CPUs/Task=1 ReqB:S:C:T=0:0:*:*
   ReqTRES=cpu=64,mem=32000M,node=1,billing=288
   AllocTRES=cpu=64,mem=32000M,node=1,billing=288
   Socks/Node=* NtasksPerN:B:S:C=64:0:*:* CoreSpec=*
   MinCPUsNode=64 MinMemoryCPU=500M MinTmpDiskNode=0
   Features=[quest10|quest11|quest12|quest13] DelayBoot=00:00:00
   OverSubscribe=OK Contiguous=0 Licenses=(null) Network=(null)
   Command=/gpfs/home/tbr0780/ILForge/common/bash/launch_experiment.sh
   WorkDir=/gpfs/home/tbr0780/ILForge
   StdErr=/dev/null
   StdIn=/dev/null
   StdOut=/dev/null
   MailUser=timothyruel2024@u.northwestern.edu MailType=INVALID_DEPEND,BEGIN,END,FAIL,REQUEUE,STAGE_OUT
   
--------------------------------------------------------------------------------
JOB EFFICIENCY 
--------------------------------------------------------------------------------
Job efficiency will be calculated after the job has completed.
===== checkjob (interval) at Fri Jul 25 19:31:58 CDT 2025 =====
--------------------------------------------------------------------------------
JOB INFORMATION 
--------------------------------------------------------------------------------
JobId=9901383 ArrayJobId=9900632 ArrayTaskId=254 JobName=experiment_sim
   UserId=tbr0780(3229) GroupId=tbr0780(4023) MCS_label=N/A
   Priority=20130 Nice=0 Account=p32397 QOS=normal
   JobState=RUNNING Reason=None Dependency=(null)
   Requeue=0 Restarts=0 BatchFlag=1 Reboot=0 ExitCode=0:0
   RunTime=00:01:53 TimeLimit=02:00:00 TimeMin=N/A
   SubmitTime=2025-07-25T19:18:16 EligibleTime=2025-07-25T19:18:19
   AccrueTime=2025-07-25T19:18:19
   StartTime=2025-07-25T19:30:06 EndTime=2025-07-25T21:30:06 Deadline=N/A
   SuspendTime=None SecsPreSuspend=0 LastSchedEval=2025-07-25T19:30:06 Scheduler=Main
   Partition=short AllocNode:Sid=quser32:3020972
   ReqNodeList=(null) ExcNodeList=(null)
   NodeList=qnode3059
   BatchHost=qnode3059
   NumNodes=1 NumCPUs=64 NumTasks=64 CPUs/Task=1 ReqB:S:C:T=0:0:*:*
   ReqTRES=cpu=64,mem=32000M,node=1,billing=288
   AllocTRES=cpu=64,mem=32000M,node=1,billing=288
   Socks/Node=* NtasksPerN:B:S:C=64:0:*:* CoreSpec=*
   MinCPUsNode=64 MinMemoryCPU=500M MinTmpDiskNode=0
   Features=[quest10|quest11|quest12|quest13] DelayBoot=00:00:00
   OverSubscribe=OK Contiguous=0 Licenses=(null) Network=(null)
   Command=/gpfs/home/tbr0780/ILForge/common/bash/launch_experiment.sh
   WorkDir=/gpfs/home/tbr0780/ILForge
   StdErr=/dev/null
   StdIn=/dev/null
   StdOut=/dev/null
   MailUser=timothyruel2024@u.northwestern.edu MailType=INVALID_DEPEND,BEGIN,END,FAIL,REQUEUE,STAGE_OUT
   
--------------------------------------------------------------------------------
JOB EFFICIENCY 
--------------------------------------------------------------------------------
Job efficiency will be calculated after the job has completed.
