📌 Logging to experiments/exp_v2.0.0/simulations/sim_01/iter_0034/logs/slurm_log.out
🔁 Running Iteration 34 of Simulation sim_01 in Experiment exp_v2.0.0 (multinomial_logistic_regression / shared_effect) with 64 cores...
[INFO] No true parameters found — generating...
[✓] Saved theta_0 to: /gpfs/home/tbr0780/ILForge/experiments/exp_v2.0.0/true_params
Generating data...
[INFO] Loading theta_0 from: /gpfs/home/tbr0780/ILForge/experiments/exp_v2.0.0/true_params/theta_0.rds
[INFO] Generating new data for iteration: iter_0034
✅ Balanced dataset generated on try 7
[✓] Saved config snapshot to: /gpfs/home/tbr0780/ILForge/experiments/exp_v2.0.0/simulations/sim_01/iter_0034/config_snapshot.yml
Executing iteration...
🔍 Running integrated likelihood...
✅ Integrated likelihood complete (4.93 min)
📈 Running profile likelihood...
✅ Profile likelihood complete (0.48 min)
⏱️  Total experiment time: 5.44 minutes
✓ Experiment results saved to /experiments/exp_v2.0.0/simulations/sim_01/iter_0034/results
✓ Iteration completed
✅ SLURM iteration complete: iter_0034
===== FINAL DIAGNOSTICS for Job 9115417 =====
Job ID: 9115417
Array Job ID: 9115375_33
Cluster: quest
User/Group: tbr0780/tbr0780
State: RUNNING
Nodes: 1
Cores per node: 64
CPU Utilized: 00:00:00
CPU Efficiency: 0.00% of 07:47:12 core-walltime
Job Wall-clock time: 00:07:18
Memory Utilized: 0.00 MB (estimated maximum)
Memory Efficiency: 0.00% of 31.25 GB (500.00 MB/core)
WARNING: Efficiency statistics may be misleading for RUNNING jobs.
--------------------------------------------------------------------------------
JOB INFORMATION 
--------------------------------------------------------------------------------
JobId=9115417 ArrayJobId=9115375 ArrayTaskId=33 JobName=experiment_sim
   UserId=tbr0780(3229) GroupId=tbr0780(4023) MCS_label=N/A
   Priority=20974 Nice=0 Account=p32397 QOS=normal
   JobState=RUNNING Reason=None Dependency=(null)
   Requeue=0 Restarts=0 BatchFlag=1 Reboot=0 ExitCode=0:0
   RunTime=00:07:18 TimeLimit=02:00:00 TimeMin=N/A
   SubmitTime=2025-07-20T15:11:26 EligibleTime=2025-07-20T15:11:28
   AccrueTime=2025-07-20T15:11:28
   StartTime=2025-07-20T15:12:19 EndTime=2025-07-20T17:12:19 Deadline=N/A
   SuspendTime=None SecsPreSuspend=0 LastSchedEval=2025-07-20T15:12:19 Scheduler=Main
   Partition=short AllocNode:Sid=quser44:2698839
   ReqNodeList=(null) ExcNodeList=(null)
   NodeList=qnode2058
   BatchHost=qnode2058
   NumNodes=1 NumCPUs=64 NumTasks=64 CPUs/Task=1 ReqB:S:C:T=0:0:*:*
   ReqTRES=cpu=64,mem=32000M,node=1,billing=288
   AllocTRES=cpu=64,mem=32000M,node=1,billing=288
   Socks/Node=* NtasksPerN:B:S:C=64:0:*:* CoreSpec=*
   MinCPUsNode=64 MinMemoryCPU=500M MinTmpDiskNode=0
   Features=[quest10|quest11|quest12|quest13] DelayBoot=00:00:00
   OverSubscribe=OK Contiguous=0 Licenses=(null) Network=(null)
   Command=/gpfs/home/tbr0780/ILForge/common/bash/launch_experiment.sh
   WorkDir=/gpfs/home/tbr0780/ILForge
   StdErr=/dev/null
   StdIn=/dev/null
   StdOut=/dev/null
   MailUser=timothyruel2024@u.northwestern.edu MailType=INVALID_DEPEND,BEGIN,END,FAIL,REQUEUE,STAGE_OUT
   
--------------------------------------------------------------------------------
JOB EFFICIENCY 
--------------------------------------------------------------------------------
Job efficiency will be calculated after the job has completed.
JobID                     JobName    Elapsed     MaxRSS     ReqMem  AllocCPUS      State 
------------ -------------------- ---------- ---------- ---------- ---------- ---------- 
9115375_33         experiment_sim   00:07:19                32000M         64    RUNNING 
9115375_33.+                batch   00:07:19                               64    RUNNING 
9115375_33.+               extern   00:07:19                               64    RUNNING 
              total        used        free      shared  buff/cache   available
Mem:          251Gi        22Gi       221Gi       6.3Gi       8.0Gi       218Gi
Swap:          31Gi       709Mi        31Gi
 15:19:38 up 118 days, 20:08,  0 users,  load average: 29.76, 33.73, 16.10
top - 15:19:38 up 118 days, 20:08,  0 users,  load average: 29.76, 33.73, 16.10
Tasks: 723 total,   1 running, 722 sleeping,   0 stopped,   0 zombie
%Cpu(s):  0.1 us,  0.2 sy,  0.0 ni, 99.7 id,  0.0 wa,  0.0 hi,  0.0 si,  0.0 st
MiB Mem : 257574.3 total, 226380.8 free,  22977.7 used,   8215.8 buff/cache
MiB Swap:  32768.0 total,  32058.8 free,    709.2 used. 223804.1 avail Mem 

    PID USER      PR  NI    VIRT    RES    SHR S  %CPU  %MEM     TIME+ COMMAND
   9044 splunkf+  20   0  897416 395888  43832 S   6.2   0.2 208:29.40 splunkd
2953547 tbr0780   20   0  270064   5412   3808 R   6.2   0.0   0:00.06 top
      1 root      20   0  238384  11428   8628 S   0.0   0.0   4:01.15 systemd
      2 root      20   0       0      0      0 S   0.0   0.0   0:03.62 kthreadd
      3 root       0 -20       0      0      0 I   0.0   0.0   0:00.00 rcu_gp
      4 root       0 -20       0      0      0 I   0.0   0.0   0:00.00 rcu_par+
      5 root       0 -20       0      0      0 I   0.0   0.0   0:00.00 slub_fl+
      7 root       0 -20       0      0      0 I   0.0   0.0   0:00.00 kworker+
     11 root       0 -20       0      0      0 I   0.0   0.0   0:00.00 mm_perc+
     12 root      20   0       0      0      0 S   0.0   0.0   0:00.00 rcu_tas+
     13 root      20   0       0      0      0 S   0.0   0.0   0:00.00 rcu_tas+
     14 root      20   0       0      0      0 S   0.0   0.0   0:29.11 ksoftir+
     15 root      20   0       0      0      0 I   0.0   0.0  43:09.35 rcu_sch+
     16 root      rt   0       0      0      0 S   0.0   0.0   0:06.81 migrati+
     17 root      rt   0       0      0      0 S   0.0   0.0   0:01.41 watchdo+
     18 root      20   0       0      0      0 S   0.0   0.0   0:00.02 cpuhp/0
     19 root      20   0       0      0      0 S   0.0   0.0   0:00.00 cpuhp/1
     20 root      rt   0       0      0      0 S   0.0   0.0   0:03.57 watchdo+
     21 root      rt   0       0      0      0 S   0.0   0.0   0:05.10 migrati+
     22 root      20   0       0      0      0 S   0.0   0.0   0:14.17 ksoftir+
     24 root       0 -20       0      0      0 I   0.0   0.0   0:00.00 kworker+
     25 root      20   0       0      0      0 S   0.0   0.0   0:00.00 cpuhp/2
     26 root      rt   0       0      0      0 S   0.0   0.0   0:03.29 watchdo+
     27 root      rt   0       0      0      0 S   0.0   0.0   0:04.57 migrati+
     28 root      20   0       0      0      0 S   0.0   0.0   0:12.60 ksoftir+
     30 root       0 -20       0      0      0 I   0.0   0.0   0:00.00 kworker+
     31 root      20   0       0      0      0 S   0.0   0.0   0:00.00 cpuhp/3
     32 root      rt   0       0      0      0 S   0.0   0.0   0:03.19 watchdo+
     33 root      rt   0       0      0      0 S   0.0   0.0   0:04.34 migrati+
     34 root      20   0       0      0      0 S   0.0   0.0   0:08.62 ksoftir+
     36 root       0 -20       0      0      0 I   0.0   0.0   0:00.00 kworker+
     37 root      20   0       0      0      0 S   0.0   0.0   0:00.00 cpuhp/4
     38 root      rt   0       0      0      0 S   0.0   0.0   0:03.20 watchdo+
===== BACKGROUND CHECKJOB MONITOR LOG =====
===== checkjob (interval) at Sun Jul 20 15:13:56 CDT 2025 =====
--------------------------------------------------------------------------------
JOB INFORMATION 
--------------------------------------------------------------------------------
JobId=9115417 ArrayJobId=9115375 ArrayTaskId=33 JobName=experiment_sim
   UserId=tbr0780(3229) GroupId=tbr0780(4023) MCS_label=N/A
   Priority=20974 Nice=0 Account=p32397 QOS=normal
   JobState=RUNNING Reason=None Dependency=(null)
   Requeue=0 Restarts=0 BatchFlag=1 Reboot=0 ExitCode=0:0
   RunTime=00:01:41 TimeLimit=02:00:00 TimeMin=N/A
   SubmitTime=2025-07-20T15:11:26 EligibleTime=2025-07-20T15:11:28
   AccrueTime=2025-07-20T15:11:28
   StartTime=2025-07-20T15:12:19 EndTime=2025-07-20T17:12:19 Deadline=N/A
   SuspendTime=None SecsPreSuspend=0 LastSchedEval=2025-07-20T15:12:19 Scheduler=Main
   Partition=short AllocNode:Sid=quser44:2698839
   ReqNodeList=(null) ExcNodeList=(null)
   NodeList=qnode2058
   BatchHost=qnode2058
   NumNodes=1 NumCPUs=64 NumTasks=64 CPUs/Task=1 ReqB:S:C:T=0:0:*:*
   ReqTRES=cpu=64,mem=32000M,node=1,billing=288
   AllocTRES=cpu=64,mem=32000M,node=1,billing=288
   Socks/Node=* NtasksPerN:B:S:C=64:0:*:* CoreSpec=*
   MinCPUsNode=64 MinMemoryCPU=500M MinTmpDiskNode=0
   Features=[quest10|quest11|quest12|quest13] DelayBoot=00:00:00
   OverSubscribe=OK Contiguous=0 Licenses=(null) Network=(null)
   Command=/gpfs/home/tbr0780/ILForge/common/bash/launch_experiment.sh
   WorkDir=/gpfs/home/tbr0780/ILForge
   StdErr=/dev/null
   StdIn=/dev/null
   StdOut=/dev/null
   MailUser=timothyruel2024@u.northwestern.edu MailType=INVALID_DEPEND,BEGIN,END,FAIL,REQUEUE,STAGE_OUT
   
--------------------------------------------------------------------------------
JOB EFFICIENCY 
--------------------------------------------------------------------------------
Job efficiency will be calculated after the job has completed.
===== checkjob (interval) at Sun Jul 20 15:14:30 CDT 2025 =====
--------------------------------------------------------------------------------
JOB INFORMATION 
--------------------------------------------------------------------------------
JobId=9115417 ArrayJobId=9115375 ArrayTaskId=33 JobName=experiment_sim
   UserId=tbr0780(3229) GroupId=tbr0780(4023) MCS_label=N/A
   Priority=20974 Nice=0 Account=p32397 QOS=normal
   JobState=RUNNING Reason=None Dependency=(null)
   Requeue=0 Restarts=0 BatchFlag=1 Reboot=0 ExitCode=0:0
   RunTime=00:02:12 TimeLimit=02:00:00 TimeMin=N/A
   SubmitTime=2025-07-20T15:11:26 EligibleTime=2025-07-20T15:11:28
   AccrueTime=2025-07-20T15:11:28
   StartTime=2025-07-20T15:12:19 EndTime=2025-07-20T17:12:19 Deadline=N/A
   SuspendTime=None SecsPreSuspend=0 LastSchedEval=2025-07-20T15:12:19 Scheduler=Main
   Partition=short AllocNode:Sid=quser44:2698839
   ReqNodeList=(null) ExcNodeList=(null)
   NodeList=qnode2058
   BatchHost=qnode2058
   NumNodes=1 NumCPUs=64 NumTasks=64 CPUs/Task=1 ReqB:S:C:T=0:0:*:*
   ReqTRES=cpu=64,mem=32000M,node=1,billing=288
   AllocTRES=cpu=64,mem=32000M,node=1,billing=288
   Socks/Node=* NtasksPerN:B:S:C=64:0:*:* CoreSpec=*
   MinCPUsNode=64 MinMemoryCPU=500M MinTmpDiskNode=0
   Features=[quest10|quest11|quest12|quest13] DelayBoot=00:00:00
   OverSubscribe=OK Contiguous=0 Licenses=(null) Network=(null)
   Command=/gpfs/home/tbr0780/ILForge/common/bash/launch_experiment.sh
   WorkDir=/gpfs/home/tbr0780/ILForge
   StdErr=/dev/null
   StdIn=/dev/null
   StdOut=/dev/null
   MailUser=timothyruel2024@u.northwestern.edu MailType=INVALID_DEPEND,BEGIN,END,FAIL,REQUEUE,STAGE_OUT
   
--------------------------------------------------------------------------------
JOB EFFICIENCY 
--------------------------------------------------------------------------------
Job efficiency will be calculated after the job has completed.
===== checkjob (interval) at Sun Jul 20 15:15:03 CDT 2025 =====
--------------------------------------------------------------------------------
JOB INFORMATION 
--------------------------------------------------------------------------------
JobId=9115417 ArrayJobId=9115375 ArrayTaskId=33 JobName=experiment_sim
   UserId=tbr0780(3229) GroupId=tbr0780(4023) MCS_label=N/A
   Priority=20974 Nice=0 Account=p32397 QOS=normal
   JobState=RUNNING Reason=None Dependency=(null)
   Requeue=0 Restarts=0 BatchFlag=1 Reboot=0 ExitCode=0:0
   RunTime=00:02:44 TimeLimit=02:00:00 TimeMin=N/A
   SubmitTime=2025-07-20T15:11:26 EligibleTime=2025-07-20T15:11:28
   AccrueTime=2025-07-20T15:11:28
   StartTime=2025-07-20T15:12:19 EndTime=2025-07-20T17:12:19 Deadline=N/A
   SuspendTime=None SecsPreSuspend=0 LastSchedEval=2025-07-20T15:12:19 Scheduler=Main
   Partition=short AllocNode:Sid=quser44:2698839
   ReqNodeList=(null) ExcNodeList=(null)
   NodeList=qnode2058
   BatchHost=qnode2058
   NumNodes=1 NumCPUs=64 NumTasks=64 CPUs/Task=1 ReqB:S:C:T=0:0:*:*
   ReqTRES=cpu=64,mem=32000M,node=1,billing=288
   AllocTRES=cpu=64,mem=32000M,node=1,billing=288
   Socks/Node=* NtasksPerN:B:S:C=64:0:*:* CoreSpec=*
   MinCPUsNode=64 MinMemoryCPU=500M MinTmpDiskNode=0
   Features=[quest10|quest11|quest12|quest13] DelayBoot=00:00:00
   OverSubscribe=OK Contiguous=0 Licenses=(null) Network=(null)
   Command=/gpfs/home/tbr0780/ILForge/common/bash/launch_experiment.sh
   WorkDir=/gpfs/home/tbr0780/ILForge
   StdErr=/dev/null
   StdIn=/dev/null
   StdOut=/dev/null
   MailUser=timothyruel2024@u.northwestern.edu MailType=INVALID_DEPEND,BEGIN,END,FAIL,REQUEUE,STAGE_OUT
   
--------------------------------------------------------------------------------
JOB EFFICIENCY 
--------------------------------------------------------------------------------
Job efficiency will be calculated after the job has completed.
===== checkjob (interval) at Sun Jul 20 15:15:34 CDT 2025 =====
--------------------------------------------------------------------------------
JOB INFORMATION 
--------------------------------------------------------------------------------
JobId=9115417 ArrayJobId=9115375 ArrayTaskId=33 JobName=experiment_sim
   UserId=tbr0780(3229) GroupId=tbr0780(4023) MCS_label=N/A
   Priority=20974 Nice=0 Account=p32397 QOS=normal
   JobState=RUNNING Reason=None Dependency=(null)
   Requeue=0 Restarts=0 BatchFlag=1 Reboot=0 ExitCode=0:0
   RunTime=00:03:17 TimeLimit=02:00:00 TimeMin=N/A
   SubmitTime=2025-07-20T15:11:26 EligibleTime=2025-07-20T15:11:28
   AccrueTime=2025-07-20T15:11:28
   StartTime=2025-07-20T15:12:19 EndTime=2025-07-20T17:12:19 Deadline=N/A
   SuspendTime=None SecsPreSuspend=0 LastSchedEval=2025-07-20T15:12:19 Scheduler=Main
   Partition=short AllocNode:Sid=quser44:2698839
   ReqNodeList=(null) ExcNodeList=(null)
   NodeList=qnode2058
   BatchHost=qnode2058
   NumNodes=1 NumCPUs=64 NumTasks=64 CPUs/Task=1 ReqB:S:C:T=0:0:*:*
   ReqTRES=cpu=64,mem=32000M,node=1,billing=288
   AllocTRES=cpu=64,mem=32000M,node=1,billing=288
   Socks/Node=* NtasksPerN:B:S:C=64:0:*:* CoreSpec=*
   MinCPUsNode=64 MinMemoryCPU=500M MinTmpDiskNode=0
   Features=[quest10|quest11|quest12|quest13] DelayBoot=00:00:00
   OverSubscribe=OK Contiguous=0 Licenses=(null) Network=(null)
   Command=/gpfs/home/tbr0780/ILForge/common/bash/launch_experiment.sh
   WorkDir=/gpfs/home/tbr0780/ILForge
   StdErr=/dev/null
   StdIn=/dev/null
   StdOut=/dev/null
   MailUser=timothyruel2024@u.northwestern.edu MailType=INVALID_DEPEND,BEGIN,END,FAIL,REQUEUE,STAGE_OUT
   
--------------------------------------------------------------------------------
JOB EFFICIENCY 
--------------------------------------------------------------------------------
Job efficiency will be calculated after the job has completed.
===== checkjob (interval) at Sun Jul 20 15:16:09 CDT 2025 =====
--------------------------------------------------------------------------------
JOB INFORMATION 
--------------------------------------------------------------------------------
JobId=9115417 ArrayJobId=9115375 ArrayTaskId=33 JobName=experiment_sim
   UserId=tbr0780(3229) GroupId=tbr0780(4023) MCS_label=N/A
   Priority=20974 Nice=0 Account=p32397 QOS=normal
   JobState=RUNNING Reason=None Dependency=(null)
   Requeue=0 Restarts=0 BatchFlag=1 Reboot=0 ExitCode=0:0
   RunTime=00:03:50 TimeLimit=02:00:00 TimeMin=N/A
   SubmitTime=2025-07-20T15:11:26 EligibleTime=2025-07-20T15:11:28
   AccrueTime=2025-07-20T15:11:28
   StartTime=2025-07-20T15:12:19 EndTime=2025-07-20T17:12:19 Deadline=N/A
   SuspendTime=None SecsPreSuspend=0 LastSchedEval=2025-07-20T15:12:19 Scheduler=Main
   Partition=short AllocNode:Sid=quser44:2698839
   ReqNodeList=(null) ExcNodeList=(null)
   NodeList=qnode2058
   BatchHost=qnode2058
   NumNodes=1 NumCPUs=64 NumTasks=64 CPUs/Task=1 ReqB:S:C:T=0:0:*:*
   ReqTRES=cpu=64,mem=32000M,node=1,billing=288
   AllocTRES=cpu=64,mem=32000M,node=1,billing=288
   Socks/Node=* NtasksPerN:B:S:C=64:0:*:* CoreSpec=*
   MinCPUsNode=64 MinMemoryCPU=500M MinTmpDiskNode=0
   Features=[quest10|quest11|quest12|quest13] DelayBoot=00:00:00
   OverSubscribe=OK Contiguous=0 Licenses=(null) Network=(null)
   Command=/gpfs/home/tbr0780/ILForge/common/bash/launch_experiment.sh
   WorkDir=/gpfs/home/tbr0780/ILForge
   StdErr=/dev/null
   StdIn=/dev/null
   StdOut=/dev/null
   MailUser=timothyruel2024@u.northwestern.edu MailType=INVALID_DEPEND,BEGIN,END,FAIL,REQUEUE,STAGE_OUT
   
--------------------------------------------------------------------------------
JOB EFFICIENCY 
--------------------------------------------------------------------------------
Job efficiency will be calculated after the job has completed.
===== checkjob (interval) at Sun Jul 20 15:16:42 CDT 2025 =====
--------------------------------------------------------------------------------
JOB INFORMATION 
--------------------------------------------------------------------------------
JobId=9115417 ArrayJobId=9115375 ArrayTaskId=33 JobName=experiment_sim
   UserId=tbr0780(3229) GroupId=tbr0780(4023) MCS_label=N/A
   Priority=20974 Nice=0 Account=p32397 QOS=normal
   JobState=RUNNING Reason=None Dependency=(null)
   Requeue=0 Restarts=0 BatchFlag=1 Reboot=0 ExitCode=0:0
   RunTime=00:04:23 TimeLimit=02:00:00 TimeMin=N/A
   SubmitTime=2025-07-20T15:11:26 EligibleTime=2025-07-20T15:11:28
   AccrueTime=2025-07-20T15:11:28
   StartTime=2025-07-20T15:12:19 EndTime=2025-07-20T17:12:19 Deadline=N/A
   SuspendTime=None SecsPreSuspend=0 LastSchedEval=2025-07-20T15:12:19 Scheduler=Main
   Partition=short AllocNode:Sid=quser44:2698839
   ReqNodeList=(null) ExcNodeList=(null)
   NodeList=qnode2058
   BatchHost=qnode2058
   NumNodes=1 NumCPUs=64 NumTasks=64 CPUs/Task=1 ReqB:S:C:T=0:0:*:*
   ReqTRES=cpu=64,mem=32000M,node=1,billing=288
   AllocTRES=cpu=64,mem=32000M,node=1,billing=288
   Socks/Node=* NtasksPerN:B:S:C=64:0:*:* CoreSpec=*
   MinCPUsNode=64 MinMemoryCPU=500M MinTmpDiskNode=0
   Features=[quest10|quest11|quest12|quest13] DelayBoot=00:00:00
   OverSubscribe=OK Contiguous=0 Licenses=(null) Network=(null)
   Command=/gpfs/home/tbr0780/ILForge/common/bash/launch_experiment.sh
   WorkDir=/gpfs/home/tbr0780/ILForge
   StdErr=/dev/null
   StdIn=/dev/null
   StdOut=/dev/null
   MailUser=timothyruel2024@u.northwestern.edu MailType=INVALID_DEPEND,BEGIN,END,FAIL,REQUEUE,STAGE_OUT
   
--------------------------------------------------------------------------------
JOB EFFICIENCY 
--------------------------------------------------------------------------------
Job efficiency will be calculated after the job has completed.
===== checkjob (interval) at Sun Jul 20 15:17:15 CDT 2025 =====
--------------------------------------------------------------------------------
JOB INFORMATION 
--------------------------------------------------------------------------------
JobId=9115417 ArrayJobId=9115375 ArrayTaskId=33 JobName=experiment_sim
   UserId=tbr0780(3229) GroupId=tbr0780(4023) MCS_label=N/A
   Priority=20974 Nice=0 Account=p32397 QOS=normal
   JobState=RUNNING Reason=None Dependency=(null)
   Requeue=0 Restarts=0 BatchFlag=1 Reboot=0 ExitCode=0:0
   RunTime=00:04:56 TimeLimit=02:00:00 TimeMin=N/A
   SubmitTime=2025-07-20T15:11:26 EligibleTime=2025-07-20T15:11:28
   AccrueTime=2025-07-20T15:11:28
   StartTime=2025-07-20T15:12:19 EndTime=2025-07-20T17:12:19 Deadline=N/A
   SuspendTime=None SecsPreSuspend=0 LastSchedEval=2025-07-20T15:12:19 Scheduler=Main
   Partition=short AllocNode:Sid=quser44:2698839
   ReqNodeList=(null) ExcNodeList=(null)
   NodeList=qnode2058
   BatchHost=qnode2058
   NumNodes=1 NumCPUs=64 NumTasks=64 CPUs/Task=1 ReqB:S:C:T=0:0:*:*
   ReqTRES=cpu=64,mem=32000M,node=1,billing=288
   AllocTRES=cpu=64,mem=32000M,node=1,billing=288
   Socks/Node=* NtasksPerN:B:S:C=64:0:*:* CoreSpec=*
   MinCPUsNode=64 MinMemoryCPU=500M MinTmpDiskNode=0
   Features=[quest10|quest11|quest12|quest13] DelayBoot=00:00:00
   OverSubscribe=OK Contiguous=0 Licenses=(null) Network=(null)
   Command=/gpfs/home/tbr0780/ILForge/common/bash/launch_experiment.sh
   WorkDir=/gpfs/home/tbr0780/ILForge
   StdErr=/dev/null
   StdIn=/dev/null
   StdOut=/dev/null
   MailUser=timothyruel2024@u.northwestern.edu MailType=INVALID_DEPEND,BEGIN,END,FAIL,REQUEUE,STAGE_OUT
   
--------------------------------------------------------------------------------
JOB EFFICIENCY 
--------------------------------------------------------------------------------
Job efficiency will be calculated after the job has completed.
===== checkjob (interval) at Sun Jul 20 15:17:48 CDT 2025 =====
--------------------------------------------------------------------------------
JOB INFORMATION 
--------------------------------------------------------------------------------
JobId=9115417 ArrayJobId=9115375 ArrayTaskId=33 JobName=experiment_sim
   UserId=tbr0780(3229) GroupId=tbr0780(4023) MCS_label=N/A
   Priority=20974 Nice=0 Account=p32397 QOS=normal
   JobState=RUNNING Reason=None Dependency=(null)
   Requeue=0 Restarts=0 BatchFlag=1 Reboot=0 ExitCode=0:0
   RunTime=00:05:29 TimeLimit=02:00:00 TimeMin=N/A
   SubmitTime=2025-07-20T15:11:26 EligibleTime=2025-07-20T15:11:28
   AccrueTime=2025-07-20T15:11:28
   StartTime=2025-07-20T15:12:19 EndTime=2025-07-20T17:12:19 Deadline=N/A
   SuspendTime=None SecsPreSuspend=0 LastSchedEval=2025-07-20T15:12:19 Scheduler=Main
   Partition=short AllocNode:Sid=quser44:2698839
   ReqNodeList=(null) ExcNodeList=(null)
   NodeList=qnode2058
   BatchHost=qnode2058
   NumNodes=1 NumCPUs=64 NumTasks=64 CPUs/Task=1 ReqB:S:C:T=0:0:*:*
   ReqTRES=cpu=64,mem=32000M,node=1,billing=288
   AllocTRES=cpu=64,mem=32000M,node=1,billing=288
   Socks/Node=* NtasksPerN:B:S:C=64:0:*:* CoreSpec=*
   MinCPUsNode=64 MinMemoryCPU=500M MinTmpDiskNode=0
   Features=[quest10|quest11|quest12|quest13] DelayBoot=00:00:00
   OverSubscribe=OK Contiguous=0 Licenses=(null) Network=(null)
   Command=/gpfs/home/tbr0780/ILForge/common/bash/launch_experiment.sh
   WorkDir=/gpfs/home/tbr0780/ILForge
   StdErr=/dev/null
   StdIn=/dev/null
   StdOut=/dev/null
   MailUser=timothyruel2024@u.northwestern.edu MailType=INVALID_DEPEND,BEGIN,END,FAIL,REQUEUE,STAGE_OUT
   
--------------------------------------------------------------------------------
JOB EFFICIENCY 
--------------------------------------------------------------------------------
Job efficiency will be calculated after the job has completed.
===== checkjob (interval) at Sun Jul 20 15:18:21 CDT 2025 =====
--------------------------------------------------------------------------------
JOB INFORMATION 
--------------------------------------------------------------------------------
JobId=9115417 ArrayJobId=9115375 ArrayTaskId=33 JobName=experiment_sim
   UserId=tbr0780(3229) GroupId=tbr0780(4023) MCS_label=N/A
   Priority=20974 Nice=0 Account=p32397 QOS=normal
   JobState=RUNNING Reason=None Dependency=(null)
   Requeue=0 Restarts=0 BatchFlag=1 Reboot=0 ExitCode=0:0
   RunTime=00:06:02 TimeLimit=02:00:00 TimeMin=N/A
   SubmitTime=2025-07-20T15:11:26 EligibleTime=2025-07-20T15:11:28
   AccrueTime=2025-07-20T15:11:28
   StartTime=2025-07-20T15:12:19 EndTime=2025-07-20T17:12:19 Deadline=N/A
   SuspendTime=None SecsPreSuspend=0 LastSchedEval=2025-07-20T15:12:19 Scheduler=Main
   Partition=short AllocNode:Sid=quser44:2698839
   ReqNodeList=(null) ExcNodeList=(null)
   NodeList=qnode2058
   BatchHost=qnode2058
   NumNodes=1 NumCPUs=64 NumTasks=64 CPUs/Task=1 ReqB:S:C:T=0:0:*:*
   ReqTRES=cpu=64,mem=32000M,node=1,billing=288
   AllocTRES=cpu=64,mem=32000M,node=1,billing=288
   Socks/Node=* NtasksPerN:B:S:C=64:0:*:* CoreSpec=*
   MinCPUsNode=64 MinMemoryCPU=500M MinTmpDiskNode=0
   Features=[quest10|quest11|quest12|quest13] DelayBoot=00:00:00
   OverSubscribe=OK Contiguous=0 Licenses=(null) Network=(null)
   Command=/gpfs/home/tbr0780/ILForge/common/bash/launch_experiment.sh
   WorkDir=/gpfs/home/tbr0780/ILForge
   StdErr=/dev/null
   StdIn=/dev/null
   StdOut=/dev/null
   MailUser=timothyruel2024@u.northwestern.edu MailType=INVALID_DEPEND,BEGIN,END,FAIL,REQUEUE,STAGE_OUT
   
--------------------------------------------------------------------------------
JOB EFFICIENCY 
--------------------------------------------------------------------------------
Job efficiency will be calculated after the job has completed.
===== checkjob (interval) at Sun Jul 20 15:18:56 CDT 2025 =====
--------------------------------------------------------------------------------
JOB INFORMATION 
--------------------------------------------------------------------------------
JobId=9115417 ArrayJobId=9115375 ArrayTaskId=33 JobName=experiment_sim
   UserId=tbr0780(3229) GroupId=tbr0780(4023) MCS_label=N/A
   Priority=20974 Nice=0 Account=p32397 QOS=normal
   JobState=RUNNING Reason=None Dependency=(null)
   Requeue=0 Restarts=0 BatchFlag=1 Reboot=0 ExitCode=0:0
   RunTime=00:06:37 TimeLimit=02:00:00 TimeMin=N/A
   SubmitTime=2025-07-20T15:11:26 EligibleTime=2025-07-20T15:11:28
   AccrueTime=2025-07-20T15:11:28
   StartTime=2025-07-20T15:12:19 EndTime=2025-07-20T17:12:19 Deadline=N/A
   SuspendTime=None SecsPreSuspend=0 LastSchedEval=2025-07-20T15:12:19 Scheduler=Main
   Partition=short AllocNode:Sid=quser44:2698839
   ReqNodeList=(null) ExcNodeList=(null)
   NodeList=qnode2058
   BatchHost=qnode2058
   NumNodes=1 NumCPUs=64 NumTasks=64 CPUs/Task=1 ReqB:S:C:T=0:0:*:*
   ReqTRES=cpu=64,mem=32000M,node=1,billing=288
   AllocTRES=cpu=64,mem=32000M,node=1,billing=288
   Socks/Node=* NtasksPerN:B:S:C=64:0:*:* CoreSpec=*
   MinCPUsNode=64 MinMemoryCPU=500M MinTmpDiskNode=0
   Features=[quest10|quest11|quest12|quest13] DelayBoot=00:00:00
   OverSubscribe=OK Contiguous=0 Licenses=(null) Network=(null)
   Command=/gpfs/home/tbr0780/ILForge/common/bash/launch_experiment.sh
   WorkDir=/gpfs/home/tbr0780/ILForge
   StdErr=/dev/null
   StdIn=/dev/null
   StdOut=/dev/null
   MailUser=timothyruel2024@u.northwestern.edu MailType=INVALID_DEPEND,BEGIN,END,FAIL,REQUEUE,STAGE_OUT
   
--------------------------------------------------------------------------------
JOB EFFICIENCY 
--------------------------------------------------------------------------------
Job efficiency will be calculated after the job has completed.
===== checkjob (interval) at Sun Jul 20 15:19:26 CDT 2025 =====
--------------------------------------------------------------------------------
JOB INFORMATION 
--------------------------------------------------------------------------------
JobId=9115417 ArrayJobId=9115375 ArrayTaskId=33 JobName=experiment_sim
   UserId=tbr0780(3229) GroupId=tbr0780(4023) MCS_label=N/A
   Priority=20974 Nice=0 Account=p32397 QOS=normal
   JobState=RUNNING Reason=None Dependency=(null)
   Requeue=0 Restarts=0 BatchFlag=1 Reboot=0 ExitCode=0:0
   RunTime=00:07:08 TimeLimit=02:00:00 TimeMin=N/A
   SubmitTime=2025-07-20T15:11:26 EligibleTime=2025-07-20T15:11:28
   AccrueTime=2025-07-20T15:11:28
   StartTime=2025-07-20T15:12:19 EndTime=2025-07-20T17:12:19 Deadline=N/A
   SuspendTime=None SecsPreSuspend=0 LastSchedEval=2025-07-20T15:12:19 Scheduler=Main
   Partition=short AllocNode:Sid=quser44:2698839
   ReqNodeList=(null) ExcNodeList=(null)
   NodeList=qnode2058
   BatchHost=qnode2058
   NumNodes=1 NumCPUs=64 NumTasks=64 CPUs/Task=1 ReqB:S:C:T=0:0:*:*
   ReqTRES=cpu=64,mem=32000M,node=1,billing=288
   AllocTRES=cpu=64,mem=32000M,node=1,billing=288
   Socks/Node=* NtasksPerN:B:S:C=64:0:*:* CoreSpec=*
   MinCPUsNode=64 MinMemoryCPU=500M MinTmpDiskNode=0
   Features=[quest10|quest11|quest12|quest13] DelayBoot=00:00:00
   OverSubscribe=OK Contiguous=0 Licenses=(null) Network=(null)
   Command=/gpfs/home/tbr0780/ILForge/common/bash/launch_experiment.sh
   WorkDir=/gpfs/home/tbr0780/ILForge
   StdErr=/dev/null
   StdIn=/dev/null
   StdOut=/dev/null
   MailUser=timothyruel2024@u.northwestern.edu MailType=INVALID_DEPEND,BEGIN,END,FAIL,REQUEUE,STAGE_OUT
   
--------------------------------------------------------------------------------
JOB EFFICIENCY 
--------------------------------------------------------------------------------
Job efficiency will be calculated after the job has completed.
